0001_0034_0013_0052_0052.jpg 1 34 13 52 52
0002_0048_0061_0028_0028.jpg 1 48 61 28 28
0003_0047_0045_0042_0042.jpg 1 47 45 42 42
0004_0049_0036_0043_0043.jpg 1 49 36 43 43
0005_0019_0032_0024_0024.jpg 1 19 32 24 24
0006_0041_0037_0048_0048.jpg 1 41 37 48 48
0007_0006_0015_0054_0054.jpg 1 6 15 54 54
0008_0048_0036_0042_0042.jpg 1 48 36 42 42
0009_0008_0013_0058_0058.jpg 1 8 13 58 58
0010_0031_0037_0050_0050.jpg 1 31 37 50 50
0011_0024_0017_0068_0068.jpg 1 24 17 68 68
0012_0013_0030_0059_0059.jpg 1 13 30 59 59
0013_0009_0017_0068_0068.jpg 1 9 17 68 68
0014_0021_0008_0061_0061.jpg 1 21 8 61 61
0015_0006_0027_0058_0058.jpg 1 6 27 58 58
0016_0024_0063_0027_0027.jpg 1 24 63 27 27
0017_0017_0013_0040_0040.jpg 1 17 13 40 40
0018_0018_0009_0056_0056.jpg 1 18 9 56 56
0019_0018_0023_0060_0060.jpg 1 18 23 60 60
0020_0044_0016_0050_0050.jpg 1 44 16 50 50
0021_0018_0021_0027_0027.jpg 1 18 21 27 27
0022_0036_0049_0024_0024.jpg 1 36 49 24 24
0023_0010_0038_0050_0050.jpg 1 10 38 50 50
0024_0035_0015_0042_0042.jpg 1 35 15 42 42
0025_0039_0020_0045_0045.jpg 1 39 20 45 45
0026_0021_0014_0037_0037.jpg 1 21 14 37 37
0027_0011_0040_0053_0053.jpg 1 11 40 53 53
0028_0050_0058_0033_0033.jpg 1 50 58 33 33
0029_0031_0020_0062_0062.jpg 1 31 20 62 62
0030_0021_0015_0063_0063.jpg 1 21 15 63 63
0031_0010_0029_0064_0064.jpg 1 10 29 64 64
0032_0029_0045_0030_0030.jpg 1 29 45 30 30
0033_0024_0010_0068_0068.jpg 1 24 10 68 68
0034_0059_0016_0028_0028.jpg 1 59 16 28 28
0035_0014_0032_0037_0037.jpg 1 14 32 37 37
0036_0016_0030_0056_0056.jpg 1 16 30 56 56
0037_0013_0039_0043_0043.jpg 1 13 39 43 43
0038_0024_0039_0044_0044.jpg 1 24 39 44 44
0039_0019_0017_0059_0059.jpg 1 19 17 59 59
0040_0048_0025_0033_0033.jpg 1 48 25 33 33
0041_0024_0005_0054_0054.jpg 1 24 5 54 54
0042_0041_0017_0051_0051.jpg 1 41 17 51 51
0043_0040_0026_0053_0053.jpg 1 40 26 53 53
0044_0023_0021_0057_0057.jpg 1 23 21 57 57
0045_0047_0010_0037_0037.jpg 1 47 10 37 37
0046_0006_0015_0061_0061.jpg 1 6 15 61 61
0047_0014_0014_0050_0050.jpg 1 14 14 50 50
0048_0027_0007_0054_0054.jpg 1 27 7 54 54
0049_0029_0016_0029_0029.jpg 1 29 16 29 29
0050_0033_0025_0057_0057.jpg 1 33 25 57 57
0051_0038_0032_0052_0052.jpg 1 38 32 52 52
0052_0029_0039_0040_0040.jpg 1 29 39 40 40
0053_0026_0026_0062_0062.jpg 1 26 26 62 62
0054_0008_0020_0024_0024.jpg 1 8 20 24 24
0055_0007_0006_0050_0050.jpg 1 7 6 50 50
0056_0009_0009_0059_0059.jpg 1 9 9 59 59
0057_0048_0018_0029_0029.jpg 1 48 18 29 29
0058_0024_0007_0068_0068.jpg 1 24 7 68 68
0059_0043_0013_0051_0051.jpg 1 43 13 51 51
0060_0015_0015_0049_0049.jpg 1 15 15 49 49
0061_0022_0018_0053_0053.jpg 1 22 18 53 53
0062_0009_0036_0048_0048.jpg 1 9 36 48 48
0063_0065_0020_0024_0024.jpg 1 65 20 24 24
0064_0023_0025_0055_0055.jpg 1 23 25 55 55
0065_0004_0026_0065_0065.jpg 1 4 26 65 65
0066_0039_0035_0047_0047.jpg 1 39 35 47 47
0067_0031_0023_0036_0036.jpg 1 31 23 36 36
0068_0024_0011_0062_0062.jpg 1 24 11 62 62
0069_0023_0033_0056_0056.jpg 1 23 33 56 56
0070_0058_0056_0027_0027.jpg 1 58 56 27 27
0071_0032_0039_0044_0044.jpg 1 32 39 44 44
0072_0023_0009_0068_0068.jpg 1 23 9 68 68
0073_0012_0032_0041_0041.jpg 1 12 32 41 41
0074_0030_0015_0058_0058.jpg 1 30 15 58 58
0075_0019_0031_0057_0057.jpg 1 19 31 57 57
0076_0042_0022_0044_0044.jpg 1 42 22 44 44
0077_0015_0019_0064_0064.jpg 1 15 19 64 64
0078_0037_0043_0024_0024.jpg 1 37 43 24 24
0079_0020_0033_0049_0049.jpg 1 20 33 49 49
0080_0008_0012_0061_0061.jpg 1 8 12 61 61
0081_0049_0054_0030_0030.jpg 1 49 54 30 30
0082_0030_0033_0056_0056.jpg 1 30 33 56 56
0083_0016_0016_0053_0053.jpg 1 16 16 53 53
0084_0016_0011_0041_0041.jpg 1 16 11 41 41
0085_0013_0020_0062_0062.jpg 1 13 20 62 62
0086_0006_0039_0048_0048.jpg 1 6 39 48 48
0087_0054_0030_0036_0036.jpg 1 54 30 36 36
0088_0009_0018_0068_0068.jpg 1 9 18 68 68
0089_0017_0006_0059_0059.jpg 1 17 6 59 59
0090_0015_0045_0034_0034.jpg 1 15 45 34 34
0091_0046_0024_0046_0046.jpg 1 46 24 46 46
0092_0008_0025_0033_0033.jpg 1 8 25 33 33
0093_0027_0016_0051_0051.jpg 1 27 16 51 51
0094_0033_0009_0038_0038.jpg 1 33 9 38 38
0095_0045_0061_0028_0028.jpg 1 45 61 28 28
0096_0020_0016_0064_0064.jpg 1 20 16 64 64
0097_0030_0037_0027_0027.jpg 1 30 37 27 27
0098_0047_0047_0036_0036.jpg 1 47 47 36 36
0099_0057_0015_0028_0028.jpg 1 57 15 28 28
0100_0024_0044_0049_0049.jpg 1 24 44 49 49
0101_0050_0031_0042_0042.jpg 1 50 31 42 42
0102_0014_0034_0052_0052.jpg 1 14 34 52 52
0103_0034_0010_0048_0048.jpg 1 34 10 48 48
0104_0051_0011_0038_0038.jpg 1 51 11 38 38
0105_0058_0011_0028_0028.jpg 1 58 11 28 28
0106_0008_0004_0057_0057.jpg 1 8 4 57 57
0107_0025_0061_0031_0031.jpg 1 25 61 31 31
0108_0038_0040_0043_0043.jpg 1 38 40 43 43
0109_0056_0030_0036_0036.jpg 1 56 30 36 36
0110_0017_0032_0058_0058.jpg 1 17 32 58 58
0111_0014_0023_0035_0035.jpg 1 14 23 35 35
0112_0015_0022_0068_0068.jpg 1 15 22 68 68
0113_0005_0024_0059_0059.jpg 1 5 24 59 59
0114_0066_0027_0025_0025.jpg 1 66 27 25 25
0115_0012_0022_0060_0060.jpg 1 12 22 60 60
0116_0046_0049_0039_0039.jpg 1 46 49 39 39
0117_0035_0050_0033_0033.jpg 1 35 50 33 33
0118_0051_0019_0042_0042.jpg 1 51 19 42 42
0119_0034_0035_0055_0055.jpg 1 34 35 55 55
0120_0027_0037_0052_0052.jpg 1 27 37 52 52
0121_0053_0013_0034_0034.jpg 1 53 13 34 34
0122_0037_0051_0042_0042.jpg 1 37 51 42 42
0123_0007_0015_0069_0069.jpg 1 7 15 69 69
0124_0034_0039_0026_0026.jpg 1 34 39 26 26
0125_0018_0024_0025_0025.jpg 1 18 24 25 25
0126_0031_0011_0055_0055.jpg 1 31 11 55 55
0127_0061_0063_0024_0024.jpg 1 61 63 24 24
0128_0012_0011_0068_0068.jpg 1 12 11 68 68
0129_0016_0017_0045_0045.jpg 1 16 17 45 45
0130_0032_0053_0039_0039.jpg 1 32 53 39 39
0131_0034_0033_0061_0061.jpg 1 34 33 61 61
0132_0013_0010_0025_0025.jpg 1 13 10 25 25
0133_0020_0021_0040_0040.jpg 1 20 21 40 40
0134_0023_0036_0027_0027.jpg 1 23 36 27 27
0135_0005_0012_0064_0064.jpg 1 5 12 64 64
0136_0018_0005_0054_0054.jpg 1 18 5 54 54
0137_0022_0016_0066_0066.jpg 1 22 16 66 66
0138_0010_0027_0067_0067.jpg 1 10 27 67 67
0139_0012_0011_0069_0069.jpg 1 12 11 69 69
0140_0024_0059_0030_0030.jpg 1 24 59 30 30
0141_0024_0021_0069_0069.jpg 1 24 21 69 69
0142_0007_0019_0042_0042.jpg 1 7 19 42 42
0143_0011_0011_0047_0047.jpg 1 11 11 47 47
0144_0021_0005_0046_0046.jpg 1 21 5 46 46
0145_0007_0019_0029_0029.jpg 1 7 19 29 29
0146_0033_0020_0034_0034.jpg 1 33 20 34 34
0147_0031_0034_0046_0046.jpg 1 31 34 46 46
0148_0048_0052_0032_0032.jpg 1 48 52 32 32
0149_0028_0024_0057_0057.jpg 1 28 24 57 57
0150_0030_0008_0033_0033.jpg 1 30 8 33 33
0151_0050_0012_0036_0036.jpg 1 50 12 36 36
0152_0008_0055_0029_0029.jpg 1 8 55 29 29
0153_0018_0020_0058_0058.jpg 1 18 20 58 58
0154_0015_0033_0061_0061.jpg 1 15 33 61 61
0155_0051_0017_0029_0029.jpg 1 51 17 29 29
0156_0010_0040_0033_0033.jpg 1 10 40 33 33
0157_0026_0006_0044_0044.jpg 1 26 6 44 44
0158_0018_0021_0048_0048.jpg 1 18 21 48 48
0159_0059_0009_0028_0028.jpg 1 59 9 28 28
0160_0034_0038_0053_0053.jpg 1 34 38 53 53
0161_0030_0015_0061_0061.jpg 1 30 15 61 61
0162_0050_0030_0031_0031.jpg 1 50 30 31 31
0163_0045_0056_0036_0036.jpg 1 45 56 36 36
0164_0007_0039_0050_0050.jpg 1 7 39 50 50
0165_0011_0034_0059_0059.jpg 1 11 34 59 59
0166_0012_0024_0068_0068.jpg 1 12 24 68 68
0167_0043_0016_0028_0028.jpg 1 43 16 28 28
0168_0029_0011_0065_0065.jpg 1 29 11 65 65
0169_0024_0006_0053_0053.jpg 1 24 6 53 53
0170_0012_0051_0035_0035.jpg 1 12 51 35 35
0171_0023_0046_0034_0034.jpg 1 23 46 34 34
0172_0009_0015_0067_0067.jpg 1 9 15 67 67
0173_0030_0017_0042_0042.jpg 1 30 17 42 42
0174_0018_0019_0062_0062.jpg 1 18 19 62 62
0175_0040_0044_0048_0048.jpg 1 40 44 48 48
0176_0029_0014_0051_0051.jpg 1 29 14 51 51
0177_0045_0011_0030_0030.jpg 1 45 11 30 30
0178_0036_0024_0057_0057.jpg 1 36 24 57 57
0179_0043_0010_0039_0039.jpg 1 43 10 39 39
0180_0008_0019_0045_0045.jpg 1 8 19 45 45
0181_0004_0019_0069_0069.jpg 1 4 19 69 69
0182_0052_0040_0039_0039.jpg 1 52 40 39 39
0183_0005_0017_0045_0045.jpg 1 5 17 45 45
0184_0006_0023_0062_0062.jpg 1 6 23 62 62
0185_0011_0020_0053_0053.jpg 1 11 20 53 53
0186_0011_0031_0027_0027.jpg 1 11 31 27 27
0187_0009_0027_0059_0059.jpg 1 9 27 59 59
0188_0044_0046_0045_0045.jpg 1 44 46 45 45
0189_0008_0042_0048_0048.jpg 1 8 42 48 48
0190_0038_0021_0050_0050.jpg 1 38 21 50 50
0191_0025_0020_0030_0030.jpg 1 25 20 30 30
0192_0021_0026_0052_0052.jpg 1 21 26 52 52
0193_0013_0043_0030_0030.jpg 1 13 43 30 30
0194_0009_0025_0047_0047.jpg 1 9 25 47 47
0195_0017_0031_0050_0050.jpg 1 17 31 50 50
0196_0029_0048_0040_0040.jpg 1 29 48 40 40
0197_0013_0010_0055_0055.jpg 1 13 10 55 55
0198_0022_0020_0063_0063.jpg 1 22 20 63 63
0199_0042_0026_0040_0040.jpg 1 42 26 40 40
0200_0024_0016_0047_0047.jpg 1 24 16 47 47
0201_0010_0016_0043_0043.jpg 1 10 16 43 43
0202_0020_0034_0042_0042.jpg 1 20 34 42 42
0203_0047_0046_0038_0038.jpg 1 47 46 38 38
0204_0052_0020_0040_0040.jpg 1 52 20 40 40
0205_0013_0015_0066_0066.jpg 1 13 15 66 66
0206_0032_0038_0057_0057.jpg 1 32 38 57 57
0207_0007_0022_0054_0054.jpg 1 7 22 54 54
0208_0010_0023_0069_0069.jpg 1 10 23 69 69
0209_0023_0041_0045_0045.jpg 1 23 41 45 45
0210_0029_0031_0055_0055.jpg 1 29 31 55 55
0211_0023_0014_0047_0047.jpg 1 23 14 47 47
0212_0011_0063_0025_0025.jpg 1 11 63 25 25
0213_0025_0037_0030_0030.jpg 1 25 37 30 30
0214_0014_0018_0068_0068.jpg 1 14 18 68 68
0215_0045_0036_0049_0049.jpg 1 45 36 49 49
0216_0048_0017_0024_0024.jpg 1 48 17 24 24
0217_0055_0026_0033_0033.jpg 1 55 26 33 33
0218_0024_0012_0064_0064.jpg 1 24 12 64 64
0219_0033_0022_0030_0030.jpg 1 33 22 30 30
0220_0008_0022_0033_0033.jpg 1 8 22 33 33
0221_0008_0031_0052_0052.jpg 1 8 31 52 52
0222_0046_0017_0039_0039.jpg 1 46 17 39 39
0223_0042_0036_0038_0038.jpg 1 42 36 38 38
0224_0011_0039_0031_0031.jpg 1 11 39 31 31
0225_0018_0023_0061_0061.jpg 1 18 23 61 61
0226_0033_0008_0049_0049.jpg 1 33 8 49 49
0227_0040_0010_0050_0050.jpg 1 40 10 50 50
0228_0045_0025_0030_0030.jpg 1 45 25 30 30
0229_0040_0015_0048_0048.jpg 1 40 15 48 48
0230_0026_0010_0065_0065.jpg 1 26 10 65 65
0231_0009_0013_0030_0030.jpg 1 9 13 30 30
0232_0017_0032_0046_0046.jpg 1 17 32 46 46
0233_0051_0044_0033_0033.jpg 1 51 44 33 33
0234_0022_0045_0030_0030.jpg 1 22 45 30 30
0235_0049_0031_0044_0044.jpg 1 49 31 44 44
0236_0043_0010_0039_0039.jpg 1 43 10 39 39
0237_0053_0035_0029_0029.jpg 1 53 35 29 29
0238_0061_0035_0027_0027.jpg 1 61 35 27 27
0239_0006_0019_0045_0045.jpg 1 6 19 45 45
0240_0009_0009_0048_0048.jpg 1 9 9 48 48
0241_0027_0027_0049_0049.jpg 1 27 27 49 49
0242_0010_0012_0053_0053.jpg 1 10 12 53 53
0243_0006_0022_0039_0039.jpg 1 6 22 39 39
0244_0034_0041_0026_0026.jpg 1 34 41 26 26
0245_0030_0043_0026_0026.jpg 1 30 43 26 26
0246_0010_0014_0069_0069.jpg 1 10 14 69 69
0247_0027_0027_0049_0049.jpg 1 27 27 49 49
0248_0026_0023_0069_0069.jpg 1 26 23 69 69
0249_0025_0007_0060_0060.jpg 1 25 7 60 60
0250_0028_0036_0049_0049.jpg 1 28 36 49 49
0251_0046_0022_0048_0048.jpg 1 46 22 48 48
0252_0013_0007_0026_0026.jpg 1 13 7 26 26
0253_0031_0028_0051_0051.jpg 1 31 28 51 51
0254_0041_0035_0046_0046.jpg 1 41 35 46 46
0255_0031_0006_0052_0052.jpg 1 31 6 52 52
0256_0022_0019_0061_0061.jpg 1 22 19 61 61
0257_0049_0027_0035_0035.jpg 1 49 27 35 35
0258_0015_0021_0057_0057.jpg 1 15 21 57 57
0259_0049_0024_0031_0031.jpg 1 49 24 31 31
0260_0008_0018_0046_0046.jpg 1 8 18 46 46
0261_0022_0024_0059_0059.jpg 1 22 24 59 59
0262_0008_0026_0037_0037.jpg 1 8 26 37 37
0263_0020_0004_0060_0060.jpg 1 20 4 60 60
0264_0018_0046_0047_0047.jpg 1 18 46 47 47
0265_0036_0022_0059_0059.jpg 1 36 22 59 59
0266_0012_0035_0049_0049.jpg 1 12 35 49 49
0267_0055_0059_0025_0025.jpg 1 55 59 25 25
0268_0031_0008_0056_0056.jpg 1 31 8 56 56
0269_0013_0007_0047_0047.jpg 1 13 7 47 47
0270_0028_0009_0057_0057.jpg 1 28 9 57 57
0271_0040_0019_0053_0053.jpg 1 40 19 53 53
0272_0037_0023_0044_0044.jpg 1 37 23 44 44
0273_0039_0033_0027_0027.jpg 1 39 33 27 27
0274_0028_0046_0042_0042.jpg 1 28 46 42 42
0275_0020_0018_0025_0025.jpg 1 20 18 25 25
0276_0032_0034_0060_0060.jpg 1 32 34 60 60
0277_0019_0026_0030_0030.jpg 1 19 26 30 30
0278_0026_0011_0053_0053.jpg 1 26 11 53 53
0279_0022_0023_0056_0056.jpg 1 22 23 56 56
0280_0008_0014_0049_0049.jpg 1 8 14 49 49
0281_0038_0041_0044_0044.jpg 1 38 41 44 44
0282_0032_0022_0040_0040.jpg 1 32 22 40 40
0283_0017_0008_0049_0049.jpg 1 17 8 49 49
0284_0027_0045_0040_0040.jpg 1 27 45 40 40
0285_0052_0036_0030_0030.jpg 1 52 36 30 30
0286_0037_0016_0056_0056.jpg 1 37 16 56 56
0287_0023_0031_0038_0038.jpg 1 23 31 38 38
0288_0047_0048_0039_0039.jpg 1 47 48 39 39
0289_0009_0027_0039_0039.jpg 1 9 27 39 39
0290_0021_0022_0052_0052.jpg 1 21 22 52 52
0291_0034_0028_0056_0056.jpg 1 34 28 56 56
0292_0012_0016_0046_0046.jpg 1 12 16 46 46
0293_0038_0014_0042_0042.jpg 1 38 14 42 42
0294_0033_0034_0056_0056.jpg 1 33 34 56 56
0295_0010_0004_0068_0068.jpg 1 10 4 68 68
0296_0050_0015_0041_0041.jpg 1 50 15 41 41
0297_0054_0052_0039_0039.jpg 1 54 52 39 39
0298_0029_0047_0047_0047.jpg 1 29 47 47 47
0299_0048_0030_0037_0037.jpg 1 48 30 37 37
0300_0024_0030_0059_0059.jpg 1 24 30 59 59
0301_0007_0013_0031_0031.jpg 1 7 13 31 31
0302_0063_0055_0026_0026.jpg 1 63 55 26 26
0303_0026_0029_0036_0036.jpg 1 26 29 36 36
0304_0042_0021_0044_0044.jpg 1 42 21 44 44
0305_0028_0010_0027_0027.jpg 1 28 10 27 27
0306_0013_0018_0069_0069.jpg 1 13 18 69 69
0307_0006_0045_0044_0044.jpg 1 6 45 44 44
0308_0007_0037_0037_0037.jpg 1 7 37 37 37
0309_0045_0032_0048_0048.jpg 1 45 32 48 48
0310_0059_0054_0030_0030.jpg 1 59 54 30 30
0311_0042_0007_0032_0032.jpg 1 42 7 32 32
0312_0015_0004_0068_0068.jpg 1 15 4 68 68
0313_0028_0051_0036_0036.jpg 1 28 51 36 36
0314_0031_0042_0039_0039.jpg 1 31 42 39 39
0315_0009_0029_0065_0065.jpg 1 9 29 65 65
0316_0027_0025_0026_0026.jpg 1 27 25 26 26
0317_0029_0025_0063_0063.jpg 1 29 25 63 63
0318_0035_0018_0038_0038.jpg 1 35 18 38 38
0319_0024_0012_0064_0064.jpg 1 24 12 64 64
0320_0043_0016_0050_0050.jpg 1 43 16 50 50
0321_0011_0026_0053_0053.jpg 1 11 26 53 53
0322_0006_0007_0044_0044.jpg 1 6 7 44 44
0323_0004_0009_0066_0066.jpg 1 4 9 66 66
0324_0029_0009_0062_0062.jpg 1 29 9 62 62
0325_0032_0033_0061_0061.jpg 1 32 33 61 61
0326_0039_0030_0029_0029.jpg 1 39 30 29 29
0327_0035_0018_0052_0052.jpg 1 35 18 52 52
0328_0016_0010_0069_0069.jpg 1 16 10 69 69
0329_0051_0047_0041_0041.jpg 1 51 47 41 41
0330_0028_0029_0067_0067.jpg 1 28 29 67 67
0331_0014_0009_0048_0048.jpg 1 14 9 48 48
0332_0014_0025_0065_0065.jpg 1 14 25 65 65
0333_0023_0019_0067_0067.jpg 1 23 19 67 67
0334_0011_0034_0060_0060.jpg 1 11 34 60 60
0335_0026_0020_0046_0046.jpg 1 26 20 46 46
0336_0016_0007_0060_0060.jpg 1 16 7 60 60
0337_0044_0052_0042_0042.jpg 1 44 52 42 42
0338_0050_0040_0037_0037.jpg 1 50 40 37 37
0339_0033_0034_0050_0050.jpg 1 33 34 50 50
0340_0047_0020_0035_0035.jpg 1 47 20 35 35
0341_0049_0030_0033_0033.jpg 1 49 30 33 33
0342_0021_0052_0036_0036.jpg 1 21 52 36 36
0343_0029_0028_0042_0042.jpg 1 29 28 42 42
0344_0025_0037_0055_0055.jpg 1 25 37 55 55
0345_0024_0024_0069_0069.jpg 1 24 24 69 69
0346_0010_0015_0068_0068.jpg 1 10 15 68 68
0347_0055_0036_0035_0035.jpg 1 55 36 35 35
0348_0024_0034_0037_0037.jpg 1 24 34 37 37
0349_0028_0025_0058_0058.jpg 1 28 25 58 58
0350_0036_0008_0052_0052.jpg 1 36 8 52 52
0351_0020_0006_0060_0060.jpg 1 20 6 60 60
0352_0021_0029_0059_0059.jpg 1 21 29 59 59
0353_0037_0005_0057_0057.jpg 1 37 5 57 57
0354_0005_0007_0060_0060.jpg 1 5 7 60 60
0355_0010_0016_0032_0032.jpg 1 10 16 32 32
0356_0008_0020_0065_0065.jpg 1 8 20 65 65
0357_0015_0020_0034_0034.jpg 1 15 20 34 34
0358_0006_0009_0069_0069.jpg 1 6 9 69 69
0359_0006_0021_0058_0058.jpg 1 6 21 58 58
0360_0044_0045_0034_0034.jpg 1 44 45 34 34
0361_0028_0039_0051_0051.jpg 1 28 39 51 51
0362_0012_0012_0065_0065.jpg 1 12 12 65 65
0363_0025_0040_0053_0053.jpg 1 25 40 53 53
0364_0009_0017_0040_0040.jpg 1 9 17 40 40
0365_0022_0026_0063_0063.jpg 1 22 26 63 63
0366_0049_0034_0040_0040.jpg 1 49 34 40 40
0367_0057_0028_0035_0035.jpg 1 57 28 35 35
0368_0004_0022_0066_0066.jpg 1 4 22 66 66
0369_0021_0023_0063_0063.jpg 1 21 23 63 63
0370_0056_0058_0035_0035.jpg 1 56 58 35 35
0371_0027_0018_0041_0041.jpg 1 27 18 41 41
0372_0032_0016_0040_0040.jpg 1 32 16 40 40
0373_0019_0051_0034_0034.jpg 1 19 51 34 34
0374_0009_0029_0064_0064.jpg 1 9 29 64 64
0375_0010_0022_0064_0064.jpg 1 10 22 64 64
0376_0026_0029_0055_0055.jpg 1 26 29 55 55
0377_0040_0013_0027_0027.jpg 1 40 13 27 27
0378_0029_0011_0062_0062.jpg 1 29 11 62 62
0379_0032_0039_0040_0040.jpg 1 32 39 40 40
0380_0029_0004_0066_0066.jpg 1 29 4 66 66
0381_0019_0020_0058_0058.jpg 1 19 20 58 58
0382_0021_0050_0029_0029.jpg 1 21 50 29 29
0383_0035_0029_0029_0029.jpg 1 35 29 29 29
0384_0008_0023_0067_0067.jpg 1 8 23 67 67
0385_0054_0023_0038_0038.jpg 1 54 23 38 38
0386_0045_0050_0035_0035.jpg 1 45 50 35 35
0387_0026_0005_0053_0053.jpg 1 26 5 53 53
0388_0007_0027_0068_0068.jpg 1 7 27 68 68
0389_0051_0034_0029_0029.jpg 1 51 34 29 29
0390_0037_0005_0057_0057.jpg 1 37 5 57 57
0391_0018_0019_0063_0063.jpg 1 18 19 63 63
0392_0031_0011_0049_0049.jpg 1 31 11 49 49
0393_0036_0047_0034_0034.jpg 1 36 47 34 34
0394_0024_0038_0040_0040.jpg 1 24 38 40 40
0395_0011_0017_0068_0068.jpg 1 11 17 68 68
0396_0010_0023_0044_0044.jpg 1 10 23 44 44
0397_0030_0038_0051_0051.jpg 1 30 38 51 51
0398_0007_0016_0043_0043.jpg 1 7 16 43 43
0399_0008_0054_0035_0035.jpg 1 8 54 35 35
0400_0056_0030_0036_0036.jpg 1 56 30 36 36
0401_0017_0010_0055_0055.jpg 1 17 10 55 55
0402_0029_0033_0027_0027.jpg 1 29 33 27 27
0403_0039_0033_0027_0027.jpg 1 39 33 27 27
0404_0037_0018_0058_0058.jpg 1 37 18 58 58
0405_0031_0056_0030_0030.jpg 1 31 56 30 30
0406_0012_0012_0054_0054.jpg 1 12 12 54 54
0407_0018_0022_0046_0046.jpg 1 18 22 46 46
0408_0032_0036_0047_0047.jpg 1 32 36 47 47
0409_0013_0018_0041_0041.jpg 1 13 18 41 41
0410_0021_0027_0025_0025.jpg 1 21 27 25 25
0411_0042_0030_0025_0025.jpg 1 42 30 25 25
0412_0009_0035_0036_0036.jpg 1 9 35 36 36
0413_0029_0054_0039_0039.jpg 1 29 54 39 39
0414_0005_0020_0045_0045.jpg 1 5 20 45 45
0415_0011_0042_0044_0044.jpg 1 11 42 44 44
0416_0022_0006_0057_0057.jpg 1 22 6 57 57
0417_0013_0006_0066_0066.jpg 1 13 6 66 66
0418_0028_0044_0031_0031.jpg 1 28 44 31 31
0419_0021_0023_0067_0067.jpg 1 21 23 67 67
0420_0025_0010_0048_0048.jpg 1 25 10 48 48
0421_0015_0023_0069_0069.jpg 1 15 23 69 69
0422_0028_0046_0036_0036.jpg 1 28 46 36 36
0423_0060_0034_0030_0030.jpg 1 60 34 30 30
0424_0007_0027_0053_0053.jpg 1 7 27 53 53
0425_0012_0013_0053_0053.jpg 1 12 13 53 53
0426_0026_0007_0067_0067.jpg 1 26 7 67 67
0427_0011_0065_0024_0024.jpg 1 11 65 24 24
0428_0008_0015_0025_0025.jpg 1 8 15 25 25
0429_0029_0027_0064_0064.jpg 1 29 27 64 64
0430_0024_0027_0066_0066.jpg 1 24 27 66 66
0431_0050_0023_0041_0041.jpg 1 50 23 41 41
0432_0029_0039_0034_0034.jpg 1 29 39 34 34
0433_0021_0027_0058_0058.jpg 1 21 27 58 58
0434_0026_0034_0055_0055.jpg 1 26 34 55 55
0435_0038_0010_0050_0050.jpg 1 38 10 50 50
0436_0025_0034_0061_0061.jpg 1 25 34 61 61
0437_0034_0022_0038_0038.jpg 1 34 22 38 38
0438_0050_0049_0025_0025.jpg 1 50 49 25 25
0439_0008_0025_0044_0044.jpg 1 8 25 44 44
0440_0048_0033_0033_0033.jpg 1 48 33 33 33
0441_0011_0007_0068_0068.jpg 1 11 7 68 68
0442_0036_0026_0028_0028.jpg 1 36 26 28 28
0443_0020_0008_0051_0051.jpg 1 20 8 51 51
0444_0027_0035_0053_0053.jpg 1 27 35 53 53
0445_0007_0052_0034_0034.jpg 1 7 52 34 34
0446_0047_0024_0031_0031.jpg 1 47 24 31 31
0447_0056_0030_0026_0026.jpg 1 56 30 26 26
0448_0059_0037_0025_0025.jpg 1 59 37 25 25
0449_0033_0026_0056_0056.jpg 1 33 26 56 56
0450_0038_0044_0048_0048.jpg 1 38 44 48 48
0451_0014_0015_0062_0062.jpg 1 14 15 62 62
0452_0023_0029_0040_0040.jpg 1 23 29 40 40
0453_0025_0051_0031_0031.jpg 1 25 51 31 31
0454_0051_0035_0041_0041.jpg 1 51 35 41 41
0455_0043_0033_0045_0045.jpg 1 43 33 45 45
0456_0007_0007_0065_0065.jpg 1 7 7 65 65
0457_0007_0033_0063_0063.jpg 1 7 33 63 63
0458_0022_0032_0036_0036.jpg 1 22 32 36 36
0459_0054_0014_0032_0032.jpg 1 54 14 32 32
0460_0043_0010_0041_0041.jpg 1 43 10 41 41
0461_0011_0026_0066_0066.jpg 1 11 26 66 66
0462_0019_0044_0048_0048.jpg 1 19 44 48 48
0463_0005_0037_0043_0043.jpg 1 5 37 43 43
0464_0010_0051_0024_0024.jpg 1 10 51 24 24
0465_0025_0033_0062_0062.jpg 1 25 33 62 62
0466_0013_0025_0055_0055.jpg 1 13 25 55 55
0467_0015_0031_0052_0052.jpg 1 15 31 52 52
0468_0043_0006_0050_0050.jpg 1 43 6 50 50
0469_0034_0036_0047_0047.jpg 1 34 36 47 47
0470_0016_0048_0028_0028.jpg 1 16 48 28 28
0471_0018_0045_0049_0049.jpg 1 18 45 49 49
0472_0042_0010_0042_0042.jpg 1 42 10 42 42
0473_0062_0043_0026_0026.jpg 1 62 43 26 26
0474_0023_0003_0065_0065.jpg 1 23 3 65 65
0475_0012_0022_0058_0058.jpg 1 12 22 58 58
0476_0042_0009_0052_0052.jpg 1 42 9 52 52
0477_0006_0029_0050_0050.jpg 1 6 29 50 50
0478_0057_0012_0033_0033.jpg 1 57 12 33 33
0479_0057_0039_0024_0024.jpg 1 57 39 24 24
0480_0045_0022_0027_0027.jpg 1 45 22 27 27
0481_0006_0015_0059_0059.jpg 1 6 15 59 59
0482_0020_0034_0058_0058.jpg 1 20 34 58 58
0483_0011_0014_0040_0040.jpg 1 11 14 40 40
0484_0037_0029_0048_0048.jpg 1 37 29 48 48
0485_0018_0020_0060_0060.jpg 1 18 20 60 60
0486_0009_0011_0053_0053.jpg 1 9 11 53 53
0487_0013_0020_0050_0050.jpg 1 13 20 50 50
0488_0027_0033_0030_0030.jpg 1 27 33 30 30
0489_0043_0041_0048_0048.jpg 1 43 41 48 48
0490_0012_0004_0061_0061.jpg 1 12 4 61 61
0491_0039_0037_0030_0030.jpg 1 39 37 30 30
0492_0039_0026_0053_0053.jpg 1 39 26 53 53
0493_0017_0003_0069_0069.jpg 1 17 3 69 69
0494_0028_0052_0040_0040.jpg 1 28 52 40 40
0495_0020_0018_0041_0041.jpg 1 20 18 41 41
0496_0035_0026_0034_0034.jpg 1 35 26 34 34
0497_0030_0005_0048_0048.jpg 1 30 5 48 48
0498_0013_0029_0066_0066.jpg 1 13 29 66 66
0499_0011_0018_0063_0063.jpg 1 11 18 63 63
0500_0029_0038_0029_0029.jpg 1 29 38 29 29
0501_0034_0034_0050_0050.jpg 1 34 34 50 50
0502_0018_0047_0041_0041.jpg 1 18 47 41 41
0503_0062_0034_0025_0025.jpg 1 62 34 25 25
0504_0006_0031_0065_0065.jpg 1 6 31 65 65
0505_0032_0028_0052_0052.jpg 1 32 28 52 52
0506_0005_0037_0053_0053.jpg 1 5 37 53 53
0507_0006_0030_0039_0039.jpg 1 6 30 39 39
0508_0020_0027_0038_0038.jpg 1 20 27 38 38
0509_0039_0043_0028_0028.jpg 1 39 43 28 28
0510_0036_0008_0059_0059.jpg 1 36 8 59 59
0511_0062_0056_0030_0030.jpg 1 62 56 30 30
0512_0021_0007_0037_0037.jpg 1 21 7 37 37
0513_0030_0050_0025_0025.jpg 1 30 50 25 25
0514_0026_0019_0067_0067.jpg 1 26 19 67 67
0515_0011_0020_0060_0060.jpg 1 11 20 60 60
0516_0038_0008_0050_0050.jpg 1 38 8 50 50
0517_0014_0016_0036_0036.jpg 1 14 16 36 36
0518_0027_0027_0066_0066.jpg 1 27 27 66 66
0519_0020_0015_0032_0032.jpg 1 20 15 32 32
0520_0048_0031_0044_0044.jpg 1 48 31 44 44
0521_0023_0028_0027_0027.jpg 1 23 28 27 27
0522_0006_0036_0036_0036.jpg 1 6 36 36 36
0523_0017_0057_0034_0034.jpg 1 17 57 34 34
0524_0046_0031_0046_0046.jpg 1 46 31 46 46
0525_0033_0053_0025_0025.jpg 1 33 53 25 25
0526_0007_0006_0069_0069.jpg 1 7 6 69 69
0527_0028_0020_0027_0027.jpg 1 28 20 27 27
0528_0026_0048_0038_0038.jpg 1 26 48 38 38
0529_0033_0036_0057_0057.jpg 1 33 36 57 57
0530_0015_0009_0051_0051.jpg 1 15 9 51 51
0531_0046_0047_0024_0024.jpg 1 46 47 24 24
0532_0005_0024_0051_0051.jpg 1 5 24 51 51
0533_0035_0046_0029_0029.jpg 1 35 46 29 29
0534_0029_0029_0040_0040.jpg 1 29 29 40 40
0535_0010_0041_0043_0043.jpg 1 10 41 43 43
0536_0018_0047_0035_0035.jpg 1 18 47 35 35
0537_0025_0007_0048_0048.jpg 1 25 7 48 48
0538_0027_0019_0038_0038.jpg 1 27 19 38 38
0539_0037_0021_0034_0034.jpg 1 37 21 34 34
0540_0046_0058_0032_0032.jpg 1 46 58 32 32
0541_0007_0024_0064_0064.jpg 1 7 24 64 64
0542_0034_0019_0052_0052.jpg 1 34 19 52 52
0543_0037_0027_0056_0056.jpg 1 37 27 56 56
0544_0039_0051_0039_0039.jpg 1 39 51 39 39
0545_0042_0038_0042_0042.jpg 1 42 38 42 42
0546_0022_0020_0044_0044.jpg 1 22 20 44 44
0547_0026_0012_0042_0042.jpg 1 26 12 42 42
0548_0019_0033_0048_0048.jpg 1 19 33 48 48
0549_0005_0005_0060_0060.jpg 1 5 5 60 60
0550_0029_0021_0052_0052.jpg 1 29 21 52 52
0551_0021_0022_0057_0057.jpg 1 21 22 57 57
0552_0036_0008_0055_0055.jpg 1 36 8 55 55
0553_0038_0025_0028_0028.jpg 1 38 25 28 28
0554_0044_0011_0031_0031.jpg 1 44 11 31 31
0555_0010_0047_0036_0036.jpg 1 10 47 36 36
0556_0006_0008_0048_0048.jpg 1 6 8 48 48
0557_0037_0015_0040_0040.jpg 1 37 15 40 40
0558_0028_0013_0064_0064.jpg 1 28 13 64 64
0559_0037_0007_0027_0027.jpg 1 37 7 27 27
0560_0013_0010_0053_0053.jpg 1 13 10 53 53
0561_0019_0027_0040_0040.jpg 1 19 27 40 40
0562_0021_0045_0026_0026.jpg 1 21 45 26 26
0563_0009_0033_0057_0057.jpg 1 9 33 57 57
0564_0033_0005_0054_0054.jpg 1 33 5 54 54
0565_0049_0009_0042_0042.jpg 1 49 9 42 42
0566_0057_0050_0025_0025.jpg 1 57 50 25 25
0567_0045_0020_0048_0048.jpg 1 45 20 48 48
0568_0020_0030_0036_0036.jpg 1 20 30 36 36
0569_0052_0015_0040_0040.jpg 1 52 15 40 40
0570_0034_0023_0046_0046.jpg 1 34 23 46 46
0571_0015_0010_0052_0052.jpg 1 15 10 52 52
0572_0027_0064_0024_0024.jpg 1 27 64 24 24
0573_0023_0045_0048_0048.jpg 1 23 45 48 48
0574_0020_0022_0054_0054.jpg 1 20 22 54 54
0575_0047_0018_0031_0031.jpg 1 47 18 31 31
0576_0024_0019_0034_0034.jpg 1 24 19 34 34
0577_0031_0026_0058_0058.jpg 1 31 26 58 58
0578_0027_0015_0057_0057.jpg 1 27 15 57 57
0579_0012_0017_0060_0060.jpg 1 12 17 60 60
0580_0028_0019_0030_0030.jpg 1 28 19 30 30
0581_0010_0034_0051_0051.jpg 1 10 34 51 51
0582_0018_0010_0047_0047.jpg 1 18 10 47 47
0583_0048_0021_0038_0038.jpg 1 48 21 38 38
0584_0019_0019_0050_0050.jpg 1 19 19 50 50
0585_0033_0026_0038_0038.jpg 1 33 26 38 38
0586_0026_0018_0057_0057.jpg 1 26 18 57 57
0587_0029_0019_0063_0063.jpg 1 29 19 63 63
0588_0014_0016_0058_0058.jpg 1 14 16 58 58
0589_0036_0023_0052_0052.jpg 1 36 23 52 52
0590_0007_0021_0069_0069.jpg 1 7 21 69 69
0591_0010_0030_0029_0029.jpg 1 10 30 29 29
0592_0038_0035_0024_0024.jpg 1 38 35 24 24
0593_0010_0006_0062_0062.jpg 1 10 6 62 62
0594_0035_0029_0044_0044.jpg 1 35 29 44 44
0595_0050_0054_0030_0030.jpg 1 50 54 30 30
0596_0034_0045_0036_0036.jpg 1 34 45 36 36
0597_0012_0034_0054_0054.jpg 1 12 34 54 54
0598_0038_0026_0036_0036.jpg 1 38 26 36 36
0599_0055_0059_0025_0025.jpg 1 55 59 25 25
0600_0051_0020_0032_0032.jpg 1 51 20 32 32
0601_0009_0006_0051_0051.jpg 1 9 6 51 51
0602_0024_0011_0069_0069.jpg 1 24 11 69 69
0603_0013_0006_0067_0067.jpg 1 13 6 67 67
0604_0019_0025_0042_0042.jpg 1 19 25 42 42
0605_0008_0026_0055_0055.jpg 1 8 26 55 55
0606_0018_0027_0062_0062.jpg 1 18 27 62 62
0607_0009_0010_0065_0065.jpg 1 9 10 65 65
0608_0051_0049_0035_0035.jpg 1 51 49 35 35
0609_0023_0005_0063_0063.jpg 1 23 5 63 63
0610_0011_0010_0029_0029.jpg 1 11 10 29 29
0611_0054_0028_0026_0026.jpg 1 54 28 26 26
0612_0028_0030_0063_0063.jpg 1 28 30 63 63
0613_0006_0017_0067_0067.jpg 1 6 17 67 67
0614_0026_0020_0069_0069.jpg 1 26 20 69 69
0615_0030_0047_0036_0036.jpg 1 30 47 36 36
0616_0048_0037_0044_0044.jpg 1 48 37 44 44
0617_0033_0028_0058_0058.jpg 1 33 28 58 58
0618_0054_0028_0037_0037.jpg 1 54 28 37 37
0619_0034_0034_0051_0051.jpg 1 34 34 51 51
0620_0010_0023_0062_0062.jpg 1 10 23 62 62
0621_0045_0013_0028_0028.jpg 1 45 13 28 28
0622_0008_0047_0046_0046.jpg 1 8 47 46 46
0623_0009_0013_0028_0028.jpg 1 9 13 28 28
0624_0024_0011_0060_0060.jpg 1 24 11 60 60
0625_0007_0020_0051_0051.jpg 1 7 20 51 51
0626_0039_0027_0046_0046.jpg 1 39 27 46 46
0627_0048_0031_0031_0031.jpg 1 48 31 31 31
0628_0026_0006_0065_0065.jpg 1 26 6 65 65
0629_0013_0033_0051_0051.jpg 1 13 33 51 51
0630_0055_0016_0028_0028.jpg 1 55 16 28 28
0631_0048_0019_0040_0040.jpg 1 48 19 40 40
0632_0026_0008_0046_0046.jpg 1 26 8 46 46
0633_0049_0018_0025_0025.jpg 1 49 18 25 25
0634_0042_0046_0029_0029.jpg 1 42 46 29 29
0635_0031_0034_0056_0056.jpg 1 31 34 56 56
0636_0021_0010_0038_0038.jpg 1 21 10 38 38
0637_0045_0043_0027_0027.jpg 1 45 43 27 27
0638_0033_0004_0061_0061.jpg 1 33 4 61 61
0639_0006_0016_0068_0068.jpg 1 6 16 68 68
0640_0013_0052_0025_0025.jpg 1 13 52 25 25
0641_0034_0042_0031_0031.jpg 1 34 42 31 31
0642_0051_0008_0041_0041.jpg 1 51 8 41 41
0643_0022_0019_0027_0027.jpg 1 22 19 27 27
0644_0031_0038_0035_0035.jpg 1 31 38 35 35
0645_0016_0029_0051_0051.jpg 1 16 29 51 51
0646_0035_0018_0043_0043.jpg 1 35 18 43 43
0647_0016_0010_0042_0042.jpg 1 16 10 42 42
0648_0052_0051_0034_0034.jpg 1 52 51 34 34
0649_0022_0008_0069_0069.jpg 1 22 8 69 69
0650_0009_0024_0050_0050.jpg 1 9 24 50 50
0651_0030_0039_0031_0031.jpg 1 30 39 31 31
0652_0038_0023_0055_0055.jpg 1 38 23 55 55
0653_0034_0025_0058_0058.jpg 1 34 25 58 58
0654_0039_0017_0039_0039.jpg 1 39 17 39 39
0655_0048_0061_0025_0025.jpg 1 48 61 25 25
0656_0017_0016_0048_0048.jpg 1 17 16 48 48
0657_0011_0050_0031_0031.jpg 1 11 50 31 31
0658_0032_0059_0030_0030.jpg 1 32 59 30 30
0659_0013_0008_0063_0063.jpg 1 13 8 63 63
0660_0007_0019_0065_0065.jpg 1 7 19 65 65
0661_0044_0024_0041_0041.jpg 1 44 24 41 41
0662_0027_0015_0039_0039.jpg 1 27 15 39 39
0663_0037_0017_0028_0028.jpg 1 37 17 28 28
0664_0051_0015_0034_0034.jpg 1 51 15 34 34
0665_0039_0044_0032_0032.jpg 1 39 44 32 32
0666_0013_0029_0058_0058.jpg 1 13 29 58 58
0667_0019_0032_0049_0049.jpg 1 19 32 49 49
0668_0038_0004_0056_0056.jpg 1 38 4 56 56
0669_0014_0011_0043_0043.jpg 1 14 11 43 43
0670_0029_0009_0058_0058.jpg 1 29 9 58 58
0671_0023_0008_0041_0041.jpg 1 23 8 41 41
0672_0033_0030_0061_0061.jpg 1 33 30 61 61
0673_0045_0029_0040_0040.jpg 1 45 29 40 40
0674_0039_0058_0024_0024.jpg 1 39 58 24 24
0675_0023_0020_0025_0025.jpg 1 23 20 25 25
0676_0016_0062_0030_0030.jpg 1 16 62 30 30
0677_0016_0015_0064_0064.jpg 1 16 15 64 64
0678_0007_0008_0060_0060.jpg 1 7 8 60 60
0679_0028_0036_0051_0051.jpg 1 28 36 51 51
0680_0046_0026_0033_0033.jpg 1 46 26 33 33
0681_0023_0044_0032_0032.jpg 1 23 44 32 32
0682_0033_0019_0048_0048.jpg 1 33 19 48 48
0683_0016_0013_0033_0033.jpg 1 16 13 33 33
0684_0025_0016_0047_0047.jpg 1 25 16 47 47
0685_0021_0006_0067_0067.jpg 1 21 6 67 67
0686_0041_0053_0034_0034.jpg 1 41 53 34 34
0687_0031_0019_0060_0060.jpg 1 31 19 60 60
0688_0015_0012_0066_0066.jpg 1 15 12 66 66
0689_0009_0012_0035_0035.jpg 1 9 12 35 35
0690_0019_0019_0032_0032.jpg 1 19 19 32 32
0691_0020_0015_0069_0069.jpg 1 20 15 69 69
0692_0031_0035_0047_0047.jpg 1 31 35 47 47
0693_0045_0051_0034_0034.jpg 1 45 51 34 34
0694_0042_0019_0044_0044.jpg 1 42 19 44 44
0695_0018_0019_0067_0067.jpg 1 18 19 67 67
0696_0038_0010_0040_0040.jpg 1 38 10 40 40
0697_0025_0030_0050_0050.jpg 1 25 30 50 50
0698_0011_0006_0037_0037.jpg 1 11 6 37 37
0699_0052_0017_0037_0037.jpg 1 52 17 37 37
0700_0017_0005_0062_0062.jpg 1 17 5 62 62
0701_0036_0008_0052_0052.jpg 1 36 8 52 52
0702_0053_0061_0029_0029.jpg 1 53 61 29 29
0703_0052_0034_0030_0030.jpg 1 52 34 30 30
0704_0053_0056_0036_0036.jpg 1 53 56 36 36
0705_0012_0032_0050_0050.jpg 1 12 32 50 50
0706_0051_0030_0038_0038.jpg 1 51 30 38 38
0707_0009_0020_0034_0034.jpg 1 9 20 34 34
0708_0018_0023_0064_0064.jpg 1 18 23 64 64
0709_0006_0038_0057_0057.jpg 1 6 38 57 57
0710_0017_0011_0033_0033.jpg 1 17 11 33 33
0711_0008_0036_0043_0043.jpg 1 8 36 43 43
0712_0005_0025_0068_0068.jpg 1 5 25 68 68
0713_0014_0033_0034_0034.jpg 1 14 33 34 34
0714_0021_0028_0063_0063.jpg 1 21 28 63 63
0715_0027_0053_0027_0027.jpg 1 27 53 27 27
0716_0034_0024_0048_0048.jpg 1 34 24 48 48
0717_0006_0008_0059_0059.jpg 1 6 8 59 59
0718_0018_0031_0052_0052.jpg 1 18 31 52 52
0719_0043_0043_0050_0050.jpg 1 43 43 50 50
0720_0039_0058_0025_0025.jpg 1 39 58 25 25
0721_0055_0043_0033_0033.jpg 1 55 43 33 33
0722_0016_0028_0065_0065.jpg 1 16 28 65 65
0723_0013_0022_0047_0047.jpg 1 13 22 47 47
0724_0015_0061_0026_0026.jpg 1 15 61 26 26
0725_0018_0019_0036_0036.jpg 1 18 19 36 36
0726_0031_0033_0057_0057.jpg 1 31 33 57 57
0727_0007_0048_0038_0038.jpg 1 7 48 38 38
0728_0028_0016_0058_0058.jpg 1 28 16 58 58
0729_0007_0025_0057_0057.jpg 1 7 25 57 57
0730_0060_0060_0025_0025.jpg 1 60 60 25 25
0731_0044_0037_0041_0041.jpg 1 44 37 41 41
0732_0036_0029_0035_0035.jpg 1 36 29 35 35
0733_0021_0030_0045_0045.jpg 1 21 30 45 45
0734_0032_0053_0028_0028.jpg 1 32 53 28 28
0735_0016_0009_0068_0068.jpg 1 16 9 68 68
0736_0027_0018_0049_0049.jpg 1 27 18 49 49
0737_0019_0025_0061_0061.jpg 1 19 25 61 61
0738_0031_0024_0028_0028.jpg 1 31 24 28 28
0739_0051_0048_0039_0039.jpg 1 51 48 39 39
0740_0040_0021_0034_0034.jpg 1 40 21 34 34
0741_0020_0021_0069_0069.jpg 1 20 21 69 69
0742_0029_0034_0061_0061.jpg 1 29 34 61 61
0743_0028_0030_0059_0059.jpg 1 28 30 59 59
0744_0026_0007_0031_0031.jpg 1 26 7 31 31
0745_0009_0017_0066_0066.jpg 1 9 17 66 66
0746_0035_0037_0047_0047.jpg 1 35 37 47 47
0747_0009_0032_0058_0058.jpg 1 9 32 58 58
0748_0007_0029_0066_0066.jpg 1 7 29 66 66
0749_0028_0010_0067_0067.jpg 1 28 10 67 67
0750_0026_0023_0068_0068.jpg 1 26 23 68 68
0751_0021_0007_0063_0063.jpg 1 21 7 63 63
0752_0025_0009_0067_0067.jpg 1 25 9 67 67
0753_0049_0039_0042_0042.jpg 1 49 39 42 42
0754_0025_0039_0050_0050.jpg 1 25 39 50 50
0755_0036_0037_0048_0048.jpg 1 36 37 48 48
0756_0011_0030_0024_0024.jpg 1 11 30 24 24
0757_0034_0014_0052_0052.jpg 1 34 14 52 52
0758_0017_0020_0058_0058.jpg 1 17 20 58 58
0759_0007_0016_0068_0068.jpg 1 7 16 68 68
0760_0014_0034_0041_0041.jpg 1 14 34 41 41
0761_0026_0049_0035_0035.jpg 1 26 49 35 35
0762_0014_0048_0043_0043.jpg 1 14 48 43 43
0763_0011_0009_0068_0068.jpg 1 11 9 68 68
0764_0040_0028_0045_0045.jpg 1 40 28 45 45
0765_0022_0028_0046_0046.jpg 1 22 28 46 46
0766_0020_0014_0055_0055.jpg 1 20 14 55 55
0767_0038_0032_0043_0043.jpg 1 38 32 43 43
0768_0010_0042_0048_0048.jpg 1 10 42 48 48
0769_0010_0033_0034_0034.jpg 1 10 33 34 34
0770_0036_0023_0055_0055.jpg 1 36 23 55 55
0771_0019_0051_0042_0042.jpg 1 19 51 42 42
0772_0022_0016_0047_0047.jpg 1 22 16 47 47
0773_0027_0027_0060_0060.jpg 1 27 27 60 60
0774_0042_0014_0046_0046.jpg 1 42 14 46 46
0775_0019_0013_0061_0061.jpg 1 19 13 61 61
0776_0007_0025_0033_0033.jpg 1 7 25 33 33
0777_0026_0056_0027_0027.jpg 1 26 56 27 27
0778_0020_0003_0066_0066.jpg 1 20 3 66 66
0779_0026_0032_0040_0040.jpg 1 26 32 40 40
0780_0033_0058_0034_0034.jpg 1 33 58 34 34
0781_0017_0007_0050_0050.jpg 1 17 7 50 50
0782_0037_0014_0040_0040.jpg 1 37 14 40 40
0783_0025_0020_0033_0033.jpg 1 25 20 33 33
0784_0033_0033_0056_0056.jpg 1 33 33 56 56
0785_0032_0031_0055_0055.jpg 1 32 31 55 55
0786_0013_0027_0024_0024.jpg 1 13 27 24 24
0787_0060_0049_0027_0027.jpg 1 60 49 27 27
0788_0036_0023_0058_0058.jpg 1 36 23 58 58
0789_0030_0046_0040_0040.jpg 1 30 46 40 40
0790_0035_0036_0050_0050.jpg 1 35 36 50 50
0791_0045_0029_0047_0047.jpg 1 45 29 47 47
0792_0039_0027_0043_0043.jpg 1 39 27 43 43
0793_0027_0011_0051_0051.jpg 1 27 11 51 51
0794_0023_0035_0030_0030.jpg 1 23 35 30 30
0795_0006_0019_0057_0057.jpg 1 6 19 57 57
0796_0024_0036_0049_0049.jpg 1 24 36 49 49
0797_0049_0017_0033_0033.jpg 1 49 17 33 33
0798_0018_0009_0065_0065.jpg 1 18 9 65 65
0799_0020_0006_0057_0057.jpg 1 20 6 57 57
0800_0031_0020_0043_0043.jpg 1 31 20 43 43
0801_0035_0009_0053_0053.jpg 1 35 9 53 53
0802_0027_0021_0064_0064.jpg 1 27 21 64 64
0803_0034_0023_0042_0042.jpg 1 34 23 42 42
0804_0025_0052_0040_0040.jpg 1 25 52 40 40
0805_0052_0040_0032_0032.jpg 1 52 40 32 32
0806_0027_0028_0049_0049.jpg 1 27 28 49 49
0807_0013_0028_0046_0046.jpg 1 13 28 46 46
0808_0014_0040_0054_0054.jpg 1 14 40 54 54
0809_0027_0022_0069_0069.jpg 1 27 22 69 69
0810_0022_0007_0058_0058.jpg 1 22 7 58 58
0811_0035_0017_0059_0059.jpg 1 35 17 59 59
0812_0014_0054_0037_0037.jpg 1 14 54 37 37
0813_0021_0010_0062_0062.jpg 1 21 10 62 62
0814_0010_0053_0038_0038.jpg 1 10 53 38 38
0815_0016_0012_0066_0066.jpg 1 16 12 66 66
0816_0006_0037_0046_0046.jpg 1 6 37 46 46
0817_0027_0022_0056_0056.jpg 1 27 22 56 56
0818_0053_0052_0029_0029.jpg 1 53 52 29 29
0819_0043_0044_0039_0039.jpg 1 43 44 39 39
0820_0013_0005_0049_0049.jpg 1 13 5 49 49
0821_0026_0010_0049_0049.jpg 1 26 10 49 49
0822_0008_0018_0044_0044.jpg 1 8 18 44 44
0823_0042_0007_0049_0049.jpg 1 42 7 49 49
0824_0023_0018_0052_0052.jpg 1 23 18 52 52
0825_0006_0021_0062_0062.jpg 1 6 21 62 62
0826_0022_0005_0065_0065.jpg 1 22 5 65 65
0827_0030_0054_0039_0039.jpg 1 30 54 39 39
0828_0029_0017_0062_0062.jpg 1 29 17 62 62
0829_0007_0010_0043_0043.jpg 1 7 10 43 43
0830_0029_0038_0042_0042.jpg 1 29 38 42 42
0831_0026_0029_0055_0055.jpg 1 26 29 55 55
0832_0019_0043_0045_0045.jpg 1 19 43 45 45
0833_0027_0014_0063_0063.jpg 1 27 14 63 63
0834_0030_0011_0036_0036.jpg 1 30 11 36 36
0835_0019_0020_0069_0069.jpg 1 19 20 69 69
0836_0058_0050_0027_0027.jpg 1 58 50 27 27
0837_0030_0011_0063_0063.jpg 1 30 11 63 63
0838_0031_0018_0060_0060.jpg 1 31 18 60 60
0839_0005_0023_0048_0048.jpg 1 5 23 48 48
0840_0032_0049_0045_0045.jpg 1 32 49 45 45
0841_0015_0028_0058_0058.jpg 1 15 28 58 58
0842_0044_0008_0047_0047.jpg 1 44 8 47 47
0843_0053_0038_0025_0025.jpg 1 53 38 25 25
0844_0043_0021_0045_0045.jpg 1 43 21 45 45
0845_0031_0020_0063_0063.jpg 1 31 20 63 63
0846_0007_0006_0068_0068.jpg 1 7 6 68 68
0847_0012_0025_0068_0068.jpg 1 12 25 68 68
0848_0046_0018_0032_0032.jpg 1 46 18 32 32
0849_0053_0014_0025_0025.jpg 1 53 14 25 25
0850_0041_0033_0029_0029.jpg 1 41 33 29 29
0851_0048_0036_0033_0033.jpg 1 48 36 33 33
0852_0030_0009_0059_0059.jpg 1 30 9 59 59
0853_0038_0038_0056_0056.jpg 1 38 38 56 56
0854_0029_0013_0057_0057.jpg 1 29 13 57 57
0855_0040_0030_0031_0031.jpg 1 40 30 31 31
0856_0006_0025_0068_0068.jpg 1 6 25 68 68
0857_0020_0042_0042_0042.jpg 1 20 42 42 42
0858_0019_0005_0059_0059.jpg 1 19 5 59 59
0859_0019_0008_0041_0041.jpg 1 19 8 41 41
0860_0006_0003_0069_0069.jpg 1 6 3 69 69
0861_0017_0049_0043_0043.jpg 1 17 49 43 43
0862_0012_0014_0034_0034.jpg 1 12 14 34 34
0863_0036_0012_0035_0035.jpg 1 36 12 35 35
0864_0005_0007_0053_0053.jpg 1 5 7 53 53
0865_0031_0007_0058_0058.jpg 1 31 7 58 58
0866_0019_0025_0065_0065.jpg 1 19 25 65 65
0867_0036_0011_0056_0056.jpg 1 36 11 56 56
0868_0039_0039_0028_0028.jpg 1 39 39 28 28
0869_0033_0032_0061_0061.jpg 1 33 32 61 61
0870_0015_0025_0064_0064.jpg 1 15 25 64 64
0871_0026_0018_0055_0055.jpg 1 26 18 55 55
0872_0025_0024_0050_0050.jpg 1 25 24 50 50
0873_0022_0028_0058_0058.jpg 1 22 28 58 58
0874_0013_0049_0032_0032.jpg 1 13 49 32 32
0875_0035_0029_0051_0051.jpg 1 35 29 51 51
0876_0026_0012_0041_0041.jpg 1 26 12 41 41
0877_0013_0004_0067_0067.jpg 1 13 4 67 67
0878_0020_0028_0029_0029.jpg 1 20 28 29 29
0879_0017_0005_0048_0048.jpg 1 17 5 48 48
0880_0037_0040_0033_0033.jpg 1 37 40 33 33
0881_0035_0007_0036_0036.jpg 1 35 7 36 36
0882_0025_0006_0059_0059.jpg 1 25 6 59 59
0883_0037_0024_0058_0058.jpg 1 37 24 58 58
0884_0006_0045_0041_0041.jpg 1 6 45 41 41
0885_0034_0008_0035_0035.jpg 1 34 8 35 35
0886_0017_0036_0056_0056.jpg 1 17 36 56 56
0887_0009_0019_0063_0063.jpg 1 9 19 63 63
0888_0024_0025_0049_0049.jpg 1 24 25 49 49
0889_0010_0050_0027_0027.jpg 1 10 50 27 27
0890_0021_0011_0067_0067.jpg 1 21 11 67 67
0891_0020_0010_0046_0046.jpg 1 20 10 46 46
0892_0044_0045_0036_0036.jpg 1 44 45 36 36
0893_0030_0028_0045_0045.jpg 1 30 28 45 45
0894_0023_0042_0044_0044.jpg 1 23 42 44 44
0895_0034_0040_0055_0055.jpg 1 34 40 55 55
0896_0033_0012_0053_0053.jpg 1 33 12 53 53
0897_0006_0028_0048_0048.jpg 1 6 28 48 48
0898_0007_0023_0039_0039.jpg 1 7 23 39 39
0899_0043_0016_0024_0024.jpg 1 43 16 24 24
0900_0010_0018_0058_0058.jpg 1 10 18 58 58
0901_0051_0029_0039_0039.jpg 1 51 29 39 39
0902_0029_0020_0041_0041.jpg 1 29 20 41 41
0903_0028_0036_0040_0040.jpg 1 28 36 40 40
0904_0010_0031_0064_0064.jpg 1 10 31 64 64
0905_0009_0005_0061_0061.jpg 1 9 5 61 61
0906_0059_0058_0031_0031.jpg 1 59 58 31 31
0907_0026_0030_0041_0041.jpg 1 26 30 41 41
0908_0008_0006_0066_0066.jpg 1 8 6 66 66
0909_0021_0013_0069_0069.jpg 1 21 13 69 69
0910_0027_0033_0057_0057.jpg 1 27 33 57 57
0911_0028_0009_0062_0062.jpg 1 28 9 62 62
0912_0014_0028_0055_0055.jpg 1 14 28 55 55
0913_0044_0035_0047_0047.jpg 1 44 35 47 47
0914_0006_0027_0057_0057.jpg 1 6 27 57 57
0915_0017_0037_0048_0048.jpg 1 17 37 48 48
0916_0038_0042_0044_0044.jpg 1 38 42 44 44
0917_0026_0020_0039_0039.jpg 1 26 20 39 39
0918_0038_0022_0047_0047.jpg 1 38 22 47 47
0919_0044_0013_0047_0047.jpg 1 44 13 47 47
0920_0029_0027_0042_0042.jpg 1 29 27 42 42
0921_0025_0031_0042_0042.jpg 1 25 31 42 42
0922_0017_0044_0043_0043.jpg 1 17 44 43 43
0923_0021_0019_0042_0042.jpg 1 21 19 42 42
0924_0020_0020_0066_0066.jpg 1 20 20 66 66
0925_0012_0057_0033_0033.jpg 1 12 57 33 33
0926_0048_0009_0045_0045.jpg 1 48 9 45 45
0927_0033_0027_0061_0061.jpg 1 33 27 61 61
0928_0008_0026_0030_0030.jpg 1 8 26 30 30
0929_0033_0014_0024_0024.jpg 1 33 14 24 24
0930_0020_0008_0067_0067.jpg 1 20 8 67 67
0931_0048_0020_0045_0045.jpg 1 48 20 45 45
0932_0036_0028_0052_0052.jpg 1 36 28 52 52
0933_0019_0029_0054_0054.jpg 1 19 29 54 54
0934_0036_0025_0030_0030.jpg 1 36 25 30 30
0935_0028_0015_0041_0041.jpg 1 28 15 41 41
0936_0013_0047_0024_0024.jpg 1 13 47 24 24
0937_0060_0025_0026_0026.jpg 1 60 25 26 26
0938_0040_0023_0050_0050.jpg 1 40 23 50 50
0939_0022_0011_0061_0061.jpg 1 22 11 61 61
0940_0063_0030_0025_0025.jpg 1 63 30 25 25
0941_0038_0027_0048_0048.jpg 1 38 27 48 48
0942_0059_0027_0027_0027.jpg 1 59 27 27 27
0943_0038_0034_0026_0026.jpg 1 38 34 26 26
0944_0039_0026_0052_0052.jpg 1 39 26 52 52
0945_0033_0041_0047_0047.jpg 1 33 41 47 47
0946_0018_0023_0055_0055.jpg 1 18 23 55 55
0947_0012_0020_0046_0046.jpg 1 12 20 46 46
0948_0020_0028_0044_0044.jpg 1 20 28 44 44
0949_0040_0026_0045_0045.jpg 1 40 26 45 45
0950_0028_0036_0035_0035.jpg 1 28 36 35 35
0951_0021_0012_0059_0059.jpg 1 21 12 59 59
0952_0020_0033_0044_0044.jpg 1 20 33 44 44
0953_0055_0053_0026_0026.jpg 1 55 53 26 26
0954_0010_0034_0042_0042.jpg 1 10 34 42 42
0955_0049_0029_0036_0036.jpg 1 49 29 36 36
0956_0063_0037_0028_0028.jpg 1 63 37 28 28
0957_0035_0039_0055_0055.jpg 1 35 39 55 55
0958_0026_0054_0028_0028.jpg 1 26 54 28 28
0959_0053_0026_0027_0027.jpg 1 53 26 27 27
0960_0042_0018_0026_0026.jpg 1 42 18 26 26
0961_0013_0021_0048_0048.jpg 1 13 21 48 48
0962_0008_0011_0040_0040.jpg 1 8 11 40 40
0963_0029_0040_0049_0049.jpg 1 29 40 49 49
0964_0059_0025_0027_0027.jpg 1 59 25 27 27
0965_0054_0006_0033_0033.jpg 1 54 6 33 33
0966_0035_0008_0060_0060.jpg 1 35 8 60 60
0967_0034_0020_0053_0053.jpg 1 34 20 53 53
0968_0012_0028_0068_0068.jpg 1 12 28 68 68
0969_0019_0036_0055_0055.jpg 1 19 36 55 55
0970_0015_0015_0056_0056.jpg 1 15 15 56 56
0971_0005_0018_0069_0069.jpg 1 5 18 69 69
0972_0004_0004_0065_0065.jpg 1 4 4 65 65
0973_0010_0014_0051_0051.jpg 1 10 14 51 51
0974_0014_0034_0052_0052.jpg 1 14 34 52 52
0975_0048_0033_0030_0030.jpg 1 48 33 30 30
0976_0024_0016_0033_0033.jpg 1 24 16 33 33
0977_0016_0006_0049_0049.jpg 1 16 6 49 49
0978_0038_0011_0053_0053.jpg 1 38 11 53 53
0979_0026_0036_0054_0054.jpg 1 26 36 54 54
0980_0031_0027_0064_0064.jpg 1 31 27 64 64
0981_0021_0056_0033_0033.jpg 1 21 56 33 33
0982_0023_0017_0056_0056.jpg 1 23 17 56 56
0983_0031_0021_0061_0061.jpg 1 31 21 61 61
0984_0012_0037_0055_0055.jpg 1 12 37 55 55
0985_0044_0011_0036_0036.jpg 1 44 11 36 36
0986_0013_0009_0064_0064.jpg 1 13 9 64 64
0987_0011_0033_0060_0060.jpg 1 11 33 60 60
0988_0033_0026_0048_0048.jpg 1 33 26 48 48
0989_0005_0030_0053_0053.jpg 1 5 30 53 53
0990_0026_0056_0027_0027.jpg 1 26 56 27 27
0991_0013_0017_0043_0043.jpg 1 13 17 43 43
0992_0060_0026_0032_0032.jpg 1 60 26 32 32
0993_0018_0038_0049_0049.jpg 1 18 38 49 49
0994_0031_0039_0056_0056.jpg 1 31 39 56 56
0995_0025_0028_0044_0044.jpg 1 25 28 44 44
0996_0013_0019_0066_0066.jpg 1 13 19 66 66
0997_0016_0007_0052_0052.jpg 1 16 7 52 52
0998_0020_0004_0060_0060.jpg 1 20 4 60 60
0999_0029_0013_0057_0057.jpg 1 29 13 57 57
1000_0022_0030_0040_0040.jpg 1 22 30 40 40
