0001_0028_0057_0032_0032.jpg 1 28 57 32 32
0002_0012_0019_0058_0058.jpg 1 12 19 58 58
0003_0018_0057_0026_0026.jpg 1 18 57 26 26
0004_0032_0040_0045_0045.jpg 1 32 40 45 45
0005_0038_0029_0056_0056.jpg 1 38 29 56 56
0006_0035_0033_0048_0048.jpg 1 35 33 48 48
0007_0019_0008_0055_0055.jpg 1 19 8 55 55
0008_0015_0006_0035_0035.jpg 1 15 6 35 35
0009_0033_0026_0052_0052.jpg 1 33 26 52 52
0010_0049_0051_0042_0042.jpg 1 49 51 42 42
0011_0006_0029_0064_0064.jpg 1 6 29 64 64
0012_0037_0034_0049_0049.jpg 1 37 34 49 49
0013_0024_0009_0033_0033.jpg 1 24 9 33 33
0014_0062_0054_0024_0024.jpg 1 62 54 24 24
0015_0052_0042_0039_0039.jpg 1 52 42 39 39
0016_0043_0024_0039_0039.jpg 1 43 24 39 39
0017_0019_0039_0051_0051.jpg 1 19 39 51 51
0018_0038_0047_0041_0041.jpg 1 38 47 41 41
0019_0016_0034_0050_0050.jpg 1 16 34 50 50
0020_0025_0027_0066_0066.jpg 1 25 27 66 66
0021_0013_0014_0069_0069.jpg 1 13 14 69 69
0022_0016_0013_0046_0046.jpg 1 16 13 46 46
0023_0017_0010_0065_0065.jpg 1 17 10 65 65
0024_0031_0017_0052_0052.jpg 1 31 17 52 52
0025_0020_0017_0046_0046.jpg 1 20 17 46 46
0026_0035_0026_0043_0043.jpg 1 35 26 43 43
0027_0006_0022_0063_0063.jpg 1 6 22 63 63
0028_0009_0039_0026_0026.jpg 1 9 39 26 26
0029_0037_0030_0051_0051.jpg 1 37 30 51 51
0030_0016_0015_0025_0025.jpg 1 16 15 25 25
0031_0024_0054_0027_0027.jpg 1 24 54 27 27
0032_0057_0050_0033_0033.jpg 1 57 50 33 33
0033_0029_0029_0045_0045.jpg 1 29 29 45 45
0034_0021_0026_0058_0058.jpg 1 21 26 58 58
0035_0010_0062_0024_0024.jpg 1 10 62 24 24
0036_0058_0031_0029_0029.jpg 1 58 31 29 29
0037_0028_0006_0056_0056.jpg 1 28 6 56 56
0038_0010_0048_0038_0038.jpg 1 10 48 38 38
0039_0019_0016_0047_0047.jpg 1 19 16 47 47
0040_0019_0013_0062_0062.jpg 1 19 13 62 62
0041_0014_0006_0055_0055.jpg 1 14 6 55 55
0042_0032_0006_0058_0058.jpg 1 32 6 58 58
0043_0052_0027_0037_0037.jpg 1 52 27 37 37
0044_0011_0010_0046_0046.jpg 1 11 10 46 46
0045_0028_0033_0061_0061.jpg 1 28 33 61 61
0046_0030_0035_0031_0031.jpg 1 30 35 31 31
0047_0039_0041_0028_0028.jpg 1 39 41 28 28
0048_0043_0029_0040_0040.jpg 1 43 29 40 40
0049_0012_0036_0026_0026.jpg 1 12 36 26 26
0050_0028_0007_0024_0024.jpg 1 28 7 24 24
0051_0026_0024_0047_0047.jpg 1 26 24 47 47
0052_0035_0040_0035_0035.jpg 1 35 40 35 35
0053_0012_0023_0038_0038.jpg 1 12 23 38 38
0054_0006_0022_0062_0062.jpg 1 6 22 62 62
0055_0016_0047_0036_0036.jpg 1 16 47 36 36
0056_0026_0040_0031_0031.jpg 1 26 40 31 31
0057_0028_0010_0057_0057.jpg 1 28 10 57 57
0058_0005_0008_0049_0049.jpg 1 5 8 49 49
0059_0025_0022_0063_0063.jpg 1 25 22 63 63
0060_0005_0030_0055_0055.jpg 1 5 30 55 55
0061_0028_0042_0037_0037.jpg 1 28 42 37 37
0062_0006_0017_0044_0044.jpg 1 6 17 44 44
0063_0027_0014_0042_0042.jpg 1 27 14 42 42
0064_0042_0028_0047_0047.jpg 1 42 28 47 47
0065_0049_0030_0045_0045.jpg 1 49 30 45 45
0066_0013_0005_0055_0055.jpg 1 13 5 55 55
0067_0006_0027_0041_0041.jpg 1 6 27 41 41
0068_0057_0025_0032_0032.jpg 1 57 25 32 32
0069_0040_0027_0035_0035.jpg 1 40 27 35 35
0070_0019_0027_0067_0067.jpg 1 19 27 67 67
0071_0012_0014_0037_0037.jpg 1 12 14 37 37
0072_0050_0032_0035_0035.jpg 1 50 32 35 35
0073_0011_0059_0033_0033.jpg 1 11 59 33 33
0074_0013_0021_0033_0033.jpg 1 13 21 33 33
0075_0022_0019_0068_0068.jpg 1 22 19 68 68
0076_0040_0024_0039_0039.jpg 1 40 24 39 39
0077_0007_0033_0056_0056.jpg 1 7 33 56 56
0078_0015_0029_0055_0055.jpg 1 15 29 55 55
0079_0053_0031_0035_0035.jpg 1 53 31 35 35
0080_0029_0037_0054_0054.jpg 1 29 37 54 54
0081_0008_0012_0056_0056.jpg 1 8 12 56 56
0082_0013_0035_0033_0033.jpg 1 13 35 33 33
0083_0051_0055_0037_0037.jpg 1 51 55 37 37
0084_0034_0024_0062_0062.jpg 1 34 24 62 62
0085_0031_0029_0051_0051.jpg 1 31 29 51 51
0086_0033_0016_0053_0053.jpg 1 33 16 53 53
0087_0039_0037_0049_0049.jpg 1 39 37 49 49
0088_0016_0032_0036_0036.jpg 1 16 32 36 36
0089_0016_0023_0067_0067.jpg 1 16 23 67 67
0090_0036_0038_0025_0025.jpg 1 36 38 25 25
0091_0027_0026_0062_0062.jpg 1 27 26 62 62
0092_0014_0034_0058_0058.jpg 1 14 34 58 58
0093_0005_0019_0059_0059.jpg 1 5 19 59 59
0094_0018_0033_0052_0052.jpg 1 18 33 52 52
0095_0055_0024_0028_0028.jpg 1 55 24 28 28
0096_0010_0012_0061_0061.jpg 1 10 12 61 61
0097_0035_0006_0041_0041.jpg 1 35 6 41 41
0098_0013_0039_0030_0030.jpg 1 13 39 30 30
0099_0035_0024_0042_0042.jpg 1 35 24 42 42
0100_0016_0023_0069_0069.jpg 1 16 23 69 69
0101_0018_0027_0061_0061.jpg 1 18 27 61 61
0102_0033_0034_0037_0037.jpg 1 33 34 37 37
0103_0044_0059_0029_0029.jpg 1 44 59 29 29
0104_0008_0010_0069_0069.jpg 1 8 10 69 69
0105_0040_0050_0042_0042.jpg 1 40 50 42 42
0106_0011_0025_0069_0069.jpg 1 11 25 69 69
0107_0009_0031_0052_0052.jpg 1 9 31 52 52
0108_0006_0022_0052_0052.jpg 1 6 22 52 52
0109_0033_0031_0031_0031.jpg 1 33 31 31 31
0110_0015_0033_0049_0049.jpg 1 15 33 49 49
0111_0040_0044_0046_0046.jpg 1 40 44 46 46
0112_0006_0006_0049_0049.jpg 1 6 6 49 49
0113_0027_0031_0062_0062.jpg 1 27 31 62 62
0114_0016_0013_0050_0050.jpg 1 16 13 50 50
0115_0045_0052_0024_0024.jpg 1 45 52 24 24
0116_0025_0034_0046_0046.jpg 1 25 34 46 46
0117_0049_0007_0032_0032.jpg 1 49 7 32 32
0118_0032_0010_0062_0062.jpg 1 32 10 62 62
0119_0028_0045_0038_0038.jpg 1 28 45 38 38
0120_0026_0004_0069_0069.jpg 1 26 4 69 69
0121_0020_0003_0064_0064.jpg 1 20 3 64 64
0122_0033_0030_0049_0049.jpg 1 33 30 49 49
0123_0039_0040_0031_0031.jpg 1 39 40 31 31
0124_0060_0011_0033_0033.jpg 1 60 11 33 33
0125_0020_0032_0056_0056.jpg 1 20 32 56 56
0126_0027_0023_0066_0066.jpg 1 27 23 66 66
0127_0022_0012_0046_0046.jpg 1 22 12 46 46
0128_0053_0021_0034_0034.jpg 1 53 21 34 34
0129_0024_0004_0065_0065.jpg 1 24 4 65 65
0130_0014_0038_0056_0056.jpg 1 14 38 56 56
0131_0011_0007_0063_0063.jpg 1 11 7 63 63
0132_0027_0009_0067_0067.jpg 1 27 9 67 67
0133_0038_0028_0049_0049.jpg 1 38 28 49 49
0134_0010_0029_0053_0053.jpg 1 10 29 53 53
0135_0027_0013_0051_0051.jpg 1 27 13 51 51
0136_0012_0016_0054_0054.jpg 1 12 16 54 54
0137_0008_0047_0042_0042.jpg 1 8 47 42 42
0138_0011_0047_0040_0040.jpg 1 11 47 40 40
0139_0021_0029_0057_0057.jpg 1 21 29 57 57
0140_0009_0014_0046_0046.jpg 1 9 14 46 46
0141_0031_0017_0060_0060.jpg 1 31 17 60 60
0142_0016_0010_0068_0068.jpg 1 16 10 68 68
0143_0033_0053_0037_0037.jpg 1 33 53 37 37
0144_0053_0040_0026_0026.jpg 1 53 40 26 26
0145_0032_0024_0028_0028.jpg 1 32 24 28 28
0146_0012_0032_0060_0060.jpg 1 12 32 60 60
0147_0035_0008_0056_0056.jpg 1 35 8 56 56
0148_0016_0020_0036_0036.jpg 1 16 20 36 36
0149_0042_0008_0041_0041.jpg 1 42 8 41 41
0150_0036_0015_0029_0029.jpg 1 36 15 29 29
0151_0010_0016_0069_0069.jpg 1 10 16 69 69
0152_0023_0044_0043_0043.jpg 1 23 44 43 43
0153_0009_0030_0063_0063.jpg 1 9 30 63 63
0154_0033_0029_0054_0054.jpg 1 33 29 54 54
0155_0008_0022_0068_0068.jpg 1 8 22 68 68
0156_0015_0014_0031_0031.jpg 1 15 14 31 31
0157_0038_0016_0042_0042.jpg 1 38 16 42 42
0158_0039_0024_0040_0040.jpg 1 39 24 40 40
0159_0012_0030_0063_0063.jpg 1 12 30 63 63
0160_0037_0020_0033_0033.jpg 1 37 20 33 33
0161_0006_0032_0034_0034.jpg 1 6 32 34 34
0162_0009_0013_0062_0062.jpg 1 9 13 62 62
0163_0016_0007_0066_0066.jpg 1 16 7 66 66
0164_0020_0021_0056_0056.jpg 1 20 21 56 56
0165_0041_0033_0050_0050.jpg 1 41 33 50 50
0166_0036_0014_0041_0041.jpg 1 36 14 41 41
0167_0013_0047_0028_0028.jpg 1 13 47 28 28
0168_0022_0004_0062_0062.jpg 1 22 4 62 62
0169_0029_0036_0035_0035.jpg 1 29 36 35 35
0170_0018_0014_0054_0054.jpg 1 18 14 54 54
0171_0064_0041_0025_0025.jpg 1 64 41 25 25
0172_0028_0008_0061_0061.jpg 1 28 8 61 61
0173_0013_0016_0059_0059.jpg 1 13 16 59 59
0174_0039_0024_0031_0031.jpg 1 39 24 31 31
0175_0046_0014_0048_0048.jpg 1 46 14 48 48
0176_0017_0009_0029_0029.jpg 1 17 9 29 29
0177_0031_0065_0024_0024.jpg 1 31 65 24 24
0178_0014_0003_0063_0063.jpg 1 14 3 63 63
0179_0049_0023_0037_0037.jpg 1 49 23 37 37
0180_0023_0008_0041_0041.jpg 1 23 8 41 41
0181_0023_0022_0049_0049.jpg 1 23 22 49 49
0182_0013_0034_0050_0050.jpg 1 13 34 50 50
0183_0043_0015_0050_0050.jpg 1 43 15 50 50
0184_0033_0032_0044_0044.jpg 1 33 32 44 44
0185_0027_0004_0064_0064.jpg 1 27 4 64 64
0186_0041_0011_0047_0047.jpg 1 41 11 47 47
0187_0051_0045_0031_0031.jpg 1 51 45 31 31
0188_0031_0039_0043_0043.jpg 1 31 39 43 43
0189_0022_0015_0062_0062.jpg 1 22 15 62 62
0190_0012_0021_0066_0066.jpg 1 12 21 66 66
0191_0014_0027_0060_0060.jpg 1 14 27 60 60
0192_0011_0021_0063_0063.jpg 1 11 21 63 63
0193_0013_0018_0059_0059.jpg 1 13 18 59 59
0194_0027_0028_0047_0047.jpg 1 27 28 47 47
0195_0035_0047_0029_0029.jpg 1 35 47 29 29
0196_0045_0027_0044_0044.jpg 1 45 27 44 44
0197_0021_0009_0065_0065.jpg 1 21 9 65 65
0198_0018_0047_0046_0046.jpg 1 18 47 46 46
0199_0022_0009_0029_0029.jpg 1 22 9 29 29
0200_0024_0031_0043_0043.jpg 1 24 31 43 43
0201_0027_0006_0060_0060.jpg 1 27 6 60 60
0202_0032_0022_0054_0054.jpg 1 32 22 54 54
0203_0048_0017_0045_0045.jpg 1 48 17 45 45
0204_0031_0037_0057_0057.jpg 1 31 37 57 57
0205_0018_0037_0056_0056.jpg 1 18 37 56 56
0206_0022_0004_0067_0067.jpg 1 22 4 67 67
0207_0030_0022_0054_0054.jpg 1 30 22 54 54
0208_0018_0021_0065_0065.jpg 1 18 21 65 65
0209_0011_0007_0053_0053.jpg 1 11 7 53 53
0210_0020_0008_0051_0051.jpg 1 20 8 51 51
0211_0019_0044_0047_0047.jpg 1 19 44 47 47
0212_0020_0026_0034_0034.jpg 1 20 26 34 34
0213_0031_0018_0038_0038.jpg 1 31 18 38 38
0214_0019_0017_0069_0069.jpg 1 19 17 69 69
0215_0051_0026_0040_0040.jpg 1 51 26 40 40
0216_0030_0028_0033_0033.jpg 1 30 28 33 33
0217_0019_0018_0040_0040.jpg 1 19 18 40 40
0218_0023_0026_0042_0042.jpg 1 23 26 42 42
0219_0015_0006_0068_0068.jpg 1 15 6 68 68
0220_0034_0005_0058_0058.jpg 1 34 5 58 58
0221_0006_0041_0047_0047.jpg 1 6 41 47 47
0222_0042_0029_0042_0042.jpg 1 42 29 42 42
0223_0013_0022_0053_0053.jpg 1 13 22 53 53
0224_0044_0048_0035_0035.jpg 1 44 48 35 35
0225_0006_0018_0054_0054.jpg 1 6 18 54 54
0226_0041_0064_0028_0028.jpg 1 41 64 28 28
0227_0037_0009_0041_0041.jpg 1 37 9 41 41
0228_0007_0032_0058_0058.jpg 1 7 32 58 58
0229_0039_0031_0030_0030.jpg 1 39 31 30 30
0230_0019_0024_0058_0058.jpg 1 19 24 58 58
0231_0042_0028_0047_0047.jpg 1 42 28 47 47
0232_0020_0007_0049_0049.jpg 1 20 7 49 49
0233_0013_0023_0032_0032.jpg 1 13 23 32 32
0234_0010_0052_0036_0036.jpg 1 10 52 36 36
0235_0039_0034_0048_0048.jpg 1 39 34 48 48
0236_0009_0029_0062_0062.jpg 1 9 29 62 62
0237_0023_0017_0056_0056.jpg 1 23 17 56 56
0238_0049_0032_0035_0035.jpg 1 49 32 35 35
0239_0009_0021_0051_0051.jpg 1 9 21 51 51
0240_0043_0013_0040_0040.jpg 1 43 13 40 40
0241_0015_0010_0062_0062.jpg 1 15 10 62 62
0242_0034_0009_0029_0029.jpg 1 34 9 29 29
0243_0032_0040_0055_0055.jpg 1 32 40 55 55
0244_0008_0019_0061_0061.jpg 1 8 19 61 61
0245_0041_0038_0047_0047.jpg 1 41 38 47 47
0246_0034_0006_0059_0059.jpg 1 34 6 59 59
0247_0023_0024_0028_0028.jpg 1 23 24 28 28
0248_0032_0026_0052_0052.jpg 1 32 26 52 52
0249_0010_0026_0058_0058.jpg 1 10 26 58 58
0250_0046_0017_0027_0027.jpg 1 46 17 27 27
0251_0029_0051_0034_0034.jpg 1 29 51 34 34
0252_0013_0022_0057_0057.jpg 1 13 22 57 57
0253_0031_0007_0054_0054.jpg 1 31 7 54 54
0254_0015_0040_0049_0049.jpg 1 15 40 49 49
0255_0016_0004_0065_0065.jpg 1 16 4 65 65
0256_0021_0024_0063_0063.jpg 1 21 24 63 63
0257_0017_0026_0059_0059.jpg 1 17 26 59 59
0258_0014_0017_0030_0030.jpg 1 14 17 30 30
0259_0015_0016_0061_0061.jpg 1 15 16 61 61
0260_0040_0049_0037_0037.jpg 1 40 49 37 37
0261_0030_0025_0066_0066.jpg 1 30 25 66 66
0262_0057_0008_0029_0029.jpg 1 57 8 29 29
0263_0043_0047_0025_0025.jpg 1 43 47 25 25
0264_0024_0027_0067_0067.jpg 1 24 27 67 67
0265_0011_0023_0029_0029.jpg 1 11 23 29 29
0266_0034_0030_0027_0027.jpg 1 34 30 27 27
0267_0041_0022_0041_0041.jpg 1 41 22 41 41
0268_0022_0030_0065_0065.jpg 1 22 30 65 65
0269_0048_0038_0028_0028.jpg 1 48 38 28 28
0270_0033_0032_0058_0058.jpg 1 33 32 58 58
0271_0028_0040_0042_0042.jpg 1 28 40 42 42
0272_0013_0047_0027_0027.jpg 1 13 47 27 27
0273_0036_0042_0037_0037.jpg 1 36 42 37 37
0274_0031_0044_0043_0043.jpg 1 31 44 43 43
0275_0018_0012_0055_0055.jpg 1 18 12 55 55
0276_0007_0011_0032_0032.jpg 1 7 11 32 32
0277_0029_0043_0043_0043.jpg 1 29 43 43 43
0278_0007_0017_0040_0040.jpg 1 7 17 40 40
0279_0018_0026_0024_0024.jpg 1 18 26 24 24
0280_0050_0007_0044_0044.jpg 1 50 7 44 44
0281_0014_0020_0047_0047.jpg 1 14 20 47 47
0282_0008_0021_0040_0040.jpg 1 8 21 40 40
0283_0049_0033_0039_0039.jpg 1 49 33 39 39
0284_0014_0014_0045_0045.jpg 1 14 14 45 45
0285_0017_0023_0069_0069.jpg 1 17 23 69 69
0286_0027_0032_0028_0028.jpg 1 27 32 28 28
0287_0053_0064_0026_0026.jpg 1 53 64 26 26
0288_0005_0019_0063_0063.jpg 1 5 19 63 63
0289_0023_0044_0043_0043.jpg 1 23 44 43 43
0290_0046_0022_0048_0048.jpg 1 46 22 48 48
0291_0034_0015_0043_0043.jpg 1 34 15 43 43
0292_0042_0006_0048_0048.jpg 1 42 6 48 48
0293_0052_0055_0032_0032.jpg 1 52 55 32 32
0294_0019_0041_0046_0046.jpg 1 19 41 46 46
0295_0014_0023_0065_0065.jpg 1 14 23 65 65
0296_0024_0015_0053_0053.jpg 1 24 15 53 53
0297_0027_0031_0053_0053.jpg 1 27 31 53 53
0298_0031_0039_0052_0052.jpg 1 31 39 52 52
0299_0012_0029_0028_0028.jpg 1 12 29 28 28
0300_0047_0006_0044_0044.jpg 1 47 6 44 44
0301_0038_0037_0040_0040.jpg 1 38 37 40 40
0302_0029_0012_0050_0050.jpg 1 29 12 50 50
0303_0041_0006_0050_0050.jpg 1 41 6 50 50
0304_0057_0036_0033_0033.jpg 1 57 36 33 33
0305_0031_0015_0036_0036.jpg 1 31 15 36 36
0306_0022_0023_0058_0058.jpg 1 22 23 58 58
0307_0009_0006_0066_0066.jpg 1 9 6 66 66
0308_0008_0054_0033_0033.jpg 1 8 54 33 33
0309_0032_0021_0030_0030.jpg 1 32 21 30 30
0310_0021_0040_0046_0046.jpg 1 21 40 46 46
0311_0018_0033_0056_0056.jpg 1 18 33 56 56
0312_0051_0018_0025_0025.jpg 1 51 18 25 25
0313_0036_0035_0047_0047.jpg 1 36 35 47 47
0314_0021_0005_0064_0064.jpg 1 21 5 64 64
0315_0057_0046_0027_0027.jpg 1 57 46 27 27
0316_0043_0010_0034_0034.jpg 1 43 10 34 34
0317_0030_0020_0052_0052.jpg 1 30 20 52 52
0318_0011_0040_0050_0050.jpg 1 11 40 50 50
0319_0028_0014_0068_0068.jpg 1 28 14 68 68
0320_0010_0033_0026_0026.jpg 1 10 33 26 26
0321_0051_0037_0036_0036.jpg 1 51 37 36 36
0322_0027_0036_0059_0059.jpg 1 27 36 59 59
0323_0040_0030_0045_0045.jpg 1 40 30 45 45
0324_0024_0036_0042_0042.jpg 1 24 36 42 42
0325_0040_0038_0038_0038.jpg 1 40 38 38 38
0326_0016_0054_0036_0036.jpg 1 16 54 36 36
0327_0018_0021_0036_0036.jpg 1 18 21 36 36
0328_0054_0045_0034_0034.jpg 1 54 45 34 34
0329_0010_0009_0048_0048.jpg 1 10 9 48 48
0330_0032_0009_0058_0058.jpg 1 32 9 58 58
0331_0028_0035_0054_0054.jpg 1 28 35 54 54
0332_0023_0026_0043_0043.jpg 1 23 26 43 43
0333_0015_0026_0048_0048.jpg 1 15 26 48 48
0334_0014_0040_0048_0048.jpg 1 14 40 48 48
0335_0034_0027_0047_0047.jpg 1 34 27 47 47
0336_0027_0035_0039_0039.jpg 1 27 35 39 39
0337_0011_0043_0049_0049.jpg 1 11 43 49 49
0338_0034_0036_0028_0028.jpg 1 34 36 28 28
0339_0016_0025_0063_0063.jpg 1 16 25 63 63
0340_0019_0050_0027_0027.jpg 1 19 50 27 27
0341_0004_0004_0060_0060.jpg 1 4 4 60 60
0342_0019_0016_0034_0034.jpg 1 19 16 34 34
0343_0023_0028_0065_0065.jpg 1 23 28 65 65
0344_0010_0014_0045_0045.jpg 1 10 14 45 45
0345_0060_0043_0025_0025.jpg 1 60 43 25 25
0346_0015_0032_0061_0061.jpg 1 15 32 61 61
0347_0026_0040_0032_0032.jpg 1 26 40 32 32
0348_0038_0022_0053_0053.jpg 1 38 22 53 53
0349_0018_0027_0057_0057.jpg 1 18 27 57 57
0350_0030_0037_0042_0042.jpg 1 30 37 42 42
0351_0019_0008_0064_0064.jpg 1 19 8 64 64
0352_0005_0014_0064_0064.jpg 1 5 14 64 64
0353_0066_0047_0025_0025.jpg 1 66 47 25 25
0354_0025_0052_0034_0034.jpg 1 25 52 34 34
0355_0016_0004_0059_0059.jpg 1 16 4 59 59
0356_0059_0046_0026_0026.jpg 1 59 46 26 26
0357_0041_0039_0039_0039.jpg 1 41 39 39 39
0358_0016_0041_0024_0024.jpg 1 16 41 24 24
0359_0020_0007_0066_0066.jpg 1 20 7 66 66
0360_0041_0029_0029_0029.jpg 1 41 29 29 29
0361_0014_0047_0044_0044.jpg 1 14 47 44 44
0362_0024_0013_0065_0065.jpg 1 24 13 65 65
0363_0017_0020_0065_0065.jpg 1 17 20 65 65
0364_0021_0021_0038_0038.jpg 1 21 21 38 38
0365_0009_0008_0067_0067.jpg 1 9 8 67 67
0366_0030_0034_0051_0051.jpg 1 30 34 51 51
0367_0024_0025_0065_0065.jpg 1 24 25 65 65
0368_0044_0045_0048_0048.jpg 1 44 45 48 48
0369_0054_0022_0032_0032.jpg 1 54 22 32 32
0370_0061_0027_0029_0029.jpg 1 61 27 29 29
0371_0034_0027_0061_0061.jpg 1 34 27 61 61
0372_0042_0044_0031_0031.jpg 1 42 44 31 31
0373_0008_0012_0028_0028.jpg 1 8 12 28 28
0374_0017_0021_0065_0065.jpg 1 17 21 65 65
0375_0028_0024_0065_0065.jpg 1 28 24 65 65
0376_0020_0014_0065_0065.jpg 1 20 14 65 65
0377_0013_0016_0066_0066.jpg 1 13 16 66 66
0378_0045_0013_0033_0033.jpg 1 45 13 33 33
0379_0008_0013_0067_0067.jpg 1 8 13 67 67
0380_0006_0012_0062_0062.jpg 1 6 12 62 62
0381_0023_0028_0067_0067.jpg 1 23 28 67 67
0382_0014_0040_0046_0046.jpg 1 14 40 46 46
0383_0011_0025_0034_0034.jpg 1 11 25 34 34
0384_0008_0018_0032_0032.jpg 1 8 18 32 32
0385_0031_0008_0036_0036.jpg 1 31 8 36 36
0386_0047_0013_0030_0030.jpg 1 47 13 30 30
0387_0024_0006_0052_0052.jpg 1 24 6 52 52
0388_0013_0029_0033_0033.jpg 1 13 29 33 33
0389_0030_0024_0029_0029.jpg 1 30 24 29 29
0390_0006_0016_0040_0040.jpg 1 6 16 40 40
0391_0012_0019_0038_0038.jpg 1 12 19 38 38
0392_0062_0010_0025_0025.jpg 1 62 10 25 25
0393_0006_0032_0062_0062.jpg 1 6 32 62 62
0394_0034_0014_0046_0046.jpg 1 34 14 46 46
0395_0011_0028_0059_0059.jpg 1 11 28 59 59
0396_0036_0053_0027_0027.jpg 1 36 53 27 27
0397_0033_0010_0036_0036.jpg 1 33 10 36 36
0398_0012_0008_0067_0067.jpg 1 12 8 67 67
0399_0027_0024_0069_0069.jpg 1 27 24 69 69
0400_0027_0006_0059_0059.jpg 1 27 6 59 59
0401_0017_0037_0050_0050.jpg 1 17 37 50 50
0402_0021_0042_0033_0033.jpg 1 21 42 33 33
0403_0009_0048_0044_0044.jpg 1 9 48 44 44
0404_0015_0012_0069_0069.jpg 1 15 12 69 69
0405_0011_0040_0043_0043.jpg 1 11 40 43 43
0406_0024_0019_0055_0055.jpg 1 24 19 55 55
0407_0024_0015_0068_0068.jpg 1 24 15 68 68
0408_0057_0007_0030_0030.jpg 1 57 7 30 30
0409_0033_0034_0035_0035.jpg 1 33 34 35 35
0410_0016_0003_0066_0066.jpg 1 16 3 66 66
0411_0005_0012_0067_0067.jpg 1 5 12 67 67
0412_0036_0025_0042_0042.jpg 1 36 25 42 42
0413_0023_0031_0062_0062.jpg 1 23 31 62 62
0414_0053_0028_0034_0034.jpg 1 53 28 34 34
0415_0060_0019_0031_0031.jpg 1 60 19 31 31
0416_0040_0051_0036_0036.jpg 1 40 51 36 36
0417_0040_0052_0026_0026.jpg 1 40 52 26 26
0418_0053_0030_0040_0040.jpg 1 53 30 40 40
0419_0028_0016_0060_0060.jpg 1 28 16 60 60
0420_0057_0020_0034_0034.jpg 1 57 20 34 34
0421_0018_0020_0069_0069.jpg 1 18 20 69 69
0422_0044_0040_0028_0028.jpg 1 44 40 28 28
0423_0044_0033_0045_0045.jpg 1 44 33 45 45
0424_0036_0027_0057_0057.jpg 1 36 27 57 57
0425_0013_0046_0038_0038.jpg 1 13 46 38 38
0426_0060_0058_0031_0031.jpg 1 60 58 31 31
0427_0018_0036_0059_0059.jpg 1 18 36 59 59
0428_0035_0006_0039_0039.jpg 1 35 6 39 39
0429_0011_0020_0057_0057.jpg 1 11 20 57 57
0430_0042_0023_0026_0026.jpg 1 42 23 26 26
0431_0047_0023_0037_0037.jpg 1 47 23 37 37
0432_0016_0043_0041_0041.jpg 1 16 43 41 41
0433_0014_0027_0049_0049.jpg 1 14 27 49 49
0434_0019_0023_0067_0067.jpg 1 19 23 67 67
0435_0035_0005_0053_0053.jpg 1 35 5 53 53
0436_0040_0059_0032_0032.jpg 1 40 59 32 32
0437_0029_0014_0046_0046.jpg 1 29 14 46 46
0438_0036_0012_0045_0045.jpg 1 36 12 45 45
0439_0004_0024_0069_0069.jpg 1 4 24 69 69
0440_0033_0015_0045_0045.jpg 1 33 15 45 45
0441_0009_0024_0069_0069.jpg 1 9 24 69 69
0442_0030_0012_0051_0051.jpg 1 30 12 51 51
0443_0022_0008_0051_0051.jpg 1 22 8 51 51
0444_0019_0054_0037_0037.jpg 1 19 54 37 37
0445_0041_0023_0036_0036.jpg 1 41 23 36 36
0446_0037_0006_0041_0041.jpg 1 37 6 41 41
0447_0040_0033_0044_0044.jpg 1 40 33 44 44
0448_0012_0025_0047_0047.jpg 1 12 25 47 47
0449_0024_0048_0026_0026.jpg 1 24 48 26 26
0450_0010_0019_0067_0067.jpg 1 10 19 67 67
0451_0008_0024_0066_0066.jpg 1 8 24 66 66
0452_0029_0040_0054_0054.jpg 1 29 40 54 54
0453_0006_0014_0045_0045.jpg 1 6 14 45 45
0454_0009_0006_0057_0057.jpg 1 9 6 57 57
0455_0059_0007_0030_0030.jpg 1 59 7 30 30
0456_0011_0041_0043_0043.jpg 1 11 41 43 43
0457_0021_0006_0054_0054.jpg 1 21 6 54 54
0458_0027_0016_0067_0067.jpg 1 27 16 67 67
0459_0014_0030_0062_0062.jpg 1 14 30 62 62
0460_0042_0045_0035_0035.jpg 1 42 45 35 35
0461_0023_0013_0028_0028.jpg 1 23 13 28 28
0462_0015_0016_0028_0028.jpg 1 15 16 28 28
0463_0015_0019_0066_0066.jpg 1 15 19 66 66
0464_0041_0057_0031_0031.jpg 1 41 57 31 31
0465_0032_0007_0048_0048.jpg 1 32 7 48 48
0466_0048_0032_0041_0041.jpg 1 48 32 41 41
0467_0033_0024_0063_0063.jpg 1 33 24 63 63
0468_0059_0009_0030_0030.jpg 1 59 9 30 30
0469_0028_0033_0037_0037.jpg 1 28 33 37 37
0470_0024_0034_0043_0043.jpg 1 24 34 43 43
0471_0045_0041_0027_0027.jpg 1 45 41 27 27
0472_0054_0016_0027_0027.jpg 1 54 16 27 27
0473_0017_0014_0053_0053.jpg 1 17 14 53 53
0474_0049_0043_0027_0027.jpg 1 49 43 27 27
0475_0005_0014_0060_0060.jpg 1 5 14 60 60
0476_0019_0020_0057_0057.jpg 1 19 20 57 57
0477_0032_0051_0030_0030.jpg 1 32 51 30 30
0478_0007_0029_0064_0064.jpg 1 7 29 64 64
0479_0044_0033_0028_0028.jpg 1 44 33 28 28
0480_0020_0034_0048_0048.jpg 1 20 34 48 48
0481_0045_0017_0049_0049.jpg 1 45 17 49 49
0482_0042_0041_0053_0053.jpg 1 42 41 53 53
0483_0030_0030_0038_0038.jpg 1 30 30 38 38
0484_0018_0015_0034_0034.jpg 1 18 15 34 34
0485_0013_0012_0061_0061.jpg 1 13 12 61 61
0486_0005_0019_0060_0060.jpg 1 5 19 60 60
0487_0014_0018_0065_0065.jpg 1 14 18 65 65
0488_0041_0016_0034_0034.jpg 1 41 16 34 34
0489_0020_0032_0061_0061.jpg 1 20 32 61 61
0490_0020_0014_0045_0045.jpg 1 20 14 45 45
0491_0025_0005_0063_0063.jpg 1 25 5 63 63
0492_0016_0055_0038_0038.jpg 1 16 55 38 38
0493_0007_0010_0053_0053.jpg 1 7 10 53 53
0494_0041_0012_0043_0043.jpg 1 41 12 43 43
0495_0017_0024_0028_0028.jpg 1 17 24 28 28
0496_0008_0037_0057_0057.jpg 1 8 37 57 57
0497_0031_0017_0056_0056.jpg 1 31 17 56 56
0498_0022_0014_0040_0040.jpg 1 22 14 40 40
0499_0021_0038_0027_0027.jpg 1 21 38 27 27
0500_0017_0023_0055_0055.jpg 1 17 23 55 55
0501_0041_0037_0052_0052.jpg 1 41 37 52 52
0502_0044_0044_0037_0037.jpg 1 44 44 37 37
0503_0019_0034_0061_0061.jpg 1 19 34 61 61
0504_0030_0011_0056_0056.jpg 1 30 11 56 56
0505_0026_0018_0064_0064.jpg 1 26 18 64 64
0506_0024_0058_0032_0032.jpg 1 24 58 32 32
0507_0020_0024_0058_0058.jpg 1 20 24 58 58
0508_0011_0005_0050_0050.jpg 1 11 5 50 50
0509_0010_0033_0031_0031.jpg 1 10 33 31 31
0510_0026_0029_0053_0053.jpg 1 26 29 53 53
0511_0031_0011_0049_0049.jpg 1 31 11 49 49
0512_0062_0062_0025_0025.jpg 1 62 62 25 25
0513_0034_0028_0034_0034.jpg 1 34 28 34 34
0514_0038_0036_0051_0051.jpg 1 38 36 51 51
0515_0030_0013_0062_0062.jpg 1 30 13 62 62
0516_0026_0054_0036_0036.jpg 1 26 54 36 36
0517_0007_0024_0066_0066.jpg 1 7 24 66 66
0518_0026_0011_0067_0067.jpg 1 26 11 67 67
0519_0028_0017_0058_0058.jpg 1 28 17 58 58
0520_0010_0045_0029_0029.jpg 1 10 45 29 29
0521_0032_0039_0053_0053.jpg 1 32 39 53 53
0522_0037_0033_0056_0056.jpg 1 37 33 56 56
0523_0017_0012_0067_0067.jpg 1 17 12 67 67
0524_0021_0012_0057_0057.jpg 1 21 12 57 57
0525_0007_0032_0056_0056.jpg 1 7 32 56 56
0526_0022_0024_0045_0045.jpg 1 22 24 45 45
0527_0036_0026_0057_0057.jpg 1 36 26 57 57
0528_0028_0035_0040_0040.jpg 1 28 35 40 40
0529_0008_0021_0034_0034.jpg 1 8 21 34 34
0530_0038_0008_0044_0044.jpg 1 38 8 44 44
0531_0039_0023_0051_0051.jpg 1 39 23 51 51
0532_0015_0010_0068_0068.jpg 1 15 10 68 68
0533_0019_0033_0053_0053.jpg 1 19 33 53 53
0534_0029_0036_0055_0055.jpg 1 29 36 55 55
0535_0053_0049_0038_0038.jpg 1 53 49 38 38
0536_0021_0035_0054_0054.jpg 1 21 35 54 54
0537_0012_0015_0041_0041.jpg 1 12 15 41 41
0538_0035_0012_0044_0044.jpg 1 35 12 44 44
0539_0007_0038_0047_0047.jpg 1 7 38 47 47
0540_0021_0036_0053_0053.jpg 1 21 36 53 53
0541_0032_0037_0027_0027.jpg 1 32 37 27 27
0542_0025_0026_0031_0031.jpg 1 25 26 31 31
0543_0029_0010_0053_0053.jpg 1 29 10 53 53
0544_0029_0023_0033_0033.jpg 1 29 23 33 33
0545_0015_0029_0034_0034.jpg 1 15 29 34 34
0546_0016_0034_0056_0056.jpg 1 16 34 56 56
0547_0027_0012_0066_0066.jpg 1 27 12 66 66
0548_0011_0018_0060_0060.jpg 1 11 18 60 60
0549_0021_0029_0056_0056.jpg 1 21 29 56 56
0550_0011_0003_0068_0068.jpg 1 11 3 68 68
0551_0005_0009_0065_0065.jpg 1 5 9 65 65
0552_0027_0014_0064_0064.jpg 1 27 14 64 64
0553_0016_0010_0030_0030.jpg 1 16 10 30 30
0554_0035_0023_0044_0044.jpg 1 35 23 44 44
0555_0020_0037_0037_0037.jpg 1 20 37 37 37
0556_0008_0011_0066_0066.jpg 1 8 11 66 66
0557_0026_0021_0068_0068.jpg 1 26 21 68 68
0558_0033_0013_0034_0034.jpg 1 33 13 34 34
0559_0049_0007_0037_0037.jpg 1 49 7 37 37
0560_0046_0045_0026_0026.jpg 1 46 45 26 26
0561_0027_0005_0069_0069.jpg 1 27 5 69 69
0562_0057_0048_0034_0034.jpg 1 57 48 34 34
0563_0009_0037_0057_0057.jpg 1 9 37 57 57
0564_0020_0012_0056_0056.jpg 1 20 12 56 56
0565_0030_0010_0031_0031.jpg 1 30 10 31 31
0566_0011_0023_0067_0067.jpg 1 11 23 67 67
0567_0016_0005_0049_0049.jpg 1 16 5 49 49
0568_0039_0008_0053_0053.jpg 1 39 8 53 53
0569_0015_0020_0057_0057.jpg 1 15 20 57 57
0570_0009_0020_0045_0045.jpg 1 9 20 45 45
0571_0012_0031_0033_0033.jpg 1 12 31 33 33
0572_0015_0026_0030_0030.jpg 1 15 26 30 30
0573_0046_0032_0041_0041.jpg 1 46 32 41 41
0574_0027_0008_0060_0060.jpg 1 27 8 60 60
0575_0033_0029_0052_0052.jpg 1 33 29 52 52
0576_0027_0013_0068_0068.jpg 1 27 13 68 68
0577_0030_0023_0046_0046.jpg 1 30 23 46 46
0578_0013_0037_0047_0047.jpg 1 13 37 47 47
0579_0043_0027_0025_0025.jpg 1 43 27 25 25
0580_0027_0050_0043_0043.jpg 1 27 50 43 43
0581_0018_0030_0042_0042.jpg 1 18 30 42 42
0582_0017_0016_0033_0033.jpg 1 17 16 33 33
0583_0016_0008_0055_0055.jpg 1 16 8 55 55
0584_0016_0016_0060_0060.jpg 1 16 16 60 60
0585_0048_0038_0035_0035.jpg 1 48 38 35 35
0586_0030_0044_0048_0048.jpg 1 30 44 48 48
0587_0023_0024_0024_0024.jpg 1 23 24 24 24
0588_0038_0017_0052_0052.jpg 1 38 17 52 52
0589_0038_0010_0050_0050.jpg 1 38 10 50 50
0590_0007_0013_0068_0068.jpg 1 7 13 68 68
0591_0039_0010_0024_0024.jpg 1 39 10 24 24
0592_0023_0018_0048_0048.jpg 1 23 18 48 48
0593_0016_0033_0063_0063.jpg 1 16 33 63 63
0594_0036_0037_0047_0047.jpg 1 36 37 47 47
0595_0011_0032_0058_0058.jpg 1 11 32 58 58
0596_0030_0039_0028_0028.jpg 1 30 39 28 28
0597_0037_0040_0052_0052.jpg 1 37 40 52 52
0598_0007_0007_0052_0052.jpg 1 7 7 52 52
0599_0016_0005_0057_0057.jpg 1 16 5 57 57
0600_0023_0047_0044_0044.jpg 1 23 47 44 44
0601_0023_0012_0025_0025.jpg 1 23 12 25 25
0602_0012_0012_0043_0043.jpg 1 12 12 43 43
0603_0052_0050_0035_0035.jpg 1 52 50 35 35
0604_0035_0014_0059_0059.jpg 1 35 14 59 59
0605_0008_0007_0067_0067.jpg 1 8 7 67 67
0606_0029_0008_0057_0057.jpg 1 29 8 57 57
0607_0022_0006_0051_0051.jpg 1 22 6 51 51
0608_0027_0027_0068_0068.jpg 1 27 27 68 68
0609_0017_0033_0037_0037.jpg 1 17 33 37 37
0610_0013_0040_0024_0024.jpg 1 13 40 24 24
0611_0020_0008_0060_0060.jpg 1 20 8 60 60
0612_0018_0008_0034_0034.jpg 1 18 8 34 34
0613_0021_0036_0039_0039.jpg 1 21 36 39 39
0614_0010_0045_0046_0046.jpg 1 10 45 46 46
0615_0037_0034_0052_0052.jpg 1 37 34 52 52
0616_0028_0029_0047_0047.jpg 1 28 29 47 47
0617_0042_0014_0031_0031.jpg 1 42 14 31 31
0618_0052_0030_0040_0040.jpg 1 52 30 40 40
0619_0059_0021_0030_0030.jpg 1 59 21 30 30
0620_0007_0052_0035_0035.jpg 1 7 52 35 35
0621_0049_0044_0044_0044.jpg 1 49 44 44 44
0622_0018_0032_0040_0040.jpg 1 18 32 40 40
0623_0037_0058_0027_0027.jpg 1 37 58 27 27
0624_0005_0027_0056_0056.jpg 1 5 27 56 56
0625_0015_0028_0067_0067.jpg 1 15 28 67 67
0626_0024_0009_0056_0056.jpg 1 24 9 56 56
0627_0050_0049_0032_0032.jpg 1 50 49 32 32
0628_0008_0009_0067_0067.jpg 1 8 9 67 67
0629_0018_0024_0069_0069.jpg 1 18 24 69 69
0630_0031_0019_0045_0045.jpg 1 31 19 45 45
0631_0011_0006_0057_0057.jpg 1 11 6 57 57
0632_0023_0024_0040_0040.jpg 1 23 24 40 40
0633_0033_0029_0058_0058.jpg 1 33 29 58 58
0634_0044_0018_0027_0027.jpg 1 44 18 27 27
0635_0036_0032_0059_0059.jpg 1 36 32 59 59
0636_0009_0009_0055_0055.jpg 1 9 9 55 55
0637_0021_0029_0060_0060.jpg 1 21 29 60 60
0638_0028_0025_0055_0055.jpg 1 28 25 55 55
0639_0011_0053_0039_0039.jpg 1 11 53 39 39
0640_0021_0014_0059_0059.jpg 1 21 14 59 59
0641_0034_0021_0056_0056.jpg 1 34 21 56 56
0642_0008_0011_0061_0061.jpg 1 8 11 61 61
0643_0029_0027_0044_0044.jpg 1 29 27 44 44
0644_0021_0026_0067_0067.jpg 1 21 26 67 67
0645_0005_0018_0061_0061.jpg 1 5 18 61 61
0646_0009_0029_0049_0049.jpg 1 9 29 49 49
0647_0022_0006_0056_0056.jpg 1 22 6 56 56
0648_0028_0032_0051_0051.jpg 1 28 32 51 51
0649_0025_0004_0055_0055.jpg 1 25 4 55 55
0650_0010_0046_0038_0038.jpg 1 10 46 38 38
0651_0013_0056_0028_0028.jpg 1 13 56 28 28
0652_0020_0011_0044_0044.jpg 1 20 11 44 44
0653_0032_0011_0063_0063.jpg 1 32 11 63 63
0654_0033_0014_0053_0053.jpg 1 33 14 53 53
0655_0017_0022_0058_0058.jpg 1 17 22 58 58
0656_0019_0024_0052_0052.jpg 1 19 24 52 52
0657_0041_0033_0025_0025.jpg 1 41 33 25 25
0658_0033_0018_0037_0037.jpg 1 33 18 37 37
0659_0010_0041_0053_0053.jpg 1 10 41 53 53
0660_0022_0040_0050_0050.jpg 1 22 40 50 50
0661_0029_0042_0046_0046.jpg 1 29 42 46 46
0662_0014_0024_0061_0061.jpg 1 14 24 61 61
0663_0035_0028_0058_0058.jpg 1 35 28 58 58
0664_0050_0059_0026_0026.jpg 1 50 59 26 26
0665_0055_0054_0027_0027.jpg 1 55 54 27 27
0666_0034_0061_0028_0028.jpg 1 34 61 28 28
0667_0043_0029_0049_0049.jpg 1 43 29 49 49
0668_0005_0029_0046_0046.jpg 1 5 29 46 46
0669_0025_0006_0034_0034.jpg 1 25 6 34 34
0670_0030_0015_0059_0059.jpg 1 30 15 59 59
0671_0031_0013_0055_0055.jpg 1 31 13 55 55
0672_0030_0018_0066_0066.jpg 1 30 18 66 66
0673_0009_0017_0045_0045.jpg 1 9 17 45 45
0674_0025_0032_0063_0063.jpg 1 25 32 63 63
0675_0017_0020_0068_0068.jpg 1 17 20 68 68
0676_0032_0048_0034_0034.jpg 1 32 48 34 34
0677_0058_0052_0028_0028.jpg 1 58 52 28 28
0678_0010_0024_0035_0035.jpg 1 10 24 35 35
0679_0018_0010_0062_0062.jpg 1 18 10 62 62
0680_0039_0028_0024_0024.jpg 1 39 28 24 24
0681_0057_0052_0036_0036.jpg 1 57 52 36 36
0682_0009_0026_0068_0068.jpg 1 9 26 68 68
0683_0030_0025_0035_0035.jpg 1 30 25 35 35
0684_0044_0025_0044_0044.jpg 1 44 25 44 44
0685_0038_0009_0039_0039.jpg 1 38 9 39 39
0686_0024_0018_0060_0060.jpg 1 24 18 60 60
0687_0010_0020_0060_0060.jpg 1 10 20 60 60
0688_0020_0005_0058_0058.jpg 1 20 5 58 58
0689_0024_0006_0049_0049.jpg 1 24 6 49 49
0690_0037_0032_0053_0053.jpg 1 37 32 53 53
0691_0015_0025_0068_0068.jpg 1 15 25 68 68
0692_0039_0006_0052_0052.jpg 1 39 6 52 52
0693_0053_0016_0031_0031.jpg 1 53 16 31 31
0694_0030_0026_0034_0034.jpg 1 30 26 34 34
0695_0028_0036_0037_0037.jpg 1 28 36 37 37
0696_0005_0015_0064_0064.jpg 1 5 15 64 64
0697_0012_0032_0063_0063.jpg 1 12 32 63 63
0698_0005_0021_0043_0043.jpg 1 5 21 43 43
0699_0012_0010_0058_0058.jpg 1 12 10 58 58
0700_0030_0050_0036_0036.jpg 1 30 50 36 36
0701_0013_0008_0042_0042.jpg 1 13 8 42 42
0702_0042_0052_0030_0030.jpg 1 42 52 30 30
0703_0011_0006_0054_0054.jpg 1 11 6 54 54
0704_0004_0028_0061_0061.jpg 1 4 28 61 61
0705_0026_0015_0060_0060.jpg 1 26 15 60 60
0706_0016_0029_0040_0040.jpg 1 16 29 40 40
0707_0019_0033_0047_0047.jpg 1 19 33 47 47
0708_0057_0052_0027_0027.jpg 1 57 52 27 27
0709_0014_0013_0031_0031.jpg 1 14 13 31 31
0710_0026_0012_0065_0065.jpg 1 26 12 65 65
0711_0031_0029_0064_0064.jpg 1 31 29 64 64
0712_0021_0042_0031_0031.jpg 1 21 42 31 31
0713_0021_0011_0038_0038.jpg 1 21 11 38 38
0714_0012_0039_0049_0049.jpg 1 12 39 49 49
0715_0027_0051_0040_0040.jpg 1 27 51 40 40
0716_0029_0010_0067_0067.jpg 1 29 10 67 67
0717_0021_0016_0061_0061.jpg 1 21 16 61 61
0718_0006_0037_0035_0035.jpg 1 6 37 35 35
0719_0024_0028_0047_0047.jpg 1 24 28 47 47
0720_0029_0009_0063_0063.jpg 1 29 9 63 63
0721_0048_0053_0034_0034.jpg 1 48 53 34 34
0722_0032_0050_0039_0039.jpg 1 32 50 39 39
0723_0011_0011_0067_0067.jpg 1 11 11 67 67
0724_0023_0021_0045_0045.jpg 1 23 21 45 45
0725_0006_0011_0056_0056.jpg 1 6 11 56 56
0726_0030_0025_0060_0060.jpg 1 30 25 60 60
0727_0031_0019_0025_0025.jpg 1 31 19 25 25
0728_0025_0033_0060_0060.jpg 1 25 33 60 60
0729_0019_0013_0068_0068.jpg 1 19 13 68 68
0730_0007_0011_0063_0063.jpg 1 7 11 63 63
0731_0027_0029_0046_0046.jpg 1 27 29 46 46
0732_0009_0021_0069_0069.jpg 1 9 21 69 69
0733_0020_0010_0068_0068.jpg 1 20 10 68 68
0734_0017_0011_0063_0063.jpg 1 17 11 63 63
0735_0039_0009_0049_0049.jpg 1 39 9 49 49
0736_0019_0045_0044_0044.jpg 1 19 45 44 44
0737_0013_0005_0064_0064.jpg 1 13 5 64 64
0738_0009_0037_0055_0055.jpg 1 9 37 55 55
0739_0034_0008_0035_0035.jpg 1 34 8 35 35
0740_0006_0017_0038_0038.jpg 1 6 17 38 38
0741_0019_0054_0029_0029.jpg 1 19 54 29 29
0742_0029_0034_0061_0061.jpg 1 29 34 61 61
0743_0032_0033_0029_0029.jpg 1 32 33 29 29
0744_0022_0052_0033_0033.jpg 1 22 52 33 33
0745_0024_0032_0061_0061.jpg 1 24 32 61 61
0746_0047_0039_0027_0027.jpg 1 47 39 27 27
0747_0012_0034_0055_0055.jpg 1 12 34 55 55
0748_0006_0027_0051_0051.jpg 1 6 27 51 51
0749_0029_0022_0067_0067.jpg 1 29 22 67 67
0750_0010_0045_0033_0033.jpg 1 10 45 33 33
0751_0008_0023_0028_0028.jpg 1 8 23 28 28
0752_0038_0012_0038_0038.jpg 1 38 12 38 38
0753_0034_0005_0051_0051.jpg 1 34 5 51 51
0754_0039_0049_0040_0040.jpg 1 39 49 40 40
0755_0022_0047_0037_0037.jpg 1 22 47 37 37
0756_0016_0028_0065_0065.jpg 1 16 28 65 65
0757_0023_0015_0065_0065.jpg 1 23 15 65 65
0758_0010_0010_0064_0064.jpg 1 10 10 64 64
0759_0043_0019_0047_0047.jpg 1 43 19 47 47
0760_0035_0057_0033_0033.jpg 1 35 57 33 33
0761_0045_0024_0047_0047.jpg 1 45 24 47 47
0762_0038_0033_0046_0046.jpg 1 38 33 46 46
0763_0034_0039_0036_0036.jpg 1 34 39 36 36
0764_0030_0029_0058_0058.jpg 1 30 29 58 58
0765_0027_0017_0056_0056.jpg 1 27 17 56 56
0766_0029_0026_0044_0044.jpg 1 29 26 44 44
0767_0057_0011_0028_0028.jpg 1 57 11 28 28
0768_0030_0024_0057_0057.jpg 1 30 24 57 57
0769_0029_0023_0026_0026.jpg 1 29 23 26 26
0770_0045_0057_0031_0031.jpg 1 45 57 31 31
0771_0004_0034_0060_0060.jpg 1 4 34 60 60
0772_0006_0021_0049_0049.jpg 1 6 21 49 49
0773_0011_0057_0036_0036.jpg 1 11 57 36 36
0774_0021_0041_0036_0036.jpg 1 21 41 36 36
0775_0030_0012_0055_0055.jpg 1 30 12 55 55
0776_0034_0024_0047_0047.jpg 1 34 24 47 47
0777_0014_0005_0064_0064.jpg 1 14 5 64 64
0778_0019_0059_0030_0030.jpg 1 19 59 30 30
0779_0014_0013_0052_0052.jpg 1 14 13 52 52
0780_0015_0020_0066_0066.jpg 1 15 20 66 66
0781_0024_0006_0062_0062.jpg 1 24 6 62 62
0782_0056_0059_0028_0028.jpg 1 56 59 28 28
0783_0036_0031_0057_0057.jpg 1 36 31 57 57
0784_0025_0023_0068_0068.jpg 1 25 23 68 68
0785_0043_0017_0043_0043.jpg 1 43 17 43 43
0786_0012_0017_0058_0058.jpg 1 12 17 58 58
0787_0004_0008_0068_0068.jpg 1 4 8 68 68
0788_0004_0033_0059_0059.jpg 1 4 33 59 59
0789_0028_0056_0037_0037.jpg 1 28 56 37 37
0790_0006_0007_0064_0064.jpg 1 6 7 64 64
0791_0027_0028_0060_0060.jpg 1 27 28 60 60
0792_0029_0038_0033_0033.jpg 1 29 38 33 33
0793_0024_0011_0062_0062.jpg 1 24 11 62 62
0794_0014_0036_0036_0036.jpg 1 14 36 36 36
0795_0026_0023_0054_0054.jpg 1 26 23 54 54
0796_0041_0029_0050_0050.jpg 1 41 29 50 50
0797_0029_0019_0040_0040.jpg 1 29 19 40 40
0798_0015_0018_0060_0060.jpg 1 15 18 60 60
0799_0020_0025_0063_0063.jpg 1 20 25 63 63
0800_0049_0043_0043_0043.jpg 1 49 43 43 43
0801_0024_0007_0038_0038.jpg 1 24 7 38 38
0802_0012_0031_0043_0043.jpg 1 12 31 43 43
0803_0011_0007_0063_0063.jpg 1 11 7 63 63
0804_0039_0006_0054_0054.jpg 1 39 6 54 54
0805_0014_0029_0052_0052.jpg 1 14 29 52 52
0806_0044_0016_0048_0048.jpg 1 44 16 48 48
0807_0054_0044_0033_0033.jpg 1 54 44 33 33
0808_0043_0038_0050_0050.jpg 1 43 38 50 50
0809_0061_0012_0026_0026.jpg 1 61 12 26 26
0810_0054_0046_0039_0039.jpg 1 54 46 39 39
0811_0026_0050_0029_0029.jpg 1 26 50 29 29
0812_0039_0037_0043_0043.jpg 1 39 37 43 43
0813_0015_0036_0052_0052.jpg 1 15 36 52 52
0814_0020_0011_0048_0048.jpg 1 20 11 48 48
0815_0027_0007_0061_0061.jpg 1 27 7 61 61
0816_0044_0025_0029_0029.jpg 1 44 25 29 29
0817_0057_0018_0031_0031.jpg 1 57 18 31 31
0818_0027_0025_0064_0064.jpg 1 27 25 64 64
0819_0050_0029_0039_0039.jpg 1 50 29 39 39
0820_0050_0012_0032_0032.jpg 1 50 12 32 32
0821_0051_0045_0029_0029.jpg 1 51 45 29 29
0822_0017_0009_0059_0059.jpg 1 17 9 59 59
0823_0025_0006_0062_0062.jpg 1 25 6 62 62
0824_0022_0019_0043_0043.jpg 1 22 19 43 43
0825_0040_0036_0049_0049.jpg 1 40 36 49 49
0826_0045_0023_0034_0034.jpg 1 45 23 34 34
0827_0052_0011_0041_0041.jpg 1 52 11 41 41
0828_0045_0051_0039_0039.jpg 1 45 51 39 39
0829_0035_0012_0052_0052.jpg 1 35 12 52 52
0830_0019_0006_0058_0058.jpg 1 19 6 58 58
0831_0027_0009_0033_0033.jpg 1 27 9 33 33
0832_0033_0047_0035_0035.jpg 1 33 47 35 35
0833_0044_0033_0036_0036.jpg 1 44 33 36 36
0834_0006_0028_0048_0048.jpg 1 6 28 48 48
0835_0026_0031_0039_0039.jpg 1 26 31 39 39
0836_0022_0048_0025_0025.jpg 1 22 48 25 25
0837_0005_0016_0060_0060.jpg 1 5 16 60 60
0838_0021_0013_0040_0040.jpg 1 21 13 40 40
0839_0051_0006_0041_0041.jpg 1 51 6 41 41
0840_0024_0024_0056_0056.jpg 1 24 24 56 56
0841_0019_0045_0039_0039.jpg 1 19 45 39 39
0842_0030_0034_0046_0046.jpg 1 30 34 46 46
0843_0006_0004_0063_0063.jpg 1 6 4 63 63
0844_0009_0029_0059_0059.jpg 1 9 29 59 59
0845_0031_0026_0062_0062.jpg 1 31 26 62 62
0846_0013_0050_0034_0034.jpg 1 13 50 34 34
0847_0009_0043_0040_0040.jpg 1 9 43 40 40
0848_0040_0028_0055_0055.jpg 1 40 28 55 55
0849_0013_0026_0067_0067.jpg 1 13 26 67 67
0850_0006_0028_0067_0067.jpg 1 6 28 67 67
0851_0011_0006_0048_0048.jpg 1 11 6 48 48
0852_0053_0051_0030_0030.jpg 1 53 51 30 30
0853_0056_0033_0037_0037.jpg 1 56 33 37 37
0854_0037_0035_0039_0039.jpg 1 37 35 39 39
0855_0025_0015_0034_0034.jpg 1 25 15 34 34
0856_0028_0022_0045_0045.jpg 1 28 22 45 45
0857_0024_0036_0049_0049.jpg 1 24 36 49 49
0858_0014_0019_0068_0068.jpg 1 14 19 68 68
0859_0007_0014_0069_0069.jpg 1 7 14 69 69
0860_0035_0036_0048_0048.jpg 1 35 36 48 48
0861_0016_0014_0025_0025.jpg 1 16 14 25 25
0862_0033_0041_0043_0043.jpg 1 33 41 43 43
0863_0008_0006_0057_0057.jpg 1 8 6 57 57
0864_0013_0026_0069_0069.jpg 1 13 26 69 69
0865_0006_0015_0058_0058.jpg 1 6 15 58 58
0866_0016_0021_0066_0066.jpg 1 16 21 66 66
0867_0012_0018_0038_0038.jpg 1 12 18 38 38
0868_0019_0039_0041_0041.jpg 1 19 39 41 41
0869_0033_0026_0060_0060.jpg 1 33 26 60 60
0870_0030_0006_0051_0051.jpg 1 30 6 51 51
0871_0033_0026_0044_0044.jpg 1 33 26 44 44
0872_0017_0006_0054_0054.jpg 1 17 6 54 54
0873_0035_0050_0035_0035.jpg 1 35 50 35 35
0874_0031_0008_0065_0065.jpg 1 31 8 65 65
0875_0012_0037_0036_0036.jpg 1 12 37 36 36
0876_0048_0008_0041_0041.jpg 1 48 8 41 41
0877_0009_0025_0062_0062.jpg 1 9 25 62 62
0878_0020_0022_0056_0056.jpg 1 20 22 56 56
0879_0015_0032_0053_0053.jpg 1 15 32 53 53
0880_0026_0032_0038_0038.jpg 1 26 32 38 38
0881_0013_0012_0050_0050.jpg 1 13 12 50 50
0882_0031_0021_0063_0063.jpg 1 31 21 63 63
0883_0023_0025_0039_0039.jpg 1 23 25 39 39
0884_0051_0016_0035_0035.jpg 1 51 16 35 35
0885_0017_0025_0045_0045.jpg 1 17 25 45 45
0886_0013_0025_0067_0067.jpg 1 13 25 67 67
0887_0033_0032_0038_0038.jpg 1 33 32 38 38
0888_0027_0039_0032_0032.jpg 1 27 39 32 32
0889_0013_0022_0056_0056.jpg 1 13 22 56 56
0890_0027_0031_0036_0036.jpg 1 27 31 36 36
0891_0021_0041_0046_0046.jpg 1 21 41 46 46
0892_0037_0016_0056_0056.jpg 1 37 16 56 56
0893_0036_0021_0038_0038.jpg 1 36 21 38 38
0894_0029_0012_0055_0055.jpg 1 29 12 55 55
0895_0015_0032_0060_0060.jpg 1 15 32 60 60
0896_0015_0028_0052_0052.jpg 1 15 28 52 52
0897_0024_0018_0055_0055.jpg 1 24 18 55 55
0898_0005_0007_0053_0053.jpg 1 5 7 53 53
0899_0013_0014_0033_0033.jpg 1 13 14 33 33
0900_0048_0043_0040_0040.jpg 1 48 43 40 40
0901_0057_0049_0032_0032.jpg 1 57 49 32 32
0902_0019_0011_0063_0063.jpg 1 19 11 63 63
0903_0022_0011_0030_0030.jpg 1 22 11 30 30
0904_0011_0045_0034_0034.jpg 1 11 45 34 34
0905_0027_0014_0043_0043.jpg 1 27 14 43 43
0906_0026_0064_0027_0027.jpg 1 26 64 27 27
0907_0036_0022_0056_0056.jpg 1 36 22 56 56
0908_0036_0024_0036_0036.jpg 1 36 24 36 36
0909_0024_0029_0063_0063.jpg 1 24 29 63 63
0910_0014_0015_0054_0054.jpg 1 14 15 54 54
0911_0017_0027_0031_0031.jpg 1 17 27 31 31
0912_0014_0013_0059_0059.jpg 1 14 13 59 59
0913_0024_0055_0037_0037.jpg 1 24 55 37 37
0914_0005_0013_0062_0062.jpg 1 5 13 62 62
0915_0037_0030_0057_0057.jpg 1 37 30 57 57
0916_0048_0037_0033_0033.jpg 1 48 37 33 33
0917_0030_0013_0058_0058.jpg 1 30 13 58 58
0918_0012_0037_0041_0041.jpg 1 12 37 41 41
0919_0009_0025_0060_0060.jpg 1 9 25 60 60
0920_0050_0060_0031_0031.jpg 1 50 60 31 31
0921_0023_0017_0067_0067.jpg 1 23 17 67 67
0922_0027_0040_0047_0047.jpg 1 27 40 47 47
0923_0011_0046_0046_0046.jpg 1 11 46 46 46
0924_0061_0028_0030_0030.jpg 1 61 28 30 30
0925_0032_0025_0046_0046.jpg 1 32 25 46 46
0926_0012_0016_0068_0068.jpg 1 12 16 68 68
0927_0007_0021_0057_0057.jpg 1 7 21 57 57
0928_0007_0020_0069_0069.jpg 1 7 20 69 69
0929_0016_0015_0069_0069.jpg 1 16 15 69 69
0930_0016_0007_0058_0058.jpg 1 16 7 58 58
0931_0042_0029_0029_0029.jpg 1 42 29 29 29
0932_0040_0036_0053_0053.jpg 1 40 36 53 53
0933_0022_0022_0038_0038.jpg 1 22 22 38 38
0934_0050_0009_0027_0027.jpg 1 50 9 27 27
0935_0032_0009_0033_0033.jpg 1 32 9 33 33
0936_0008_0029_0034_0034.jpg 1 8 29 34 34
0937_0012_0050_0026_0026.jpg 1 12 50 26 26
0938_0008_0027_0067_0067.jpg 1 8 27 67 67
0939_0031_0015_0062_0062.jpg 1 31 15 62 62
0940_0009_0046_0044_0044.jpg 1 9 46 44 44
0941_0015_0041_0030_0030.jpg 1 15 41 30 30
0942_0027_0034_0055_0055.jpg 1 27 34 55 55
0943_0015_0017_0042_0042.jpg 1 15 17 42 42
0944_0049_0034_0029_0029.jpg 1 49 34 29 29
0945_0027_0019_0034_0034.jpg 1 27 19 34 34
0946_0019_0049_0028_0028.jpg 1 19 49 28 28
0947_0008_0021_0037_0037.jpg 1 8 21 37 37
0948_0005_0018_0067_0067.jpg 1 5 18 67 67
0949_0020_0008_0059_0059.jpg 1 20 8 59 59
0950_0004_0026_0059_0059.jpg 1 4 26 59 59
0951_0030_0006_0053_0053.jpg 1 30 6 53 53
0952_0005_0011_0060_0060.jpg 1 5 11 60 60
0953_0021_0026_0057_0057.jpg 1 21 26 57 57
0954_0040_0024_0034_0034.jpg 1 40 24 34 34
0955_0023_0010_0061_0061.jpg 1 23 10 61 61
0956_0018_0023_0064_0064.jpg 1 18 23 64 64
0957_0007_0023_0033_0033.jpg 1 7 23 33 33
0958_0006_0031_0040_0040.jpg 1 6 31 40 40
0959_0012_0037_0027_0027.jpg 1 12 37 27 27
0960_0047_0013_0045_0045.jpg 1 47 13 45 45
0961_0034_0051_0042_0042.jpg 1 34 51 42 42
0962_0020_0056_0037_0037.jpg 1 20 56 37 37
0963_0044_0046_0031_0031.jpg 1 44 46 31 31
0964_0063_0048_0026_0026.jpg 1 63 48 26 26
0965_0007_0024_0061_0061.jpg 1 7 24 61 61
0966_0020_0015_0047_0047.jpg 1 20 15 47 47
0967_0034_0045_0046_0046.jpg 1 34 45 46 46
0968_0036_0019_0041_0041.jpg 1 36 19 41 41
0969_0030_0032_0030_0030.jpg 1 30 32 30 30
0970_0026_0004_0069_0069.jpg 1 26 4 69 69
0971_0008_0009_0049_0049.jpg 1 8 9 49 49
0972_0033_0015_0054_0054.jpg 1 33 15 54 54
0973_0021_0041_0025_0025.jpg 1 21 41 25 25
0974_0022_0036_0050_0050.jpg 1 22 36 50 50
0975_0035_0008_0057_0057.jpg 1 35 8 57 57
0976_0009_0019_0064_0064.jpg 1 9 19 64 64
0977_0020_0008_0041_0041.jpg 1 20 8 41 41
0978_0020_0032_0052_0052.jpg 1 20 32 52 52
0979_0026_0046_0041_0041.jpg 1 26 46 41 41
0980_0054_0026_0032_0032.jpg 1 54 26 32 32
0981_0057_0055_0033_0033.jpg 1 57 55 33 33
0982_0032_0055_0037_0037.jpg 1 32 55 37 37
0983_0014_0059_0025_0025.jpg 1 14 59 25 25
0984_0017_0014_0038_0038.jpg 1 17 14 38 38
0985_0022_0038_0028_0028.jpg 1 22 38 28 28
0986_0009_0029_0059_0059.jpg 1 9 29 59 59
0987_0016_0039_0056_0056.jpg 1 16 39 56 56
0988_0023_0025_0060_0060.jpg 1 23 25 60 60
0989_0032_0037_0053_0053.jpg 1 32 37 53 53
0990_0009_0010_0041_0041.jpg 1 9 10 41 41
0991_0041_0008_0036_0036.jpg 1 41 8 36 36
0992_0051_0053_0035_0035.jpg 1 51 53 35 35
0993_0021_0032_0055_0055.jpg 1 21 32 55 55
0994_0021_0038_0052_0052.jpg 1 21 38 52 52
0995_0016_0022_0065_0065.jpg 1 16 22 65 65
0996_0051_0028_0025_0025.jpg 1 51 28 25 25
0997_0009_0053_0040_0040.jpg 1 9 53 40 40
0998_0049_0044_0028_0028.jpg 1 49 44 28 28
0999_0016_0049_0044_0044.jpg 1 16 49 44 44
1000_0027_0028_0055_0055.jpg 1 27 28 55 55
