0001_0032_0035_0035_0035.jpg 1 32 35 35 35
0002_0039_0051_0038_0038.jpg 1 39 51 38 38
0003_0014_0027_0052_0052.jpg 1 14 27 52 52
0004_0005_0023_0064_0064.jpg 1 5 23 64 64
0005_0025_0008_0066_0066.jpg 1 25 8 66 66
0006_0040_0036_0040_0040.jpg 1 40 36 40 40
0007_0022_0022_0067_0067.jpg 1 22 22 67 67
0008_0031_0028_0041_0041.jpg 1 31 28 41 41
0009_0028_0020_0027_0027.jpg 1 28 20 27 27
0010_0010_0030_0050_0050.jpg 1 10 30 50 50
0011_0034_0032_0055_0055.jpg 1 34 32 55 55
0012_0014_0040_0043_0043.jpg 1 14 40 43 43
0013_0038_0021_0035_0035.jpg 1 38 21 35 35
0014_0023_0021_0034_0034.jpg 1 23 21 34 34
0015_0010_0014_0045_0045.jpg 1 10 14 45 45
0016_0039_0011_0054_0054.jpg 1 39 11 54 54
0017_0007_0016_0041_0041.jpg 1 7 16 41 41
0018_0008_0004_0059_0059.jpg 1 8 4 59 59
0019_0028_0011_0051_0051.jpg 1 28 11 51 51
0020_0029_0019_0049_0049.jpg 1 29 19 49 49
0021_0013_0022_0064_0064.jpg 1 13 22 64 64
0022_0019_0042_0038_0038.jpg 1 19 42 38 38
0023_0019_0035_0059_0059.jpg 1 19 35 59 59
0024_0009_0018_0025_0025.jpg 1 9 18 25 25
0025_0030_0009_0044_0044.jpg 1 30 9 44 44
0026_0023_0009_0066_0066.jpg 1 23 9 66 66
0027_0018_0004_0060_0060.jpg 1 18 4 60 60
0028_0056_0019_0030_0030.jpg 1 56 19 30 30
0029_0005_0017_0056_0056.jpg 1 5 17 56 56
0030_0028_0006_0052_0052.jpg 1 28 6 52 52
0031_0029_0038_0055_0055.jpg 1 29 38 55 55
0032_0015_0008_0067_0067.jpg 1 15 8 67 67
0033_0015_0060_0026_0026.jpg 1 15 60 26 26
0034_0020_0005_0069_0069.jpg 1 20 5 69 69
0035_0033_0014_0037_0037.jpg 1 33 14 37 37
0036_0041_0009_0034_0034.jpg 1 41 9 34 34
0037_0034_0013_0055_0055.jpg 1 34 13 55 55
0038_0011_0009_0062_0062.jpg 1 11 9 62 62
0039_0012_0027_0060_0060.jpg 1 12 27 60 60
0040_0024_0050_0041_0041.jpg 1 24 50 41 41
0041_0054_0061_0027_0027.jpg 1 54 61 27 27
0042_0030_0018_0058_0058.jpg 1 30 18 58 58
0043_0027_0038_0049_0049.jpg 1 27 38 49 49
0044_0011_0043_0033_0033.jpg 1 11 43 33 33
0045_0027_0031_0048_0048.jpg 1 27 31 48 48
0046_0010_0019_0050_0050.jpg 1 10 19 50 50
0047_0036_0026_0056_0056.jpg 1 36 26 56 56
0048_0052_0041_0029_0029.jpg 1 52 41 29 29
0049_0042_0047_0043_0043.jpg 1 42 47 43 43
0050_0012_0053_0031_0031.jpg 1 12 53 31 31
0051_0016_0014_0043_0043.jpg 1 16 14 43 43
0052_0019_0006_0046_0046.jpg 1 19 6 46 46
0053_0013_0016_0024_0024.jpg 1 13 16 24 24
0054_0010_0032_0039_0039.jpg 1 10 32 39 39
0055_0032_0004_0060_0060.jpg 1 32 4 60 60
0056_0013_0025_0064_0064.jpg 1 13 25 64 64
0057_0016_0008_0033_0033.jpg 1 16 8 33 33
0058_0019_0045_0035_0035.jpg 1 19 45 35 35
0059_0031_0022_0051_0051.jpg 1 31 22 51 51
0060_0031_0007_0039_0039.jpg 1 31 7 39 39
0061_0046_0040_0048_0048.jpg 1 46 40 48 48
0062_0039_0023_0040_0040.jpg 1 39 23 40 40
0063_0029_0021_0064_0064.jpg 1 29 21 64 64
0064_0008_0016_0053_0053.jpg 1 8 16 53 53
0065_0036_0025_0030_0030.jpg 1 36 25 30 30
0066_0014_0018_0038_0038.jpg 1 14 18 38 38
0067_0034_0018_0032_0032.jpg 1 34 18 32 32
0068_0009_0018_0057_0057.jpg 1 9 18 57 57
0069_0033_0011_0055_0055.jpg 1 33 11 55 55
0070_0025_0037_0054_0054.jpg 1 25 37 54 54
0071_0005_0025_0061_0061.jpg 1 5 25 61 61
0072_0007_0021_0055_0055.jpg 1 7 21 55 55
0073_0012_0029_0045_0045.jpg 1 12 29 45 45
0074_0020_0019_0043_0043.jpg 1 20 19 43 43
0075_0010_0029_0047_0047.jpg 1 10 29 47 47
0076_0022_0016_0063_0063.jpg 1 22 16 63 63
0077_0009_0013_0066_0066.jpg 1 9 13 66 66
0078_0030_0026_0024_0024.jpg 1 30 26 24 24
0079_0008_0032_0044_0044.jpg 1 8 32 44 44
0080_0015_0028_0032_0032.jpg 1 15 28 32 32
0081_0011_0046_0045_0045.jpg 1 11 46 45 45
0082_0013_0024_0066_0066.jpg 1 13 24 66 66
0083_0018_0048_0036_0036.jpg 1 18 48 36 36
0084_0020_0034_0033_0033.jpg 1 20 34 33 33
0085_0014_0014_0069_0069.jpg 1 14 14 69 69
0086_0005_0030_0049_0049.jpg 1 5 30 49 49
0087_0020_0044_0040_0040.jpg 1 20 44 40 40
0088_0003_0023_0069_0069.jpg 1 3 23 69 69
0089_0016_0015_0057_0057.jpg 1 16 15 57 57
0090_0030_0024_0059_0059.jpg 1 30 24 59 59
0091_0018_0031_0028_0028.jpg 1 18 31 28 28
0092_0023_0031_0059_0059.jpg 1 23 31 59 59
0093_0010_0035_0060_0060.jpg 1 10 35 60 60
0094_0025_0027_0069_0069.jpg 1 25 27 69 69
0095_0040_0045_0028_0028.jpg 1 40 45 28 28
0096_0022_0057_0036_0036.jpg 1 22 57 36 36
0097_0019_0022_0039_0039.jpg 1 19 22 39 39
0098_0023_0030_0062_0062.jpg 1 23 30 62 62
0099_0017_0015_0052_0052.jpg 1 17 15 52 52
0100_0011_0048_0030_0030.jpg 1 11 48 30 30
0101_0063_0055_0025_0025.jpg 1 63 55 25 25
0102_0030_0010_0052_0052.jpg 1 30 10 52 52
0103_0044_0036_0051_0051.jpg 1 44 36 51 51
0104_0050_0021_0033_0033.jpg 1 50 21 33 33
0105_0051_0053_0024_0024.jpg 1 51 53 24 24
0106_0009_0033_0055_0055.jpg 1 9 33 55 55
0107_0060_0051_0025_0025.jpg 1 60 51 25 25
0108_0016_0026_0046_0046.jpg 1 16 26 46 46
0109_0007_0035_0052_0052.jpg 1 7 35 52 52
0110_0008_0019_0055_0055.jpg 1 8 19 55 55
0111_0008_0004_0065_0065.jpg 1 8 4 65 65
0112_0012_0048_0025_0025.jpg 1 12 48 25 25
0113_0038_0029_0036_0036.jpg 1 38 29 36 36
0114_0046_0009_0036_0036.jpg 1 46 9 36 36
0115_0015_0046_0036_0036.jpg 1 15 46 36 36
0116_0020_0054_0036_0036.jpg 1 20 54 36 36
0117_0015_0006_0039_0039.jpg 1 15 6 39 39
0118_0031_0012_0062_0062.jpg 1 31 12 62 62
0119_0015_0031_0051_0051.jpg 1 15 31 51 51
0120_0035_0010_0052_0052.jpg 1 35 10 52 52
0121_0015_0041_0041_0041.jpg 1 15 41 41 41
0122_0022_0022_0062_0062.jpg 1 22 22 62 62
0123_0015_0042_0035_0035.jpg 1 15 42 35 35
0124_0056_0021_0035_0035.jpg 1 56 21 35 35
0125_0026_0015_0041_0041.jpg 1 26 15 41 41
0126_0050_0023_0041_0041.jpg 1 50 23 41 41
0127_0024_0025_0063_0063.jpg 1 24 25 63 63
0128_0028_0034_0055_0055.jpg 1 28 34 55 55
0129_0041_0017_0025_0025.jpg 1 41 17 25 25
0130_0013_0010_0069_0069.jpg 1 13 10 69 69
0131_0014_0030_0059_0059.jpg 1 14 30 59 59
0132_0016_0008_0038_0038.jpg 1 16 8 38 38
0133_0042_0030_0033_0033.jpg 1 42 30 33 33
0134_0045_0010_0046_0046.jpg 1 45 10 46 46
0135_0025_0015_0050_0050.jpg 1 25 15 50 50
0136_0025_0014_0061_0061.jpg 1 25 14 61 61
0137_0022_0038_0046_0046.jpg 1 22 38 46 46
0138_0031_0023_0059_0059.jpg 1 31 23 59 59
0139_0015_0009_0069_0069.jpg 1 15 9 69 69
0140_0036_0013_0049_0049.jpg 1 36 13 49 49
0141_0015_0044_0024_0024.jpg 1 15 44 24 24
0142_0021_0012_0058_0058.jpg 1 21 12 58 58
0143_0032_0013_0049_0049.jpg 1 32 13 49 49
0144_0058_0051_0030_0030.jpg 1 58 51 30 30
0145_0011_0018_0055_0055.jpg 1 11 18 55 55
0146_0006_0011_0060_0060.jpg 1 6 11 60 60
0147_0008_0037_0045_0045.jpg 1 8 37 45 45
0148_0031_0008_0039_0039.jpg 1 31 8 39 39
0149_0028_0004_0066_0066.jpg 1 28 4 66 66
0150_0027_0024_0056_0056.jpg 1 27 24 56 56
0151_0024_0028_0045_0045.jpg 1 24 28 45 45
0152_0046_0008_0038_0038.jpg 1 46 8 38 38
0153_0022_0020_0069_0069.jpg 1 22 20 69 69
0154_0025_0046_0043_0043.jpg 1 25 46 43 43
0155_0015_0032_0063_0063.jpg 1 15 32 63 63
0156_0012_0014_0048_0048.jpg 1 12 14 48 48
0157_0023_0036_0030_0030.jpg 1 23 36 30 30
0158_0027_0016_0024_0024.jpg 1 27 16 24 24
0159_0022_0024_0062_0062.jpg 1 22 24 62 62
0160_0030_0028_0060_0060.jpg 1 30 28 60 60
0161_0037_0039_0048_0048.jpg 1 37 39 48 48
0162_0004_0021_0054_0054.jpg 1 4 21 54 54
0163_0008_0029_0053_0053.jpg 1 8 29 53 53
0164_0034_0010_0057_0057.jpg 1 34 10 57 57
0165_0027_0013_0062_0062.jpg 1 27 13 62 62
0166_0028_0034_0060_0060.jpg 1 28 34 60 60
0167_0045_0036_0029_0029.jpg 1 45 36 29 29
0168_0056_0029_0029_0029.jpg 1 56 29 29 29
0169_0006_0016_0066_0066.jpg 1 6 16 66 66
0170_0016_0010_0033_0033.jpg 1 16 10 33 33
0171_0048_0035_0030_0030.jpg 1 48 35 30 30
0172_0025_0027_0040_0040.jpg 1 25 27 40 40
0173_0010_0042_0035_0035.jpg 1 10 42 35 35
0174_0007_0027_0053_0053.jpg 1 7 27 53 53
0175_0037_0020_0054_0054.jpg 1 37 20 54 54
0176_0012_0061_0030_0030.jpg 1 12 61 30 30
0177_0017_0019_0059_0059.jpg 1 17 19 59 59
0178_0043_0032_0032_0032.jpg 1 43 32 32 32
0179_0035_0007_0059_0059.jpg 1 35 7 59 59
0180_0013_0030_0048_0048.jpg 1 13 30 48 48
0181_0023_0049_0041_0041.jpg 1 23 49 41 41
0182_0038_0060_0026_0026.jpg 1 38 60 26 26
0183_0056_0021_0035_0035.jpg 1 56 21 35 35
0184_0061_0008_0028_0028.jpg 1 61 8 28 28
0185_0037_0017_0057_0057.jpg 1 37 17 57 57
0186_0029_0019_0061_0061.jpg 1 29 19 61 61
0187_0021_0015_0045_0045.jpg 1 21 15 45 45
0188_0010_0005_0053_0053.jpg 1 10 5 53 53
0189_0044_0046_0026_0026.jpg 1 44 46 26 26
0190_0027_0057_0029_0029.jpg 1 27 57 29 29
0191_0004_0009_0068_0068.jpg 1 4 9 68 68
0192_0025_0064_0025_0025.jpg 1 25 64 25 25
0193_0013_0038_0037_0037.jpg 1 13 38 37 37
0194_0033_0052_0030_0030.jpg 1 33 52 30 30
0195_0034_0035_0050_0050.jpg 1 34 35 50 50
0196_0026_0048_0042_0042.jpg 1 26 48 42 42
0197_0031_0036_0048_0048.jpg 1 31 36 48 48
0198_0020_0019_0065_0065.jpg 1 20 19 65 65
0199_0037_0038_0041_0041.jpg 1 37 38 41 41
0200_0028_0059_0025_0025.jpg 1 28 59 25 25
0201_0054_0049_0034_0034.jpg 1 54 49 34 34
0202_0014_0030_0026_0026.jpg 1 14 30 26 26
0203_0009_0004_0065_0065.jpg 1 9 4 65 65
0204_0016_0017_0068_0068.jpg 1 16 17 68 68
0205_0043_0011_0038_0038.jpg 1 43 11 38 38
0206_0035_0041_0031_0031.jpg 1 35 41 31 31
0207_0044_0017_0050_0050.jpg 1 44 17 50 50
0208_0011_0021_0047_0047.jpg 1 11 21 47 47
0209_0023_0021_0054_0054.jpg 1 23 21 54 54
0210_0021_0014_0067_0067.jpg 1 21 14 67 67
0211_0026_0007_0051_0051.jpg 1 26 7 51 51
0212_0007_0048_0034_0034.jpg 1 7 48 34 34
0213_0018_0032_0052_0052.jpg 1 18 32 52 52
0214_0027_0027_0068_0068.jpg 1 27 27 68 68
0215_0014_0037_0033_0033.jpg 1 14 37 33 33
0216_0013_0005_0069_0069.jpg 1 13 5 69 69
0217_0006_0015_0054_0054.jpg 1 6 15 54 54
0218_0020_0031_0057_0057.jpg 1 20 31 57 57
0219_0049_0055_0028_0028.jpg 1 49 55 28 28
0220_0039_0010_0043_0043.jpg 1 39 10 43 43
0221_0030_0030_0039_0039.jpg 1 30 30 39 39
0222_0056_0044_0035_0035.jpg 1 56 44 35 35
0223_0007_0032_0041_0041.jpg 1 7 32 41 41
0224_0014_0011_0049_0049.jpg 1 14 11 49 49
0225_0034_0013_0053_0053.jpg 1 34 13 53 53
0226_0032_0033_0061_0061.jpg 1 32 33 61 61
0227_0041_0030_0042_0042.jpg 1 41 30 42 42
0228_0042_0009_0047_0047.jpg 1 42 9 47 47
0229_0009_0038_0055_0055.jpg 1 9 38 55 55
0230_0030_0021_0063_0063.jpg 1 30 21 63 63
0231_0025_0017_0064_0064.jpg 1 25 17 64 64
0232_0025_0005_0065_0065.jpg 1 25 5 65 65
0233_0022_0016_0054_0054.jpg 1 22 16 54 54
0234_0046_0021_0030_0030.jpg 1 46 21 30 30
0235_0019_0015_0028_0028.jpg 1 19 15 28 28
0236_0024_0023_0047_0047.jpg 1 24 23 47 47
0237_0046_0049_0029_0029.jpg 1 46 49 29 29
0238_0011_0016_0063_0063.jpg 1 11 16 63 63
0239_0013_0044_0036_0036.jpg 1 13 44 36 36
0240_0027_0017_0055_0055.jpg 1 27 17 55 55
0241_0007_0005_0059_0059.jpg 1 7 5 59 59
0242_0030_0040_0047_0047.jpg 1 30 40 47 47
0243_0035_0048_0045_0045.jpg 1 35 48 45 45
0244_0032_0059_0029_0029.jpg 1 32 59 29 29
0245_0027_0021_0050_0050.jpg 1 27 21 50 50
0246_0021_0021_0067_0067.jpg 1 21 21 67 67
0247_0025_0016_0067_0067.jpg 1 25 16 67 67
0248_0033_0049_0034_0034.jpg 1 33 49 34 34
0249_0026_0011_0067_0067.jpg 1 26 11 67 67
0250_0059_0038_0024_0024.jpg 1 59 38 24 24
0251_0025_0045_0030_0030.jpg 1 25 45 30 30
0252_0036_0022_0057_0057.jpg 1 36 22 57 57
0253_0058_0041_0024_0024.jpg 1 58 41 24 24
0254_0055_0022_0025_0025.jpg 1 55 22 25 25
0255_0025_0016_0057_0057.jpg 1 25 16 57 57
0256_0025_0044_0034_0034.jpg 1 25 44 34 34
0257_0033_0012_0052_0052.jpg 1 33 12 52 52
0258_0043_0034_0032_0032.jpg 1 43 34 32 32
0259_0008_0018_0066_0066.jpg 1 8 18 66 66
0260_0063_0044_0028_0028.jpg 1 63 44 28 28
0261_0044_0029_0047_0047.jpg 1 44 29 47 47
0262_0024_0008_0035_0035.jpg 1 24 8 35 35
0263_0036_0047_0035_0035.jpg 1 36 47 35 35
0264_0018_0022_0042_0042.jpg 1 18 22 42 42
0265_0049_0008_0041_0041.jpg 1 49 8 41 41
0266_0038_0014_0054_0054.jpg 1 38 14 54 54
0267_0041_0033_0033_0033.jpg 1 41 33 33 33
0268_0030_0051_0038_0038.jpg 1 30 51 38 38
0269_0022_0033_0050_0050.jpg 1 22 33 50 50
0270_0030_0010_0025_0025.jpg 1 30 10 25 25
0271_0030_0053_0037_0037.jpg 1 30 53 37 37
0272_0039_0033_0045_0045.jpg 1 39 33 45 45
0273_0035_0025_0056_0056.jpg 1 35 25 56 56
0274_0019_0013_0052_0052.jpg 1 19 13 52 52
0275_0013_0026_0057_0057.jpg 1 13 26 57 57
0276_0017_0026_0033_0033.jpg 1 17 26 33 33
0277_0026_0026_0048_0048.jpg 1 26 26 48 48
0278_0013_0019_0029_0029.jpg 1 13 19 29 29
0279_0024_0025_0067_0067.jpg 1 24 25 67 67
0280_0021_0063_0027_0027.jpg 1 21 63 27 27
0281_0007_0061_0024_0024.jpg 1 7 61 24 24
0282_0051_0041_0035_0035.jpg 1 51 41 35 35
0283_0009_0013_0030_0030.jpg 1 9 13 30 30
0284_0024_0026_0033_0033.jpg 1 24 26 33 33
0285_0049_0036_0031_0031.jpg 1 49 36 31 31
0286_0017_0024_0069_0069.jpg 1 17 24 69 69
0287_0047_0020_0025_0025.jpg 1 47 20 25 25
0288_0036_0028_0044_0044.jpg 1 36 28 44 44
0289_0040_0055_0037_0037.jpg 1 40 55 37 37
0290_0032_0038_0047_0047.jpg 1 32 38 47 47
0291_0011_0004_0067_0067.jpg 1 11 4 67 67
0292_0006_0033_0041_0041.jpg 1 6 33 41 41
0293_0040_0029_0051_0051.jpg 1 40 29 51 51
0294_0046_0017_0030_0030.jpg 1 46 17 30 30
0295_0009_0025_0060_0060.jpg 1 9 25 60 60
0296_0006_0024_0068_0068.jpg 1 6 24 68 68
0297_0014_0028_0035_0035.jpg 1 14 28 35 35
0298_0054_0060_0031_0031.jpg 1 54 60 31 31
0299_0012_0004_0068_0068.jpg 1 12 4 68 68
0300_0042_0041_0029_0029.jpg 1 42 41 29 29
0301_0005_0042_0052_0052.jpg 1 5 42 52 52
0302_0029_0033_0026_0026.jpg 1 29 33 26 26
0303_0025_0027_0068_0068.jpg 1 25 27 68 68
0304_0032_0037_0041_0041.jpg 1 32 37 41 41
0305_0034_0057_0030_0030.jpg 1 34 57 30 30
0306_0038_0056_0036_0036.jpg 1 38 56 36 36
0307_0024_0016_0025_0025.jpg 1 24 16 25 25
0308_0031_0039_0053_0053.jpg 1 31 39 53 53
0309_0027_0010_0054_0054.jpg 1 27 10 54 54
0310_0005_0014_0067_0067.jpg 1 5 14 67 67
0311_0027_0027_0062_0062.jpg 1 27 27 62 62
0312_0004_0022_0066_0066.jpg 1 4 22 66 66
0313_0015_0025_0032_0032.jpg 1 15 25 32 32
0314_0044_0052_0035_0035.jpg 1 44 52 35 35
0315_0022_0005_0069_0069.jpg 1 22 5 69 69
0316_0018_0015_0035_0035.jpg 1 18 15 35 35
0317_0006_0024_0066_0066.jpg 1 6 24 66 66
0318_0023_0026_0068_0068.jpg 1 23 26 68 68
0319_0009_0028_0062_0062.jpg 1 9 28 62 62
0320_0014_0006_0063_0063.jpg 1 14 6 63 63
0321_0028_0041_0052_0052.jpg 1 28 41 52 52
0322_0023_0017_0046_0046.jpg 1 23 17 46 46
0323_0034_0021_0032_0032.jpg 1 34 21 32 32
0324_0046_0012_0039_0039.jpg 1 46 12 39 39
0325_0010_0028_0061_0061.jpg 1 10 28 61 61
0326_0021_0003_0068_0068.jpg 1 21 3 68 68
0327_0008_0026_0057_0057.jpg 1 8 26 57 57
0328_0036_0032_0054_0054.jpg 1 36 32 54 54
0329_0040_0038_0054_0054.jpg 1 40 38 54 54
0330_0059_0064_0026_0026.jpg 1 59 64 26 26
0331_0017_0034_0060_0060.jpg 1 17 34 60 60
0332_0033_0024_0043_0043.jpg 1 33 24 43 43
0333_0027_0021_0058_0058.jpg 1 27 21 58 58
0334_0020_0039_0053_0053.jpg 1 20 39 53 53
0335_0040_0010_0040_0040.jpg 1 40 10 40 40
0336_0015_0040_0046_0046.jpg 1 15 40 46 46
0337_0007_0018_0056_0056.jpg 1 7 18 56 56
0338_0013_0059_0026_0026.jpg 1 13 59 26 26
0339_0045_0051_0027_0027.jpg 1 45 51 27 27
0340_0013_0012_0053_0053.jpg 1 13 12 53 53
0341_0030_0010_0057_0057.jpg 1 30 10 57 57
0342_0015_0004_0066_0066.jpg 1 15 4 66 66
0343_0010_0006_0058_0058.jpg 1 10 6 58 58
0344_0044_0030_0044_0044.jpg 1 44 30 44 44
0345_0004_0027_0062_0062.jpg 1 4 27 62 62
0346_0024_0011_0046_0046.jpg 1 24 11 46 46
0347_0057_0026_0027_0027.jpg 1 57 26 27 27
0348_0049_0050_0040_0040.jpg 1 49 50 40 40
0349_0033_0029_0048_0048.jpg 1 33 29 48 48
0350_0013_0024_0026_0026.jpg 1 13 24 26 26
0351_0030_0026_0066_0066.jpg 1 30 26 66 66
0352_0008_0014_0059_0059.jpg 1 8 14 59 59
0353_0008_0028_0024_0024.jpg 1 8 28 24 24
0354_0018_0030_0055_0055.jpg 1 18 30 55 55
0355_0016_0027_0057_0057.jpg 1 16 27 57 57
0356_0009_0009_0066_0066.jpg 1 9 9 66 66
0357_0020_0023_0068_0068.jpg 1 20 23 68 68
0358_0043_0038_0042_0042.jpg 1 43 38 42 42
0359_0027_0032_0056_0056.jpg 1 27 32 56 56
0360_0022_0030_0050_0050.jpg 1 22 30 50 50
0361_0043_0026_0032_0032.jpg 1 43 26 32 32
0362_0043_0033_0031_0031.jpg 1 43 33 31 31
0363_0009_0021_0068_0068.jpg 1 9 21 68 68
0364_0043_0043_0026_0026.jpg 1 43 43 26 26
0365_0031_0048_0041_0041.jpg 1 31 48 41 41
0366_0005_0039_0049_0049.jpg 1 5 39 49 49
0367_0018_0020_0068_0068.jpg 1 18 20 68 68
0368_0035_0045_0040_0040.jpg 1 35 45 40 40
0369_0035_0028_0034_0034.jpg 1 35 28 34 34
0370_0053_0050_0034_0034.jpg 1 53 50 34 34
0371_0053_0052_0024_0024.jpg 1 53 52 24 24
0372_0016_0047_0025_0025.jpg 1 16 47 25 25
0373_0030_0013_0041_0041.jpg 1 30 13 41 41
0374_0032_0022_0061_0061.jpg 1 32 22 61 61
0375_0013_0045_0044_0044.jpg 1 13 45 44 44
0376_0013_0026_0061_0061.jpg 1 13 26 61 61
0377_0020_0031_0042_0042.jpg 1 20 31 42 42
0378_0058_0061_0026_0026.jpg 1 58 61 26 26
0379_0020_0053_0031_0031.jpg 1 20 53 31 31
0380_0014_0025_0069_0069.jpg 1 14 25 69 69
0381_0021_0056_0025_0025.jpg 1 21 56 25 25
0382_0031_0021_0061_0061.jpg 1 31 21 61 61
0383_0022_0015_0030_0030.jpg 1 22 15 30 30
0384_0019_0028_0062_0062.jpg 1 19 28 62 62
0385_0034_0024_0062_0062.jpg 1 34 24 62 62
0386_0017_0034_0058_0058.jpg 1 17 34 58 58
0387_0021_0019_0029_0029.jpg 1 21 19 29 29
0388_0020_0034_0060_0060.jpg 1 20 34 60 60
0389_0036_0007_0055_0055.jpg 1 36 7 55 55
0390_0023_0009_0056_0056.jpg 1 23 9 56 56
0391_0023_0027_0047_0047.jpg 1 23 27 47 47
0392_0055_0040_0037_0037.jpg 1 55 40 37 37
0393_0023_0022_0051_0051.jpg 1 23 22 51 51
0394_0025_0048_0037_0037.jpg 1 25 48 37 37
0395_0038_0057_0032_0032.jpg 1 38 57 32 32
0396_0008_0024_0055_0055.jpg 1 8 24 55 55
0397_0041_0035_0026_0026.jpg 1 41 35 26 26
0398_0009_0029_0061_0061.jpg 1 9 29 61 61
0399_0014_0056_0027_0027.jpg 1 14 56 27 27
0400_0010_0020_0047_0047.jpg 1 10 20 47 47
0401_0022_0010_0067_0067.jpg 1 22 10 67 67
0402_0013_0026_0069_0069.jpg 1 13 26 69 69
0403_0004_0030_0065_0065.jpg 1 4 30 65 65
0404_0018_0026_0058_0058.jpg 1 18 26 58 58
0405_0026_0045_0048_0048.jpg 1 26 45 48 48
0406_0056_0012_0033_0033.jpg 1 56 12 33 33
0407_0037_0047_0040_0040.jpg 1 37 47 40 40
0408_0023_0007_0059_0059.jpg 1 23 7 59 59
0409_0034_0037_0041_0041.jpg 1 34 37 41 41
0410_0016_0006_0060_0060.jpg 1 16 6 60 60
0411_0039_0036_0051_0051.jpg 1 39 36 51 51
0412_0016_0020_0066_0066.jpg 1 16 20 66 66
0413_0015_0007_0058_0058.jpg 1 15 7 58 58
0414_0022_0025_0034_0034.jpg 1 22 25 34 34
0415_0049_0052_0038_0038.jpg 1 49 52 38 38
0416_0028_0009_0028_0028.jpg 1 28 9 28 28
0417_0025_0030_0057_0057.jpg 1 25 30 57 57
0418_0006_0012_0068_0068.jpg 1 6 12 68 68
0419_0031_0014_0061_0061.jpg 1 31 14 61 61
0420_0022_0024_0026_0026.jpg 1 22 24 26 26
0421_0017_0023_0036_0036.jpg 1 17 23 36 36
0422_0047_0052_0037_0037.jpg 1 47 52 37 37
0423_0044_0031_0036_0036.jpg 1 44 31 36 36
0424_0048_0050_0042_0042.jpg 1 48 50 42 42
0425_0010_0027_0054_0054.jpg 1 10 27 54 54
0426_0029_0026_0047_0047.jpg 1 29 26 47 47
0427_0032_0006_0062_0062.jpg 1 32 6 62 62
0428_0008_0013_0065_0065.jpg 1 8 13 65 65
0429_0046_0013_0038_0038.jpg 1 46 13 38 38
0430_0029_0021_0066_0066.jpg 1 29 21 66 66
0431_0041_0050_0041_0041.jpg 1 41 50 41 41
0432_0032_0032_0061_0061.jpg 1 32 32 61 61
0433_0013_0018_0069_0069.jpg 1 13 18 69 69
0434_0045_0017_0048_0048.jpg 1 45 17 48 48
0435_0038_0022_0048_0048.jpg 1 38 22 48 48
0436_0035_0036_0046_0046.jpg 1 35 36 46 46
0437_0026_0019_0062_0062.jpg 1 26 19 62 62
0438_0012_0026_0049_0049.jpg 1 12 26 49 49
0439_0004_0019_0061_0061.jpg 1 4 19 61 61
0440_0015_0017_0056_0056.jpg 1 15 17 56 56
0441_0020_0022_0067_0067.jpg 1 20 22 67 67
0442_0016_0029_0061_0061.jpg 1 16 29 61 61
0443_0011_0011_0063_0063.jpg 1 11 11 63 63
0444_0033_0026_0030_0030.jpg 1 33 26 30 30
0445_0027_0008_0043_0043.jpg 1 27 8 43 43
0446_0040_0009_0025_0025.jpg 1 40 9 25 25
0447_0011_0013_0067_0067.jpg 1 11 13 67 67
0448_0057_0044_0036_0036.jpg 1 57 44 36 36
0449_0059_0051_0029_0029.jpg 1 59 51 29 29
0450_0004_0017_0058_0058.jpg 1 4 17 58 58
0451_0026_0009_0037_0037.jpg 1 26 9 37 37
0452_0029_0033_0044_0044.jpg 1 29 33 44 44
0453_0032_0037_0056_0056.jpg 1 32 37 56 56
0454_0011_0047_0047_0047.jpg 1 11 47 47 47
0455_0028_0033_0062_0062.jpg 1 28 33 62 62
0456_0034_0029_0040_0040.jpg 1 34 29 40 40
0457_0031_0060_0033_0033.jpg 1 31 60 33 33
0458_0026_0049_0031_0031.jpg 1 26 49 31 31
0459_0039_0023_0047_0047.jpg 1 39 23 47 47
0460_0030_0025_0062_0062.jpg 1 30 25 62 62
0461_0019_0027_0060_0060.jpg 1 19 27 60 60
0462_0013_0010_0050_0050.jpg 1 13 10 50 50
0463_0048_0036_0039_0039.jpg 1 48 36 39 39
0464_0028_0022_0043_0043.jpg 1 28 22 43 43
0465_0041_0013_0032_0032.jpg 1 41 13 32 32
0466_0013_0020_0031_0031.jpg 1 13 20 31 31
0467_0009_0015_0064_0064.jpg 1 9 15 64 64
0468_0021_0033_0046_0046.jpg 1 21 33 46 46
0469_0012_0008_0064_0064.jpg 1 12 8 64 64
0470_0051_0029_0032_0032.jpg 1 51 29 32 32
0471_0041_0013_0037_0037.jpg 1 41 13 37 37
0472_0027_0046_0045_0045.jpg 1 27 46 45 45
0473_0035_0034_0043_0043.jpg 1 35 34 43 43
0474_0024_0018_0052_0052.jpg 1 24 18 52 52
0475_0006_0005_0064_0064.jpg 1 6 5 64 64
0476_0029_0013_0055_0055.jpg 1 29 13 55 55
0477_0031_0039_0055_0055.jpg 1 31 39 55 55
0478_0026_0030_0045_0045.jpg 1 26 30 45 45
0479_0017_0012_0056_0056.jpg 1 17 12 56 56
0480_0039_0054_0029_0029.jpg 1 39 54 29 29
0481_0011_0037_0058_0058.jpg 1 11 37 58 58
0482_0032_0034_0061_0061.jpg 1 32 34 61 61
0483_0010_0016_0068_0068.jpg 1 10 16 68 68
0484_0032_0010_0050_0050.jpg 1 32 10 50 50
0485_0048_0005_0046_0046.jpg 1 48 5 46 46
0486_0039_0048_0042_0042.jpg 1 39 48 42 42
0487_0028_0027_0036_0036.jpg 1 28 27 36 36
0488_0015_0011_0045_0045.jpg 1 15 11 45 45
0489_0036_0042_0051_0051.jpg 1 36 42 51 51
0490_0038_0044_0037_0037.jpg 1 38 44 37 37
0491_0044_0043_0044_0044.jpg 1 44 43 44 44
0492_0038_0033_0055_0055.jpg 1 38 33 55 55
0493_0044_0059_0028_0028.jpg 1 44 59 28 28
0494_0022_0014_0065_0065.jpg 1 22 14 65 65
0495_0011_0031_0060_0060.jpg 1 11 31 60 60
0496_0016_0038_0054_0054.jpg 1 16 38 54 54
0497_0028_0012_0041_0041.jpg 1 28 12 41 41
0498_0007_0049_0033_0033.jpg 1 7 49 33 33
0499_0005_0009_0067_0067.jpg 1 5 9 67 67
0500_0044_0012_0045_0045.jpg 1 44 12 45 45
0501_0041_0020_0024_0024.jpg 1 41 20 24 24
0502_0006_0004_0063_0063.jpg 1 6 4 63 63
0503_0017_0009_0056_0056.jpg 1 17 9 56 56
0504_0011_0021_0060_0060.jpg 1 11 21 60 60
0505_0016_0048_0030_0030.jpg 1 16 48 30 30
0506_0050_0032_0032_0032.jpg 1 50 32 32 32
0507_0008_0014_0063_0063.jpg 1 8 14 63 63
0508_0011_0037_0058_0058.jpg 1 11 37 58 58
0509_0003_0026_0068_0068.jpg 1 3 26 68 68
0510_0008_0024_0063_0063.jpg 1 8 24 63 63
0511_0015_0052_0025_0025.jpg 1 15 52 25 25
0512_0007_0018_0063_0063.jpg 1 7 18 63 63
0513_0031_0040_0050_0050.jpg 1 31 40 50 50
0514_0020_0041_0034_0034.jpg 1 20 41 34 34
0515_0044_0035_0036_0036.jpg 1 44 35 36 36
0516_0006_0027_0067_0067.jpg 1 6 27 67 67
0517_0030_0030_0031_0031.jpg 1 30 30 31 31
0518_0033_0009_0053_0053.jpg 1 33 9 53 53
0519_0013_0033_0054_0054.jpg 1 13 33 54 54
0520_0016_0014_0065_0065.jpg 1 16 14 65 65
0521_0019_0026_0045_0045.jpg 1 19 26 45 45
0522_0040_0037_0027_0027.jpg 1 40 37 27 27
0523_0017_0023_0066_0066.jpg 1 17 23 66 66
0524_0028_0031_0059_0059.jpg 1 28 31 59 59
0525_0006_0026_0068_0068.jpg 1 6 26 68 68
0526_0029_0011_0060_0060.jpg 1 29 11 60 60
0527_0018_0023_0059_0059.jpg 1 18 23 59 59
0528_0006_0029_0048_0048.jpg 1 6 29 48 48
0529_0024_0039_0027_0027.jpg 1 24 39 27 27
0530_0062_0027_0026_0026.jpg 1 62 27 26 26
0531_0030_0046_0047_0047.jpg 1 30 46 47 47
0532_0006_0013_0042_0042.jpg 1 6 13 42 42
0533_0045_0042_0047_0047.jpg 1 45 42 47 47
0534_0015_0023_0046_0046.jpg 1 15 23 46 46
0535_0035_0007_0057_0057.jpg 1 35 7 57 57
0536_0014_0011_0055_0055.jpg 1 14 11 55 55
0537_0015_0030_0049_0049.jpg 1 15 30 49 49
0538_0022_0034_0030_0030.jpg 1 22 34 30 30
0539_0006_0038_0054_0054.jpg 1 6 38 54 54
0540_0012_0007_0068_0068.jpg 1 12 7 68 68
0541_0035_0030_0049_0049.jpg 1 35 30 49 49
0542_0057_0026_0025_0025.jpg 1 57 26 25 25
0543_0026_0028_0062_0062.jpg 1 26 28 62 62
0544_0032_0036_0056_0056.jpg 1 32 36 56 56
0545_0011_0013_0063_0063.jpg 1 11 13 63 63
0546_0037_0058_0033_0033.jpg 1 37 58 33 33
0547_0013_0012_0053_0053.jpg 1 13 12 53 53
0548_0005_0023_0058_0058.jpg 1 5 23 58 58
0549_0017_0027_0031_0031.jpg 1 17 27 31 31
0550_0021_0018_0047_0047.jpg 1 21 18 47 47
0551_0044_0011_0050_0050.jpg 1 44 11 50 50
0552_0019_0019_0032_0032.jpg 1 19 19 32 32
0553_0017_0026_0058_0058.jpg 1 17 26 58 58
0554_0028_0017_0039_0039.jpg 1 28 17 39 39
0555_0017_0061_0031_0031.jpg 1 17 61 31 31
0556_0012_0046_0032_0032.jpg 1 12 46 32 32
0557_0007_0012_0050_0050.jpg 1 7 12 50 50
0558_0025_0016_0045_0045.jpg 1 25 16 45 45
0559_0026_0028_0065_0065.jpg 1 26 28 65 65
0560_0009_0020_0065_0065.jpg 1 9 20 65 65
0561_0032_0018_0052_0052.jpg 1 32 18 52 52
0562_0013_0028_0037_0037.jpg 1 13 28 37 37
0563_0045_0018_0028_0028.jpg 1 45 18 28 28
0564_0044_0012_0043_0043.jpg 1 44 12 43 43
0565_0041_0022_0034_0034.jpg 1 41 22 34 34
0566_0012_0045_0031_0031.jpg 1 12 45 31 31
0567_0040_0021_0042_0042.jpg 1 40 21 42 42
0568_0031_0020_0024_0024.jpg 1 31 20 24 24
0569_0037_0023_0051_0051.jpg 1 37 23 51 51
0570_0032_0014_0040_0040.jpg 1 32 14 40 40
0571_0025_0005_0066_0066.jpg 1 25 5 66 66
0572_0017_0015_0053_0053.jpg 1 17 15 53 53
0573_0015_0030_0033_0033.jpg 1 15 30 33 33
0574_0022_0012_0057_0057.jpg 1 22 12 57 57
0575_0018_0022_0056_0056.jpg 1 18 22 56 56
0576_0030_0042_0027_0027.jpg 1 30 42 27 27
0577_0026_0056_0028_0028.jpg 1 26 56 28 28
0578_0034_0010_0059_0059.jpg 1 34 10 59 59
0579_0006_0019_0068_0068.jpg 1 6 19 68 68
0580_0020_0012_0057_0057.jpg 1 20 12 57 57
0581_0043_0048_0035_0035.jpg 1 43 48 35 35
0582_0048_0010_0041_0041.jpg 1 48 10 41 41
0583_0058_0032_0031_0031.jpg 1 58 32 31 31
0584_0045_0016_0036_0036.jpg 1 45 16 36 36
0585_0045_0008_0049_0049.jpg 1 45 8 49 49
0586_0006_0031_0061_0061.jpg 1 6 31 61 61
0587_0028_0014_0054_0054.jpg 1 28 14 54 54
0588_0040_0034_0039_0039.jpg 1 40 34 39 39
0589_0035_0021_0060_0060.jpg 1 35 21 60 60
0590_0036_0037_0029_0029.jpg 1 36 37 29 29
0591_0019_0040_0055_0055.jpg 1 19 40 55 55
0592_0037_0009_0052_0052.jpg 1 37 9 52 52
0593_0021_0025_0039_0039.jpg 1 21 25 39 39
0594_0054_0032_0038_0038.jpg 1 54 32 38 38
0595_0050_0049_0039_0039.jpg 1 50 49 39 39
0596_0008_0008_0063_0063.jpg 1 8 8 63 63
0597_0024_0018_0034_0034.jpg 1 24 18 34 34
0598_0026_0039_0044_0044.jpg 1 26 39 44 44
0599_0012_0018_0032_0032.jpg 1 12 18 32 32
0600_0008_0022_0041_0041.jpg 1 8 22 41 41
0601_0006_0023_0054_0054.jpg 1 6 23 54 54
0602_0008_0057_0024_0024.jpg 1 8 57 24 24
0603_0028_0035_0048_0048.jpg 1 28 35 48 48
0604_0009_0025_0064_0064.jpg 1 9 25 64 64
0605_0027_0009_0048_0048.jpg 1 27 9 48 48
0606_0007_0007_0028_0028.jpg 1 7 7 28 28
0607_0007_0033_0054_0054.jpg 1 7 33 54 54
0608_0040_0012_0035_0035.jpg 1 40 12 35 35
0609_0038_0030_0034_0034.jpg 1 38 30 34 34
0610_0041_0020_0031_0031.jpg 1 41 20 31 31
0611_0021_0017_0053_0053.jpg 1 21 17 53 53
0612_0018_0023_0056_0056.jpg 1 18 23 56 56
0613_0012_0020_0058_0058.jpg 1 12 20 58 58
0614_0007_0003_0069_0069.jpg 1 7 3 69 69
0615_0043_0023_0048_0048.jpg 1 43 23 48 48
0616_0010_0005_0057_0057.jpg 1 10 5 57 57
0617_0022_0016_0061_0061.jpg 1 22 16 61 61
0618_0020_0025_0067_0067.jpg 1 20 25 67 67
0619_0033_0028_0051_0051.jpg 1 33 28 51 51
0620_0017_0027_0034_0034.jpg 1 17 27 34 34
0621_0022_0020_0064_0064.jpg 1 22 20 64 64
0622_0033_0040_0046_0046.jpg 1 33 40 46 46
0623_0043_0013_0024_0024.jpg 1 43 13 24 24
0624_0052_0048_0037_0037.jpg 1 52 48 37 37
0625_0011_0015_0069_0069.jpg 1 11 15 69 69
0626_0022_0021_0069_0069.jpg 1 22 21 69 69
0627_0013_0028_0050_0050.jpg 1 13 28 50 50
0628_0057_0015_0030_0030.jpg 1 57 15 30 30
0629_0041_0034_0043_0043.jpg 1 41 34 43 43
0630_0008_0036_0056_0056.jpg 1 8 36 56 56
0631_0019_0007_0069_0069.jpg 1 19 7 69 69
0632_0016_0029_0060_0060.jpg 1 16 29 60 60
0633_0029_0020_0043_0043.jpg 1 29 20 43 43
0634_0026_0028_0035_0035.jpg 1 26 28 35 35
0635_0008_0016_0062_0062.jpg 1 8 16 62 62
0636_0040_0025_0040_0040.jpg 1 40 25 40 40
0637_0021_0010_0034_0034.jpg 1 21 10 34 34
0638_0020_0009_0056_0056.jpg 1 20 9 56 56
0639_0032_0039_0055_0055.jpg 1 32 39 55 55
0640_0059_0043_0025_0025.jpg 1 59 43 25 25
0641_0010_0006_0039_0039.jpg 1 10 6 39 39
0642_0028_0048_0031_0031.jpg 1 28 48 31 31
0643_0021_0043_0041_0041.jpg 1 21 43 41 41
0644_0004_0010_0065_0065.jpg 1 4 10 65 65
0645_0015_0058_0025_0025.jpg 1 15 58 25 25
0646_0024_0028_0041_0041.jpg 1 24 28 41 41
0647_0034_0049_0034_0034.jpg 1 34 49 34 34
0648_0052_0020_0030_0030.jpg 1 52 20 30 30
0649_0011_0013_0067_0067.jpg 1 11 13 67 67
0650_0012_0031_0053_0053.jpg 1 12 31 53 53
0651_0044_0017_0047_0047.jpg 1 44 17 47 47
0652_0067_0039_0024_0024.jpg 1 67 39 24 24
0653_0019_0005_0045_0045.jpg 1 19 5 45 45
0654_0040_0038_0029_0029.jpg 1 40 38 29 29
0655_0027_0037_0055_0055.jpg 1 27 37 55 55
0656_0014_0019_0058_0058.jpg 1 14 19 58 58
0657_0010_0031_0064_0064.jpg 1 10 31 64 64
0658_0016_0046_0044_0044.jpg 1 16 46 44 44
0659_0011_0011_0069_0069.jpg 1 11 11 69 69
0660_0016_0009_0068_0068.jpg 1 16 9 68 68
0661_0003_0021_0068_0068.jpg 1 3 21 68 68
0662_0017_0032_0063_0063.jpg 1 17 32 63 63
0663_0010_0027_0066_0066.jpg 1 10 27 66 66
0664_0029_0027_0056_0056.jpg 1 29 27 56 56
0665_0028_0019_0039_0039.jpg 1 28 19 39 39
0666_0026_0033_0031_0031.jpg 1 26 33 31 31
0667_0017_0006_0048_0048.jpg 1 17 6 48 48
0668_0004_0012_0058_0058.jpg 1 4 12 58 58
0669_0009_0026_0058_0058.jpg 1 9 26 58 58
0670_0014_0021_0065_0065.jpg 1 14 21 65 65
0671_0012_0036_0049_0049.jpg 1 12 36 49 49
0672_0017_0028_0064_0064.jpg 1 17 28 64 64
0673_0016_0048_0040_0040.jpg 1 16 48 40 40
0674_0049_0033_0041_0041.jpg 1 49 33 41 41
0675_0009_0036_0051_0051.jpg 1 9 36 51 51
0676_0016_0011_0068_0068.jpg 1 16 11 68 68
0677_0035_0062_0027_0027.jpg 1 35 62 27 27
0678_0005_0017_0051_0051.jpg 1 5 17 51 51
0679_0028_0022_0064_0064.jpg 1 28 22 64 64
0680_0028_0020_0065_0065.jpg 1 28 20 65 65
0681_0040_0033_0052_0052.jpg 1 40 33 52 52
0682_0034_0014_0042_0042.jpg 1 34 14 42 42
0683_0021_0020_0036_0036.jpg 1 21 20 36 36
0684_0035_0021_0057_0057.jpg 1 35 21 57 57
0685_0054_0058_0034_0034.jpg 1 54 58 34 34
0686_0026_0009_0067_0067.jpg 1 26 9 67 67
0687_0010_0025_0067_0067.jpg 1 10 25 67 67
0688_0021_0022_0041_0041.jpg 1 21 22 41 41
0689_0031_0019_0044_0044.jpg 1 31 19 44 44
0690_0066_0021_0026_0026.jpg 1 66 21 26 26
0691_0053_0043_0024_0024.jpg 1 53 43 24 24
0692_0044_0020_0040_0040.jpg 1 44 20 40 40
0693_0025_0028_0045_0045.jpg 1 25 28 45 45
0694_0008_0031_0057_0057.jpg 1 8 31 57 57
0695_0029_0028_0046_0046.jpg 1 29 28 46 46
0696_0033_0028_0049_0049.jpg 1 33 28 49 49
0697_0011_0029_0063_0063.jpg 1 11 29 63 63
0698_0041_0015_0042_0042.jpg 1 41 15 42 42
0699_0014_0011_0068_0068.jpg 1 14 11 68 68
0700_0017_0020_0045_0045.jpg 1 17 20 45 45
0701_0015_0006_0061_0061.jpg 1 15 6 61 61
0702_0050_0047_0024_0024.jpg 1 50 47 24 24
0703_0026_0022_0064_0064.jpg 1 26 22 64 64
0704_0049_0041_0034_0034.jpg 1 49 41 34 34
0705_0036_0054_0039_0039.jpg 1 36 54 39 39
0706_0053_0028_0037_0037.jpg 1 53 28 37 37
0707_0021_0018_0034_0034.jpg 1 21 18 34 34
0708_0040_0046_0036_0036.jpg 1 40 46 36 36
0709_0034_0056_0025_0025.jpg 1 34 56 25 25
0710_0015_0024_0067_0067.jpg 1 15 24 67 67
0711_0010_0008_0067_0067.jpg 1 10 8 67 67
0712_0040_0009_0030_0030.jpg 1 40 9 30 30
0713_0015_0028_0062_0062.jpg 1 15 28 62 62
0714_0026_0009_0052_0052.jpg 1 26 9 52 52
0715_0052_0021_0037_0037.jpg 1 52 21 37 37
0716_0017_0025_0061_0061.jpg 1 17 25 61 61
0717_0010_0011_0050_0050.jpg 1 10 11 50 50
0718_0036_0054_0038_0038.jpg 1 36 54 38 38
0719_0018_0005_0063_0063.jpg 1 18 5 63 63
0720_0034_0026_0029_0029.jpg 1 34 26 29 29
0721_0016_0026_0036_0036.jpg 1 16 26 36 36
0722_0055_0023_0031_0031.jpg 1 55 23 31 31
0723_0015_0031_0060_0060.jpg 1 15 31 60 60
0724_0049_0014_0042_0042.jpg 1 49 14 42 42
0725_0017_0045_0027_0027.jpg 1 17 45 27 27
0726_0025_0035_0040_0040.jpg 1 25 35 40 40
0727_0046_0057_0029_0029.jpg 1 46 57 29 29
0728_0019_0050_0024_0024.jpg 1 19 50 24 24
0729_0029_0026_0060_0060.jpg 1 29 26 60 60
0730_0022_0029_0060_0060.jpg 1 22 29 60 60
0731_0034_0018_0058_0058.jpg 1 34 18 58 58
0732_0024_0018_0061_0061.jpg 1 24 18 61 61
0733_0024_0036_0040_0040.jpg 1 24 36 40 40
0734_0025_0013_0035_0035.jpg 1 25 13 35 35
0735_0031_0028_0061_0061.jpg 1 31 28 61 61
0736_0006_0020_0068_0068.jpg 1 6 20 68 68
0737_0020_0024_0063_0063.jpg 1 20 24 63 63
0738_0017_0022_0055_0055.jpg 1 17 22 55 55
0739_0036_0014_0031_0031.jpg 1 36 14 31 31
0740_0028_0007_0055_0055.jpg 1 28 7 55 55
0741_0058_0035_0026_0026.jpg 1 58 35 26 26
0742_0034_0013_0031_0031.jpg 1 34 13 31 31
0743_0014_0039_0055_0055.jpg 1 14 39 55 55
0744_0033_0033_0052_0052.jpg 1 33 33 52 52
0745_0020_0018_0069_0069.jpg 1 20 18 69 69
0746_0029_0033_0050_0050.jpg 1 29 33 50 50
0747_0065_0025_0024_0024.jpg 1 65 25 24 24
0748_0007_0035_0051_0051.jpg 1 7 35 51 51
0749_0017_0014_0063_0063.jpg 1 17 14 63 63
0750_0055_0022_0037_0037.jpg 1 55 22 37 37
0751_0057_0038_0031_0031.jpg 1 57 38 31 31
0752_0011_0036_0046_0046.jpg 1 11 36 46 46
0753_0014_0025_0038_0038.jpg 1 14 25 38 38
0754_0008_0014_0048_0048.jpg 1 8 14 48 48
0755_0035_0033_0041_0041.jpg 1 35 33 41 41
0756_0025_0033_0031_0031.jpg 1 25 33 31 31
0757_0023_0054_0025_0025.jpg 1 23 54 25 25
0758_0040_0020_0043_0043.jpg 1 40 20 43 43
0759_0017_0005_0068_0068.jpg 1 17 5 68 68
0760_0012_0028_0066_0066.jpg 1 12 28 66 66
0761_0034_0022_0029_0029.jpg 1 34 22 29 29
0762_0011_0010_0065_0065.jpg 1 11 10 65 65
0763_0028_0037_0047_0047.jpg 1 28 37 47 47
0764_0019_0013_0064_0064.jpg 1 19 13 64 64
0765_0045_0049_0036_0036.jpg 1 45 49 36 36
0766_0011_0023_0059_0059.jpg 1 11 23 59 59
0767_0020_0010_0051_0051.jpg 1 20 10 51 51
0768_0012_0057_0025_0025.jpg 1 12 57 25 25
0769_0025_0021_0036_0036.jpg 1 25 21 36 36
0770_0009_0029_0054_0054.jpg 1 9 29 54 54
0771_0045_0050_0031_0031.jpg 1 45 50 31 31
0772_0061_0012_0025_0025.jpg 1 61 12 25 25
0773_0007_0004_0060_0060.jpg 1 7 4 60 60
0774_0051_0014_0036_0036.jpg 1 51 14 36 36
0775_0017_0038_0035_0035.jpg 1 17 38 35 35
0776_0030_0023_0031_0031.jpg 1 30 23 31 31
0777_0010_0020_0057_0057.jpg 1 10 20 57 57
0778_0016_0015_0056_0056.jpg 1 16 15 56 56
0779_0052_0038_0037_0037.jpg 1 52 38 37 37
0780_0029_0016_0061_0061.jpg 1 29 16 61 61
0781_0026_0012_0067_0067.jpg 1 26 12 67 67
0782_0010_0022_0050_0050.jpg 1 10 22 50 50
0783_0035_0035_0029_0029.jpg 1 35 35 29 29
0784_0022_0033_0052_0052.jpg 1 22 33 52 52
0785_0030_0031_0049_0049.jpg 1 30 31 49 49
0786_0040_0045_0043_0043.jpg 1 40 45 43 43
0787_0014_0015_0043_0043.jpg 1 14 15 43 43
0788_0006_0033_0058_0058.jpg 1 6 33 58 58
0789_0023_0028_0054_0054.jpg 1 23 28 54 54
0790_0033_0031_0040_0040.jpg 1 33 31 40 40
0791_0037_0039_0028_0028.jpg 1 37 39 28 28
0792_0032_0048_0041_0041.jpg 1 32 48 41 41
0793_0022_0049_0034_0034.jpg 1 22 49 34 34
0794_0060_0037_0027_0027.jpg 1 60 37 27 27
0795_0052_0016_0024_0024.jpg 1 52 16 24 24
0796_0012_0011_0052_0052.jpg 1 12 11 52 52
0797_0012_0006_0049_0049.jpg 1 12 6 49 49
0798_0022_0034_0052_0052.jpg 1 22 34 52 52
0799_0014_0016_0067_0067.jpg 1 14 16 67 67
0800_0039_0020_0036_0036.jpg 1 39 20 36 36
0801_0008_0011_0029_0029.jpg 1 8 11 29 29
0802_0037_0043_0042_0042.jpg 1 37 43 42 42
0803_0023_0025_0036_0036.jpg 1 23 25 36 36
0804_0025_0007_0038_0038.jpg 1 25 7 38 38
0805_0029_0005_0056_0056.jpg 1 29 5 56 56
0806_0022_0012_0033_0033.jpg 1 22 12 33 33
0807_0006_0020_0064_0064.jpg 1 6 20 64 64
0808_0020_0009_0060_0060.jpg 1 20 9 60 60
0809_0017_0010_0036_0036.jpg 1 17 10 36 36
0810_0006_0016_0042_0042.jpg 1 6 16 42 42
0811_0032_0034_0059_0059.jpg 1 32 34 59 59
0812_0037_0050_0029_0029.jpg 1 37 50 29 29
0813_0050_0014_0040_0040.jpg 1 50 14 40 40
0814_0059_0023_0028_0028.jpg 1 59 23 28 28
0815_0033_0034_0027_0027.jpg 1 33 34 27 27
0816_0012_0043_0038_0038.jpg 1 12 43 38 38
0817_0033_0044_0049_0049.jpg 1 33 44 49 49
0818_0015_0036_0039_0039.jpg 1 15 36 39 39
0819_0037_0010_0054_0054.jpg 1 37 10 54 54
0820_0040_0023_0055_0055.jpg 1 40 23 55 55
0821_0034_0017_0036_0036.jpg 1 34 17 36 36
0822_0025_0024_0067_0067.jpg 1 25 24 67 67
0823_0020_0049_0044_0044.jpg 1 20 49 44 44
0824_0012_0033_0061_0061.jpg 1 12 33 61 61
0825_0011_0016_0058_0058.jpg 1 11 16 58 58
0826_0009_0012_0057_0057.jpg 1 9 12 57 57
0827_0020_0019_0064_0064.jpg 1 20 19 64 64
0828_0028_0016_0055_0055.jpg 1 28 16 55 55
0829_0045_0032_0047_0047.jpg 1 45 32 47 47
0830_0007_0022_0040_0040.jpg 1 7 22 40 40
0831_0019_0040_0024_0024.jpg 1 19 40 24 24
0832_0038_0043_0026_0026.jpg 1 38 43 26 26
0833_0023_0037_0044_0044.jpg 1 23 37 44 44
0834_0058_0022_0025_0025.jpg 1 58 22 25 25
0835_0018_0011_0063_0063.jpg 1 18 11 63 63
0836_0004_0008_0061_0061.jpg 1 4 8 61 61
0837_0022_0012_0034_0034.jpg 1 22 12 34 34
0838_0037_0012_0054_0054.jpg 1 37 12 54 54
0839_0011_0035_0061_0061.jpg 1 11 35 61 61
0840_0037_0027_0047_0047.jpg 1 37 27 47 47
0841_0007_0017_0051_0051.jpg 1 7 17 51 51
0842_0010_0041_0034_0034.jpg 1 10 41 34 34
0843_0051_0018_0030_0030.jpg 1 51 18 30 30
0844_0035_0026_0050_0050.jpg 1 35 26 50 50
0845_0037_0015_0054_0054.jpg 1 37 15 54 54
0846_0037_0018_0034_0034.jpg 1 37 18 34 34
0847_0022_0027_0055_0055.jpg 1 22 27 55 55
0848_0051_0032_0037_0037.jpg 1 51 32 37 37
0849_0041_0024_0047_0047.jpg 1 41 24 47 47
0850_0025_0017_0053_0053.jpg 1 25 17 53 53
0851_0021_0008_0067_0067.jpg 1 21 8 67 67
0852_0038_0038_0035_0035.jpg 1 38 38 35 35
0853_0013_0022_0035_0035.jpg 1 13 22 35 35
0854_0011_0018_0065_0065.jpg 1 11 18 65 65
0855_0059_0035_0027_0027.jpg 1 59 35 27 27
0856_0019_0031_0054_0054.jpg 1 19 31 54 54
0857_0037_0039_0051_0051.jpg 1 37 39 51 51
0858_0031_0046_0029_0029.jpg 1 31 46 29 29
0859_0032_0025_0048_0048.jpg 1 32 25 48 48
0860_0041_0046_0045_0045.jpg 1 41 46 45 45
0861_0038_0033_0050_0050.jpg 1 38 33 50 50
0862_0055_0035_0031_0031.jpg 1 55 35 31 31
0863_0043_0032_0045_0045.jpg 1 43 32 45 45
0864_0015_0025_0047_0047.jpg 1 15 25 47 47
0865_0033_0026_0038_0038.jpg 1 33 26 38 38
0866_0016_0020_0057_0057.jpg 1 16 20 57 57
0867_0022_0023_0068_0068.jpg 1 22 23 68 68
0868_0047_0025_0026_0026.jpg 1 47 25 26 26
0869_0008_0045_0030_0030.jpg 1 8 45 30 30
0870_0037_0012_0052_0052.jpg 1 37 12 52 52
0871_0006_0005_0064_0064.jpg 1 6 5 64 64
0872_0010_0013_0068_0068.jpg 1 10 13 68 68
0873_0037_0044_0037_0037.jpg 1 37 44 37 37
0874_0037_0031_0041_0041.jpg 1 37 31 41 41
0875_0040_0023_0041_0041.jpg 1 40 23 41 41
0876_0047_0016_0035_0035.jpg 1 47 16 35 35
0877_0035_0015_0046_0046.jpg 1 35 15 46 46
0878_0022_0012_0058_0058.jpg 1 22 12 58 58
0879_0026_0013_0069_0069.jpg 1 26 13 69 69
0880_0007_0015_0030_0030.jpg 1 7 15 30 30
0881_0029_0031_0062_0062.jpg 1 29 31 62 62
0882_0036_0041_0050_0050.jpg 1 36 41 50 50
0883_0006_0035_0048_0048.jpg 1 6 35 48 48
0884_0010_0019_0053_0053.jpg 1 10 19 53 53
0885_0007_0021_0059_0059.jpg 1 7 21 59 59
0886_0052_0011_0024_0024.jpg 1 52 11 24 24
0887_0058_0061_0026_0026.jpg 1 58 61 26 26
0888_0036_0030_0055_0055.jpg 1 36 30 55 55
0889_0028_0029_0049_0049.jpg 1 28 29 49 49
0890_0014_0045_0045_0045.jpg 1 14 45 45 45
0891_0029_0038_0032_0032.jpg 1 29 38 32 32
0892_0017_0028_0049_0049.jpg 1 17 28 49 49
0893_0014_0030_0060_0060.jpg 1 14 30 60 60
0894_0011_0011_0068_0068.jpg 1 11 11 68 68
0895_0037_0052_0037_0037.jpg 1 37 52 37 37
0896_0051_0020_0038_0038.jpg 1 51 20 38 38
0897_0029_0004_0067_0067.jpg 1 29 4 67 67
0898_0019_0039_0053_0053.jpg 1 19 39 53 53
0899_0040_0038_0046_0046.jpg 1 40 38 46 46
0900_0047_0039_0044_0044.jpg 1 47 39 44 44
0901_0028_0035_0044_0044.jpg 1 28 35 44 44
0902_0048_0034_0038_0038.jpg 1 48 34 38 38
0903_0034_0042_0038_0038.jpg 1 34 42 38 38
0904_0015_0011_0044_0044.jpg 1 15 11 44 44
0905_0053_0037_0033_0033.jpg 1 53 37 33 33
0906_0027_0038_0051_0051.jpg 1 27 38 51 51
0907_0056_0007_0030_0030.jpg 1 56 7 30 30
0908_0029_0012_0027_0027.jpg 1 29 12 27 27
0909_0012_0022_0058_0058.jpg 1 12 22 58 58
0910_0041_0037_0029_0029.jpg 1 41 37 29 29
0911_0018_0005_0067_0067.jpg 1 18 5 67 67
0912_0007_0008_0032_0032.jpg 1 7 8 32 32
0913_0034_0034_0052_0052.jpg 1 34 34 52 52
0914_0036_0040_0038_0038.jpg 1 36 40 38 38
0915_0007_0029_0063_0063.jpg 1 7 29 63 63
0916_0049_0040_0037_0037.jpg 1 49 40 37 37
0917_0016_0027_0059_0059.jpg 1 16 27 59 59
0918_0052_0010_0039_0039.jpg 1 52 10 39 39
0919_0048_0034_0030_0030.jpg 1 48 34 30 30
0920_0030_0016_0031_0031.jpg 1 30 16 31 31
0921_0044_0014_0040_0040.jpg 1 44 14 40 40
0922_0026_0034_0047_0047.jpg 1 26 34 47 47
0923_0027_0025_0067_0067.jpg 1 27 25 67 67
0924_0024_0012_0032_0032.jpg 1 24 12 32 32
0925_0021_0025_0032_0032.jpg 1 21 25 32 32
0926_0031_0020_0035_0035.jpg 1 31 20 35 35
0927_0033_0038_0027_0027.jpg 1 33 38 27 27
0928_0033_0043_0051_0051.jpg 1 33 43 51 51
0929_0018_0041_0047_0047.jpg 1 18 41 47 47
0930_0023_0024_0069_0069.jpg 1 23 24 69 69
0931_0027_0005_0054_0054.jpg 1 27 5 54 54
0932_0013_0034_0038_0038.jpg 1 13 34 38 38
0933_0005_0046_0043_0043.jpg 1 5 46 43 43
0934_0015_0027_0050_0050.jpg 1 15 27 50 50
0935_0047_0046_0043_0043.jpg 1 47 46 43 43
0936_0014_0012_0044_0044.jpg 1 14 12 44 44
0937_0034_0007_0030_0030.jpg 1 34 7 30 30
0938_0048_0016_0027_0027.jpg 1 48 16 27 27
0939_0020_0055_0026_0026.jpg 1 20 55 26 26
0940_0037_0034_0040_0040.jpg 1 37 34 40 40
0941_0011_0028_0061_0061.jpg 1 11 28 61 61
0942_0017_0021_0056_0056.jpg 1 17 21 56 56
0943_0032_0031_0063_0063.jpg 1 32 31 63 63
0944_0023_0028_0048_0048.jpg 1 23 28 48 48
0945_0018_0014_0025_0025.jpg 1 18 14 25 25
0946_0048_0047_0031_0031.jpg 1 48 47 31 31
0947_0026_0023_0064_0064.jpg 1 26 23 64 64
0948_0035_0024_0059_0059.jpg 1 35 24 59 59
0949_0038_0006_0047_0047.jpg 1 38 6 47 47
0950_0041_0024_0053_0053.jpg 1 41 24 53 53
0951_0047_0053_0029_0029.jpg 1 47 53 29 29
0952_0051_0008_0038_0038.jpg 1 51 8 38 38
0953_0026_0015_0037_0037.jpg 1 26 15 37 37
0954_0019_0032_0025_0025.jpg 1 19 32 25 25
0955_0019_0010_0068_0068.jpg 1 19 10 68 68
0956_0012_0030_0050_0050.jpg 1 12 30 50 50
0957_0015_0031_0039_0039.jpg 1 15 31 39 39
0958_0004_0006_0056_0056.jpg 1 4 6 56 56
0959_0021_0014_0036_0036.jpg 1 21 14 36 36
0960_0014_0004_0066_0066.jpg 1 14 4 66 66
0961_0020_0041_0051_0051.jpg 1 20 41 51 51
0962_0027_0014_0031_0031.jpg 1 27 14 31 31
0963_0039_0013_0045_0045.jpg 1 39 13 45 45
0964_0034_0050_0034_0034.jpg 1 34 50 34 34
0965_0022_0012_0056_0056.jpg 1 22 12 56 56
0966_0043_0007_0041_0041.jpg 1 43 7 41 41
0967_0064_0030_0027_0027.jpg 1 64 30 27 27
0968_0033_0019_0043_0043.jpg 1 33 19 43 43
0969_0009_0022_0054_0054.jpg 1 9 22 54 54
0970_0033_0022_0060_0060.jpg 1 33 22 60 60
0971_0040_0045_0042_0042.jpg 1 40 45 42 42
0972_0005_0007_0063_0063.jpg 1 5 7 63 63
0973_0043_0046_0039_0039.jpg 1 43 46 39 39
0974_0044_0022_0047_0047.jpg 1 44 22 47 47
0975_0008_0004_0060_0060.jpg 1 8 4 60 60
0976_0023_0057_0036_0036.jpg 1 23 57 36 36
0977_0054_0044_0025_0025.jpg 1 54 44 25 25
0978_0029_0015_0057_0057.jpg 1 29 15 57 57
0979_0010_0017_0064_0064.jpg 1 10 17 64 64
0980_0011_0027_0047_0047.jpg 1 11 27 47 47
0981_0010_0004_0058_0058.jpg 1 10 4 58 58
0982_0032_0046_0039_0039.jpg 1 32 46 39 39
0983_0024_0035_0056_0056.jpg 1 24 35 56 56
0984_0019_0021_0063_0063.jpg 1 19 21 63 63
0985_0039_0015_0053_0053.jpg 1 39 15 53 53
0986_0026_0024_0030_0030.jpg 1 26 24 30 30
0987_0032_0006_0056_0056.jpg 1 32 6 56 56
0988_0013_0011_0031_0031.jpg 1 13 11 31 31
0989_0030_0053_0036_0036.jpg 1 30 53 36 36
0990_0038_0007_0027_0027.jpg 1 38 7 27 27
0991_0007_0030_0053_0053.jpg 1 7 30 53 53
0992_0009_0021_0024_0024.jpg 1 9 21 24 24
0993_0024_0016_0068_0068.jpg 1 24 16 68 68
0994_0009_0016_0038_0038.jpg 1 9 16 38 38
0995_0006_0013_0044_0044.jpg 1 6 13 44 44
0996_0021_0007_0028_0028.jpg 1 21 7 28 28
0997_0033_0014_0033_0033.jpg 1 33 14 33 33
0998_0032_0014_0057_0057.jpg 1 32 14 57 57
0999_0022_0009_0059_0059.jpg 1 22 9 59 59
1000_0025_0051_0038_0038.jpg 1 25 51 38 38
