0001_0012_0055_0038_0038.jpg 1 12 55 38 38
0002_0037_0054_0026_0026.jpg 1 37 54 26 26
0003_0027_0037_0053_0053.jpg 1 27 37 53 53
0004_0014_0007_0066_0066.jpg 1 14 7 66 66
0005_0045_0038_0034_0034.jpg 1 45 38 34 34
0006_0038_0007_0036_0036.jpg 1 38 7 36 36
0007_0010_0025_0057_0057.jpg 1 10 25 57 57
0008_0023_0006_0064_0064.jpg 1 23 6 64 64
0009_0035_0036_0056_0056.jpg 1 35 36 56 56
0010_0025_0057_0035_0035.jpg 1 25 57 35 35
0011_0013_0022_0069_0069.jpg 1 13 22 69 69
0012_0017_0032_0043_0043.jpg 1 17 32 43 43
0013_0023_0057_0032_0032.jpg 1 23 57 32 32
0014_0030_0010_0060_0060.jpg 1 30 10 60 60
0015_0041_0007_0045_0045.jpg 1 41 7 45 45
0016_0027_0005_0055_0055.jpg 1 27 5 55 55
0017_0042_0036_0031_0031.jpg 1 42 36 31 31
0018_0020_0016_0067_0067.jpg 1 20 16 67 67
0019_0062_0008_0029_0029.jpg 1 62 8 29 29
0020_0032_0038_0056_0056.jpg 1 32 38 56 56
0021_0009_0021_0043_0043.jpg 1 9 21 43 43
0022_0021_0024_0062_0062.jpg 1 21 24 62 62
0023_0050_0055_0038_0038.jpg 1 50 55 38 38
0024_0020_0019_0069_0069.jpg 1 20 19 69 69
0025_0025_0005_0068_0068.jpg 1 25 5 68 68
0026_0039_0029_0033_0033.jpg 1 39 29 33 33
0027_0037_0008_0027_0027.jpg 1 37 8 27 27
0028_0031_0040_0036_0036.jpg 1 31 40 36 36
0029_0028_0037_0057_0057.jpg 1 28 37 57 57
0030_0009_0020_0031_0031.jpg 1 9 20 31 31
0031_0047_0041_0036_0036.jpg 1 47 41 36 36
0032_0051_0023_0038_0038.jpg 1 51 23 38 38
0033_0044_0035_0034_0034.jpg 1 44 35 34 34
0034_0046_0020_0046_0046.jpg 1 46 20 46 46
0035_0036_0019_0054_0054.jpg 1 36 19 54 54
0036_0066_0027_0024_0024.jpg 1 66 27 24 24
0037_0020_0007_0062_0062.jpg 1 20 7 62 62
0038_0023_0025_0065_0065.jpg 1 23 25 65 65
0039_0007_0028_0033_0033.jpg 1 7 28 33 33
0040_0021_0026_0038_0038.jpg 1 21 26 38 38
0041_0017_0038_0033_0033.jpg 1 17 38 33 33
0042_0031_0039_0035_0035.jpg 1 31 39 35 35
0043_0060_0034_0030_0030.jpg 1 60 34 30 30
0044_0035_0026_0055_0055.jpg 1 35 26 55 55
0045_0041_0038_0048_0048.jpg 1 41 38 48 48
0046_0041_0005_0053_0053.jpg 1 41 5 53 53
0047_0042_0041_0047_0047.jpg 1 42 41 47 47
0048_0034_0008_0047_0047.jpg 1 34 8 47 47
0049_0014_0037_0053_0053.jpg 1 14 37 53 53
0050_0023_0026_0069_0069.jpg 1 23 26 69 69
0051_0012_0008_0067_0067.jpg 1 12 8 67 67
0052_0017_0026_0045_0045.jpg 1 17 26 45 45
0053_0055_0034_0029_0029.jpg 1 55 34 29 29
0054_0023_0037_0032_0032.jpg 1 23 37 32 32
0055_0009_0031_0033_0033.jpg 1 9 31 33 33
0056_0007_0028_0060_0060.jpg 1 7 28 60 60
0057_0036_0034_0056_0056.jpg 1 36 34 56 56
0058_0027_0016_0067_0067.jpg 1 27 16 67 67
0059_0006_0022_0055_0055.jpg 1 6 22 55 55
0060_0023_0022_0036_0036.jpg 1 23 22 36 36
0061_0017_0010_0063_0063.jpg 1 17 10 63 63
0062_0040_0035_0045_0045.jpg 1 40 35 45 45
0063_0021_0039_0046_0046.jpg 1 21 39 46 46
0064_0025_0018_0057_0057.jpg 1 25 18 57 57
0065_0023_0029_0041_0041.jpg 1 23 29 41 41
0066_0018_0029_0050_0050.jpg 1 18 29 50 50
0067_0011_0008_0048_0048.jpg 1 11 8 48 48
0068_0022_0008_0062_0062.jpg 1 22 8 62 62
0069_0028_0016_0057_0057.jpg 1 28 16 57 57
0070_0010_0010_0067_0067.jpg 1 10 10 67 67
0071_0022_0031_0062_0062.jpg 1 22 31 62 62
0072_0014_0034_0059_0059.jpg 1 14 34 59 59
0073_0017_0046_0048_0048.jpg 1 17 46 48 48
0074_0028_0038_0053_0053.jpg 1 28 38 53 53
0075_0025_0012_0042_0042.jpg 1 25 12 42 42
0076_0048_0022_0024_0024.jpg 1 48 22 24 24
0077_0039_0038_0046_0046.jpg 1 39 38 46 46
0078_0009_0031_0063_0063.jpg 1 9 31 63 63
0079_0008_0008_0052_0052.jpg 1 8 8 52 52
0080_0034_0005_0059_0059.jpg 1 34 5 59 59
0081_0022_0020_0068_0068.jpg 1 22 20 68 68
0082_0018_0030_0050_0050.jpg 1 18 30 50 50
0083_0026_0024_0050_0050.jpg 1 26 24 50 50
0084_0009_0022_0062_0062.jpg 1 9 22 62 62
0085_0043_0024_0047_0047.jpg 1 43 24 47 47
0086_0030_0054_0034_0034.jpg 1 30 54 34 34
0087_0018_0021_0058_0058.jpg 1 18 21 58 58
0088_0021_0052_0041_0041.jpg 1 21 52 41 41
0089_0008_0032_0043_0043.jpg 1 8 32 43 43
0090_0004_0012_0069_0069.jpg 1 4 12 69 69
0091_0019_0028_0032_0032.jpg 1 19 28 32 32
0092_0040_0039_0054_0054.jpg 1 40 39 54 54
0093_0012_0032_0060_0060.jpg 1 12 32 60 60
0094_0025_0022_0060_0060.jpg 1 25 22 60 60
0095_0010_0024_0063_0063.jpg 1 10 24 63 63
0096_0010_0015_0053_0053.jpg 1 10 15 53 53
0097_0028_0010_0065_0065.jpg 1 28 10 65 65
0098_0037_0049_0040_0040.jpg 1 37 49 40 40
0099_0045_0021_0043_0043.jpg 1 45 21 43 43
0100_0044_0062_0030_0030.jpg 1 44 62 30 30
0101_0023_0009_0059_0059.jpg 1 23 9 59 59
0102_0007_0022_0065_0065.jpg 1 7 22 65 65
0103_0047_0018_0038_0038.jpg 1 47 18 38 38
0104_0044_0014_0046_0046.jpg 1 44 14 46 46
0105_0018_0006_0050_0050.jpg 1 18 6 50 50
0106_0016_0052_0041_0041.jpg 1 16 52 41 41
0107_0013_0038_0048_0048.jpg 1 13 38 48 48
0108_0030_0019_0036_0036.jpg 1 30 19 36 36
0109_0030_0015_0057_0057.jpg 1 30 15 57 57
0110_0057_0051_0029_0029.jpg 1 57 51 29 29
0111_0064_0033_0026_0026.jpg 1 64 33 26 26
0112_0004_0036_0059_0059.jpg 1 4 36 59 59
0113_0018_0014_0051_0051.jpg 1 18 14 51 51
0114_0030_0020_0024_0024.jpg 1 30 20 24 24
0115_0013_0004_0060_0060.jpg 1 13 4 60 60
0116_0019_0022_0063_0063.jpg 1 19 22 63 63
0117_0043_0015_0031_0031.jpg 1 43 15 31 31
0118_0047_0058_0034_0034.jpg 1 47 58 34 34
0119_0006_0037_0057_0057.jpg 1 6 37 57 57
0120_0006_0024_0061_0061.jpg 1 6 24 61 61
0121_0038_0043_0050_0050.jpg 1 38 43 50 50
0122_0003_0015_0069_0069.jpg 1 3 15 69 69
0123_0049_0039_0031_0031.jpg 1 49 39 31 31
0124_0051_0041_0025_0025.jpg 1 51 41 25 25
0125_0019_0024_0038_0038.jpg 1 19 24 38 38
0126_0016_0043_0051_0051.jpg 1 16 43 51 51
0127_0013_0032_0043_0043.jpg 1 13 32 43 43
0128_0020_0005_0055_0055.jpg 1 20 5 55 55
0129_0059_0055_0033_0033.jpg 1 59 55 33 33
0130_0020_0027_0055_0055.jpg 1 20 27 55 55
0131_0026_0025_0047_0047.jpg 1 26 25 47 47
0132_0047_0043_0046_0046.jpg 1 47 43 46 46
0133_0016_0020_0041_0041.jpg 1 16 20 41 41
0134_0019_0041_0035_0035.jpg 1 19 41 35 35
0135_0028_0020_0061_0061.jpg 1 28 20 61 61
0136_0020_0029_0066_0066.jpg 1 20 29 66 66
0137_0006_0015_0068_0068.jpg 1 6 15 68 68
0138_0015_0023_0024_0024.jpg 1 15 23 24 24
0139_0015_0013_0032_0032.jpg 1 15 13 32 32
0140_0022_0030_0065_0065.jpg 1 22 30 65 65
0141_0011_0009_0046_0046.jpg 1 11 9 46 46
0142_0004_0024_0066_0066.jpg 1 4 24 66 66
0143_0008_0010_0062_0062.jpg 1 8 10 62 62
0144_0035_0010_0035_0035.jpg 1 35 10 35 35
0145_0014_0011_0054_0054.jpg 1 14 11 54 54
0146_0023_0015_0059_0059.jpg 1 23 15 59 59
0147_0025_0005_0056_0056.jpg 1 25 5 56 56
0148_0040_0041_0040_0040.jpg 1 40 41 40 40
0149_0054_0016_0025_0025.jpg 1 54 16 25 25
0150_0017_0037_0055_0055.jpg 1 17 37 55 55
0151_0033_0021_0052_0052.jpg 1 33 21 52 52
0152_0038_0008_0034_0034.jpg 1 38 8 34 34
0153_0014_0040_0037_0037.jpg 1 14 40 37 37
0154_0005_0023_0049_0049.jpg 1 5 23 49 49
0155_0018_0028_0063_0063.jpg 1 18 28 63 63
0156_0030_0037_0046_0046.jpg 1 30 37 46 46
0157_0062_0056_0024_0024.jpg 1 62 56 24 24
0158_0025_0009_0040_0040.jpg 1 25 9 40 40
0159_0022_0023_0042_0042.jpg 1 22 23 42 42
0160_0032_0035_0052_0052.jpg 1 32 35 52 52
0161_0014_0033_0054_0054.jpg 1 14 33 54 54
0162_0013_0040_0049_0049.jpg 1 13 40 49 49
0163_0046_0025_0046_0046.jpg 1 46 25 46 46
0164_0016_0039_0043_0043.jpg 1 16 39 43 43
0165_0051_0034_0034_0034.jpg 1 51 34 34 34
0166_0046_0029_0045_0045.jpg 1 46 29 45 45
0167_0011_0041_0026_0026.jpg 1 11 41 26 26
0168_0011_0009_0038_0038.jpg 1 11 9 38 38
0169_0043_0006_0043_0043.jpg 1 43 6 43 43
0170_0049_0041_0041_0041.jpg 1 49 41 41 41
0171_0036_0013_0038_0038.jpg 1 36 13 38 38
0172_0036_0009_0034_0034.jpg 1 36 9 34 34
0173_0004_0026_0066_0066.jpg 1 4 26 66 66
0174_0023_0024_0058_0058.jpg 1 23 24 58 58
0175_0025_0051_0031_0031.jpg 1 25 51 31 31
0176_0055_0053_0033_0033.jpg 1 55 53 33 33
0177_0059_0014_0024_0024.jpg 1 59 14 24 24
0178_0007_0046_0038_0038.jpg 1 7 46 38 38
0179_0052_0017_0038_0038.jpg 1 52 17 38 38
0180_0022_0023_0066_0066.jpg 1 22 23 66 66
0181_0023_0027_0042_0042.jpg 1 23 27 42 42
0182_0016_0008_0045_0045.jpg 1 16 8 45 45
0183_0058_0010_0031_0031.jpg 1 58 10 31 31
0184_0010_0022_0028_0028.jpg 1 10 22 28 28
0185_0040_0040_0039_0039.jpg 1 40 40 39 39
0186_0009_0008_0049_0049.jpg 1 9 8 49 49
0187_0007_0021_0033_0033.jpg 1 7 21 33 33
0188_0022_0011_0046_0046.jpg 1 22 11 46 46
0189_0018_0038_0028_0028.jpg 1 18 38 28 28
0190_0032_0029_0055_0055.jpg 1 32 29 55 55
0191_0006_0027_0055_0055.jpg 1 6 27 55 55
0192_0014_0043_0050_0050.jpg 1 14 43 50 50
0193_0015_0043_0034_0034.jpg 1 15 43 34 34
0194_0020_0006_0055_0055.jpg 1 20 6 55 55
0195_0018_0007_0043_0043.jpg 1 18 7 43 43
0196_0014_0030_0061_0061.jpg 1 14 30 61 61
0197_0010_0025_0035_0035.jpg 1 10 25 35 35
0198_0028_0022_0026_0026.jpg 1 28 22 26 26
0199_0017_0019_0068_0068.jpg 1 17 19 68 68
0200_0034_0047_0030_0030.jpg 1 34 47 30 30
0201_0031_0023_0059_0059.jpg 1 31 23 59 59
0202_0021_0044_0050_0050.jpg 1 21 44 50 50
0203_0056_0007_0037_0037.jpg 1 56 7 37 37
0204_0029_0062_0028_0028.jpg 1 29 62 28 28
0205_0025_0022_0069_0069.jpg 1 25 22 69 69
0206_0016_0050_0040_0040.jpg 1 16 50 40 40
0207_0030_0005_0047_0047.jpg 1 30 5 47 47
0208_0030_0009_0039_0039.jpg 1 30 9 39 39
0209_0031_0014_0058_0058.jpg 1 31 14 58 58
0210_0021_0010_0052_0052.jpg 1 21 10 52 52
0211_0036_0005_0046_0046.jpg 1 36 5 46 46
0212_0054_0011_0025_0025.jpg 1 54 11 25 25
0213_0037_0021_0044_0044.jpg 1 37 21 44 44
0214_0046_0010_0033_0033.jpg 1 46 10 33 33
0215_0023_0012_0057_0057.jpg 1 23 12 57 57
0216_0014_0049_0039_0039.jpg 1 14 49 39 39
0217_0017_0030_0061_0061.jpg 1 17 30 61 61
0218_0013_0046_0044_0044.jpg 1 13 46 44 44
0219_0011_0030_0049_0049.jpg 1 11 30 49 49
0220_0050_0007_0033_0033.jpg 1 50 7 33 33
0221_0008_0027_0067_0067.jpg 1 8 27 67 67
0222_0029_0032_0056_0056.jpg 1 29 32 56 56
0223_0033_0025_0044_0044.jpg 1 33 25 44 44
0224_0029_0054_0036_0036.jpg 1 29 54 36 36
0225_0018_0032_0053_0053.jpg 1 18 32 53 53
0226_0015_0024_0065_0065.jpg 1 15 24 65 65
0227_0005_0015_0062_0062.jpg 1 5 15 62 62
0228_0052_0039_0041_0041.jpg 1 52 39 41 41
0229_0015_0010_0040_0040.jpg 1 15 10 40 40
0230_0018_0011_0058_0058.jpg 1 18 11 58 58
0231_0027_0010_0040_0040.jpg 1 27 10 40 40
0232_0030_0032_0063_0063.jpg 1 30 32 63 63
0233_0025_0023_0057_0057.jpg 1 25 23 57 57
0234_0022_0026_0043_0043.jpg 1 22 26 43 43
0235_0021_0029_0051_0051.jpg 1 21 29 51 51
0236_0038_0038_0056_0056.jpg 1 38 38 56 56
0237_0035_0039_0047_0047.jpg 1 35 39 47 47
0238_0020_0012_0038_0038.jpg 1 20 12 38 38
0239_0030_0051_0042_0042.jpg 1 30 51 42 42
0240_0022_0026_0053_0053.jpg 1 22 26 53 53
0241_0012_0029_0067_0067.jpg 1 12 29 67 67
0242_0060_0014_0032_0032.jpg 1 60 14 32 32
0243_0024_0008_0048_0048.jpg 1 24 8 48 48
0244_0007_0014_0035_0035.jpg 1 7 14 35 35
0245_0024_0014_0066_0066.jpg 1 24 14 66 66
0246_0004_0019_0064_0064.jpg 1 4 19 64 64
0247_0041_0025_0053_0053.jpg 1 41 25 53 53
0248_0034_0028_0060_0060.jpg 1 34 28 60 60
0249_0025_0032_0035_0035.jpg 1 25 32 35 35
0250_0057_0022_0029_0029.jpg 1 57 22 29 29
0251_0033_0043_0041_0041.jpg 1 33 43 41 41
0252_0009_0045_0025_0025.jpg 1 9 45 25 25
0253_0023_0031_0030_0030.jpg 1 23 31 30 30
0254_0015_0006_0039_0039.jpg 1 15 6 39 39
0255_0046_0009_0026_0026.jpg 1 46 9 26 26
0256_0050_0023_0031_0031.jpg 1 50 23 31 31
0257_0047_0059_0025_0025.jpg 1 47 59 25 25
0258_0022_0035_0036_0036.jpg 1 22 35 36 36
0259_0008_0024_0046_0046.jpg 1 8 24 46 46
0260_0010_0030_0064_0064.jpg 1 10 30 64 64
0261_0022_0023_0068_0068.jpg 1 22 23 68 68
0262_0020_0050_0029_0029.jpg 1 20 50 29 29
0263_0030_0017_0024_0024.jpg 1 30 17 24 24
0264_0013_0036_0038_0038.jpg 1 13 36 38 38
0265_0035_0006_0038_0038.jpg 1 35 6 38 38
0266_0011_0018_0056_0056.jpg 1 11 18 56 56
0267_0050_0011_0033_0033.jpg 1 50 11 33 33
0268_0010_0047_0030_0030.jpg 1 10 47 30 30
0269_0024_0036_0050_0050.jpg 1 24 36 50 50
0270_0032_0019_0061_0061.jpg 1 32 19 61 61
0271_0018_0028_0060_0060.jpg 1 18 28 60 60
0272_0036_0034_0053_0053.jpg 1 36 34 53 53
0273_0018_0016_0044_0044.jpg 1 18 16 44 44
0274_0041_0016_0037_0037.jpg 1 41 16 37 37
0275_0051_0011_0033_0033.jpg 1 51 11 33 33
0276_0012_0058_0026_0026.jpg 1 12 58 26 26
0277_0042_0041_0039_0039.jpg 1 42 41 39 39
0278_0008_0040_0055_0055.jpg 1 8 40 55 55
0279_0024_0009_0032_0032.jpg 1 24 9 32 32
0280_0051_0012_0033_0033.jpg 1 51 12 33 33
0281_0051_0062_0030_0030.jpg 1 51 62 30 30
0282_0032_0042_0027_0027.jpg 1 32 42 27 27
0283_0026_0015_0065_0065.jpg 1 26 15 65 65
0284_0027_0007_0065_0065.jpg 1 27 7 65 65
0285_0014_0039_0050_0050.jpg 1 14 39 50 50
0286_0015_0011_0044_0044.jpg 1 15 11 44 44
0287_0015_0012_0065_0065.jpg 1 15 12 65 65
0288_0025_0046_0037_0037.jpg 1 25 46 37 37
0289_0007_0030_0056_0056.jpg 1 7 30 56 56
0290_0048_0026_0039_0039.jpg 1 48 26 39 39
0291_0032_0031_0050_0050.jpg 1 32 31 50 50
0292_0020_0023_0063_0063.jpg 1 20 23 63 63
0293_0028_0033_0058_0058.jpg 1 28 33 58 58
0294_0043_0041_0041_0041.jpg 1 43 41 41 41
0295_0047_0050_0033_0033.jpg 1 47 50 33 33
0296_0048_0041_0041_0041.jpg 1 48 41 41 41
0297_0027_0018_0061_0061.jpg 1 27 18 61 61
0298_0027_0064_0025_0025.jpg 1 27 64 25 25
0299_0044_0045_0038_0038.jpg 1 44 45 38 38
0300_0024_0008_0032_0032.jpg 1 24 8 32 32
0301_0016_0025_0052_0052.jpg 1 16 25 52 52
0302_0018_0019_0063_0063.jpg 1 18 19 63 63
0303_0011_0010_0048_0048.jpg 1 11 10 48 48
0304_0011_0022_0036_0036.jpg 1 11 22 36 36
0305_0039_0049_0035_0035.jpg 1 39 49 35 35
0306_0027_0017_0053_0053.jpg 1 27 17 53 53
0307_0025_0015_0057_0057.jpg 1 25 15 57 57
0308_0051_0042_0039_0039.jpg 1 51 42 39 39
0309_0008_0017_0068_0068.jpg 1 8 17 68 68
0310_0028_0027_0061_0061.jpg 1 28 27 61 61
0311_0017_0029_0050_0050.jpg 1 17 29 50 50
0312_0004_0026_0066_0066.jpg 1 4 26 66 66
0313_0033_0043_0045_0045.jpg 1 33 43 45 45
0314_0020_0005_0064_0064.jpg 1 20 5 64 64
0315_0020_0036_0024_0024.jpg 1 20 36 24 24
0316_0009_0035_0037_0037.jpg 1 9 35 37 37
0317_0011_0015_0069_0069.jpg 1 11 15 69 69
0318_0057_0044_0024_0024.jpg 1 57 44 24 24
0319_0027_0024_0048_0048.jpg 1 27 24 48 48
0320_0027_0007_0042_0042.jpg 1 27 7 42 42
0321_0024_0037_0056_0056.jpg 1 24 37 56 56
0322_0015_0047_0034_0034.jpg 1 15 47 34 34
0323_0024_0023_0054_0054.jpg 1 24 23 54 54
0324_0005_0027_0066_0066.jpg 1 5 27 66 66
0325_0037_0031_0028_0028.jpg 1 37 31 28 28
0326_0018_0021_0055_0055.jpg 1 18 21 55 55
0327_0045_0025_0034_0034.jpg 1 45 25 34 34
0328_0007_0032_0039_0039.jpg 1 7 32 39 39
0329_0028_0055_0033_0033.jpg 1 28 55 33 33
0330_0012_0026_0050_0050.jpg 1 12 26 50 50
0331_0010_0027_0065_0065.jpg 1 10 27 65 65
0332_0042_0019_0036_0036.jpg 1 42 19 36 36
0333_0031_0012_0029_0029.jpg 1 31 12 29 29
0334_0013_0031_0054_0054.jpg 1 13 31 54 54
0335_0022_0030_0041_0041.jpg 1 22 30 41 41
0336_0010_0044_0035_0035.jpg 1 10 44 35 35
0337_0012_0039_0024_0024.jpg 1 12 39 24 24
0338_0034_0033_0049_0049.jpg 1 34 33 49 49
0339_0014_0027_0057_0057.jpg 1 14 27 57 57
0340_0032_0026_0041_0041.jpg 1 32 26 41 41
0341_0025_0010_0040_0040.jpg 1 25 10 40 40
0342_0021_0017_0046_0046.jpg 1 21 17 46 46
0343_0011_0044_0029_0029.jpg 1 11 44 29 29
0344_0054_0019_0033_0033.jpg 1 54 19 33 33
0345_0021_0033_0045_0045.jpg 1 21 33 45 45
0346_0033_0038_0054_0054.jpg 1 33 38 54 54
0347_0036_0006_0036_0036.jpg 1 36 6 36 36
0348_0015_0014_0057_0057.jpg 1 15 14 57 57
0349_0020_0006_0068_0068.jpg 1 20 6 68 68
0350_0016_0018_0059_0059.jpg 1 16 18 59 59
0351_0035_0030_0032_0032.jpg 1 35 30 32 32
0352_0034_0047_0040_0040.jpg 1 34 47 40 40
0353_0023_0051_0041_0041.jpg 1 23 51 41 41
0354_0013_0042_0039_0039.jpg 1 13 42 39 39
0355_0037_0013_0045_0045.jpg 1 37 13 45 45
0356_0034_0024_0059_0059.jpg 1 34 24 59 59
0357_0038_0021_0031_0031.jpg 1 38 21 31 31
0358_0018_0012_0066_0066.jpg 1 18 12 66 66
0359_0045_0056_0037_0037.jpg 1 45 56 37 37
0360_0016_0024_0037_0037.jpg 1 16 24 37 37
0361_0026_0020_0061_0061.jpg 1 26 20 61 61
0362_0038_0037_0044_0044.jpg 1 38 37 44 44
0363_0018_0011_0037_0037.jpg 1 18 11 37 37
0364_0034_0062_0026_0026.jpg 1 34 62 26 26
0365_0025_0025_0056_0056.jpg 1 25 25 56 56
0366_0029_0007_0048_0048.jpg 1 29 7 48 48
0367_0053_0013_0038_0038.jpg 1 53 13 38 38
0368_0014_0032_0052_0052.jpg 1 14 32 52 52
0369_0019_0044_0035_0035.jpg 1 19 44 35 35
0370_0007_0010_0046_0046.jpg 1 7 10 46 46
0371_0039_0048_0036_0036.jpg 1 39 48 36 36
0372_0032_0033_0049_0049.jpg 1 32 33 49 49
0373_0026_0037_0051_0051.jpg 1 26 37 51 51
0374_0029_0017_0045_0045.jpg 1 29 17 45 45
0375_0024_0038_0024_0024.jpg 1 24 38 24 24
0376_0017_0008_0069_0069.jpg 1 17 8 69 69
0377_0030_0030_0064_0064.jpg 1 30 30 64 64
0378_0008_0035_0059_0059.jpg 1 8 35 59 59
0379_0012_0025_0057_0057.jpg 1 12 25 57 57
0380_0041_0033_0025_0025.jpg 1 41 33 25 25
0381_0035_0035_0049_0049.jpg 1 35 35 49 49
0382_0023_0033_0043_0043.jpg 1 23 33 43 43
0383_0013_0045_0032_0032.jpg 1 13 45 32 32
0384_0016_0010_0054_0054.jpg 1 16 10 54 54
0385_0027_0023_0063_0063.jpg 1 27 23 63 63
0386_0055_0057_0031_0031.jpg 1 55 57 31 31
0387_0008_0024_0066_0066.jpg 1 8 24 66 66
0388_0038_0023_0040_0040.jpg 1 38 23 40 40
0389_0011_0033_0029_0029.jpg 1 11 33 29 29
0390_0030_0028_0038_0038.jpg 1 30 28 38 38
0391_0037_0013_0035_0035.jpg 1 37 13 35 35
0392_0022_0032_0058_0058.jpg 1 22 32 58 58
0393_0020_0040_0043_0043.jpg 1 20 40 43 43
0394_0039_0007_0038_0038.jpg 1 39 7 38 38
0395_0012_0013_0066_0066.jpg 1 12 13 66 66
0396_0018_0029_0056_0056.jpg 1 18 29 56 56
0397_0020_0037_0050_0050.jpg 1 20 37 50 50
0398_0007_0022_0066_0066.jpg 1 7 22 66 66
0399_0014_0011_0024_0024.jpg 1 14 11 24 24
0400_0021_0018_0038_0038.jpg 1 21 18 38 38
0401_0005_0025_0054_0054.jpg 1 5 25 54 54
0402_0012_0034_0057_0057.jpg 1 12 34 57 57
0403_0018_0022_0062_0062.jpg 1 18 22 62 62
0404_0008_0044_0041_0041.jpg 1 8 44 41 41
0405_0025_0026_0024_0024.jpg 1 25 26 24 24
0406_0020_0015_0040_0040.jpg 1 20 15 40 40
0407_0029_0029_0034_0034.jpg 1 29 29 34 34
0408_0023_0029_0051_0051.jpg 1 23 29 51 51
0409_0022_0031_0054_0054.jpg 1 22 31 54 54
0410_0035_0006_0055_0055.jpg 1 35 6 55 55
0411_0020_0013_0060_0060.jpg 1 20 13 60 60
0412_0028_0035_0059_0059.jpg 1 28 35 59 59
0413_0040_0008_0036_0036.jpg 1 40 8 36 36
0414_0008_0021_0064_0064.jpg 1 8 21 64 64
0415_0024_0025_0029_0029.jpg 1 24 25 29 29
0416_0016_0036_0043_0043.jpg 1 16 36 43 43
0417_0008_0014_0058_0058.jpg 1 8 14 58 58
0418_0025_0015_0055_0055.jpg 1 25 15 55 55
0419_0021_0024_0044_0044.jpg 1 21 24 44 44
0420_0026_0053_0025_0025.jpg 1 26 53 25 25
0421_0052_0052_0026_0026.jpg 1 52 52 26 26
0422_0032_0009_0055_0055.jpg 1 32 9 55 55
0423_0008_0043_0034_0034.jpg 1 8 43 34 34
0424_0006_0017_0041_0041.jpg 1 6 17 41 41
0425_0017_0016_0065_0065.jpg 1 17 16 65 65
0426_0015_0012_0050_0050.jpg 1 15 12 50 50
0427_0006_0016_0046_0046.jpg 1 6 16 46 46
0428_0011_0016_0058_0058.jpg 1 11 16 58 58
0429_0029_0050_0034_0034.jpg 1 29 50 34 34
0430_0021_0026_0033_0033.jpg 1 21 26 33 33
0431_0057_0028_0033_0033.jpg 1 57 28 33 33
0432_0015_0059_0024_0024.jpg 1 15 59 24 24
0433_0047_0019_0043_0043.jpg 1 47 19 43 43
0434_0026_0009_0041_0041.jpg 1 26 9 41 41
0435_0010_0048_0035_0035.jpg 1 10 48 35 35
0436_0025_0010_0041_0041.jpg 1 25 10 41 41
0437_0047_0009_0040_0040.jpg 1 47 9 40 40
0438_0006_0009_0057_0057.jpg 1 6 9 57 57
0439_0034_0038_0051_0051.jpg 1 34 38 51 51
0440_0032_0010_0057_0057.jpg 1 32 10 57 57
0441_0016_0021_0064_0064.jpg 1 16 21 64 64
0442_0039_0035_0047_0047.jpg 1 39 35 47 47
0443_0005_0009_0060_0060.jpg 1 5 9 60 60
0444_0065_0030_0026_0026.jpg 1 65 30 26 26
0445_0029_0019_0065_0065.jpg 1 29 19 65 65
0446_0044_0044_0050_0050.jpg 1 44 44 50 50
0447_0029_0057_0034_0034.jpg 1 29 57 34 34
0448_0023_0026_0030_0030.jpg 1 23 26 30 30
0449_0012_0009_0063_0063.jpg 1 12 9 63 63
0450_0050_0056_0026_0026.jpg 1 50 56 26 26
0451_0052_0020_0039_0039.jpg 1 52 20 39 39
0452_0020_0024_0034_0034.jpg 1 20 24 34 34
0453_0029_0024_0052_0052.jpg 1 29 24 52 52
0454_0023_0037_0056_0056.jpg 1 23 37 56 56
0455_0021_0022_0065_0065.jpg 1 21 22 65 65
0456_0031_0037_0030_0030.jpg 1 31 37 30 30
0457_0016_0017_0051_0051.jpg 1 16 17 51 51
0458_0028_0012_0055_0055.jpg 1 28 12 55 55
0459_0021_0058_0025_0025.jpg 1 21 58 25 25
0460_0016_0008_0043_0043.jpg 1 16 8 43 43
0461_0017_0041_0043_0043.jpg 1 17 41 43 43
0462_0006_0026_0036_0036.jpg 1 6 26 36 36
0463_0010_0024_0034_0034.jpg 1 10 24 34 34
0464_0017_0026_0064_0064.jpg 1 17 26 64 64
0465_0048_0049_0043_0043.jpg 1 48 49 43 43
0466_0025_0015_0056_0056.jpg 1 25 15 56 56
0467_0044_0048_0041_0041.jpg 1 44 48 41 41
0468_0014_0012_0069_0069.jpg 1 14 12 69 69
0469_0027_0018_0059_0059.jpg 1 27 18 59 59
0470_0006_0021_0039_0039.jpg 1 6 21 39 39
0471_0020_0027_0050_0050.jpg 1 20 27 50 50
0472_0015_0026_0027_0027.jpg 1 15 26 27 27
0473_0045_0033_0025_0025.jpg 1 45 33 25 25
0474_0050_0050_0026_0026.jpg 1 50 50 26 26
0475_0052_0028_0034_0034.jpg 1 52 28 34 34
0476_0023_0034_0053_0053.jpg 1 23 34 53 53
0477_0012_0031_0027_0027.jpg 1 12 31 27 27
0478_0037_0043_0028_0028.jpg 1 37 43 28 28
0479_0017_0044_0047_0047.jpg 1 17 44 47 47
0480_0059_0061_0026_0026.jpg 1 59 61 26 26
0481_0049_0021_0031_0031.jpg 1 49 21 31 31
0482_0019_0020_0055_0055.jpg 1 19 20 55 55
0483_0054_0009_0035_0035.jpg 1 54 9 35 35
0484_0015_0008_0061_0061.jpg 1 15 8 61 61
0485_0008_0009_0057_0057.jpg 1 8 9 57 57
0486_0048_0048_0032_0032.jpg 1 48 48 32 32
0487_0036_0017_0039_0039.jpg 1 36 17 39 39
0488_0042_0021_0047_0047.jpg 1 42 21 47 47
0489_0017_0020_0027_0027.jpg 1 17 20 27 27
0490_0012_0016_0066_0066.jpg 1 12 16 66 66
0491_0023_0027_0043_0043.jpg 1 23 27 43 43
0492_0032_0029_0062_0062.jpg 1 32 29 62 62
0493_0011_0040_0041_0041.jpg 1 11 40 41 41
0494_0005_0023_0054_0054.jpg 1 5 23 54 54
0495_0030_0022_0064_0064.jpg 1 30 22 64 64
0496_0017_0020_0064_0064.jpg 1 17 20 64 64
0497_0019_0046_0045_0045.jpg 1 19 46 45 45
0498_0039_0035_0053_0053.jpg 1 39 35 53 53
0499_0013_0028_0067_0067.jpg 1 13 28 67 67
0500_0011_0018_0054_0054.jpg 1 11 18 54 54
0501_0038_0044_0051_0051.jpg 1 38 44 51 51
0502_0023_0030_0032_0032.jpg 1 23 30 32 32
0503_0010_0021_0062_0062.jpg 1 10 21 62 62
0504_0014_0049_0033_0033.jpg 1 14 49 33 33
0505_0032_0008_0057_0057.jpg 1 32 8 57 57
0506_0040_0025_0026_0026.jpg 1 40 25 26 26
0507_0026_0022_0060_0060.jpg 1 26 22 60 60
0508_0030_0011_0058_0058.jpg 1 30 11 58 58
0509_0023_0060_0029_0029.jpg 1 23 60 29 29
0510_0008_0017_0068_0068.jpg 1 8 17 68 68
0511_0034_0029_0045_0045.jpg 1 34 29 45 45
0512_0031_0019_0063_0063.jpg 1 31 19 63 63
0513_0017_0025_0059_0059.jpg 1 17 25 59 59
0514_0038_0046_0047_0047.jpg 1 38 46 47 47
0515_0035_0038_0039_0039.jpg 1 35 38 39 39
0516_0022_0053_0036_0036.jpg 1 22 53 36 36
0517_0029_0014_0034_0034.jpg 1 29 14 34 34
0518_0042_0005_0052_0052.jpg 1 42 5 52 52
0519_0028_0024_0050_0050.jpg 1 28 24 50 50
0520_0056_0062_0029_0029.jpg 1 56 62 29 29
0521_0034_0049_0032_0032.jpg 1 34 49 32 32
0522_0027_0018_0062_0062.jpg 1 27 18 62 62
0523_0008_0019_0063_0063.jpg 1 8 19 63 63
0524_0050_0026_0028_0028.jpg 1 50 26 28 28
0525_0039_0027_0053_0053.jpg 1 39 27 53 53
0526_0037_0062_0030_0030.jpg 1 37 62 30 30
0527_0027_0018_0066_0066.jpg 1 27 18 66 66
0528_0025_0017_0056_0056.jpg 1 25 17 56 56
0529_0044_0016_0041_0041.jpg 1 44 16 41 41
0530_0008_0034_0057_0057.jpg 1 8 34 57 57
0531_0038_0023_0046_0046.jpg 1 38 23 46 46
0532_0029_0030_0047_0047.jpg 1 29 30 47 47
0533_0032_0025_0062_0062.jpg 1 32 25 62 62
0534_0030_0025_0049_0049.jpg 1 30 25 49 49
0535_0035_0038_0028_0028.jpg 1 35 38 28 28
0536_0035_0039_0049_0049.jpg 1 35 39 49 49
0537_0051_0062_0028_0028.jpg 1 51 62 28 28
0538_0045_0045_0043_0043.jpg 1 45 45 43 43
0539_0021_0012_0069_0069.jpg 1 21 12 69 69
0540_0018_0019_0038_0038.jpg 1 18 19 38 38
0541_0040_0026_0044_0044.jpg 1 40 26 44 44
0542_0046_0060_0028_0028.jpg 1 46 60 28 28
0543_0018_0007_0042_0042.jpg 1 18 7 42 42
0544_0026_0012_0047_0047.jpg 1 26 12 47 47
0545_0016_0022_0051_0051.jpg 1 16 22 51 51
0546_0045_0058_0027_0027.jpg 1 45 58 27 27
0547_0011_0052_0034_0034.jpg 1 11 52 34 34
0548_0030_0029_0053_0053.jpg 1 30 29 53 53
0549_0012_0005_0060_0060.jpg 1 12 5 60 60
0550_0013_0041_0052_0052.jpg 1 13 41 52 52
0551_0014_0033_0025_0025.jpg 1 14 33 25 25
0552_0012_0022_0062_0062.jpg 1 12 22 62 62
0553_0048_0048_0030_0030.jpg 1 48 48 30 30
0554_0016_0023_0049_0049.jpg 1 16 23 49 49
0555_0056_0017_0036_0036.jpg 1 56 17 36 36
0556_0007_0042_0048_0048.jpg 1 7 42 48 48
0557_0015_0029_0058_0058.jpg 1 15 29 58 58
0558_0006_0042_0043_0043.jpg 1 6 42 43 43
0559_0040_0028_0031_0031.jpg 1 40 28 31 31
0560_0021_0020_0068_0068.jpg 1 21 20 68 68
0561_0022_0013_0064_0064.jpg 1 22 13 64 64
0562_0004_0010_0068_0068.jpg 1 4 10 68 68
0563_0011_0034_0044_0044.jpg 1 11 34 44 44
0564_0008_0013_0045_0045.jpg 1 8 13 45 45
0565_0048_0027_0045_0045.jpg 1 48 27 45 45
0566_0024_0043_0036_0036.jpg 1 24 43 36 36
0567_0009_0036_0057_0057.jpg 1 9 36 57 57
0568_0026_0020_0046_0046.jpg 1 26 20 46 46
0569_0059_0061_0028_0028.jpg 1 59 61 28 28
0570_0043_0024_0032_0032.jpg 1 43 24 32 32
0571_0004_0004_0068_0068.jpg 1 4 4 68 68
0572_0034_0050_0025_0025.jpg 1 34 50 25 25
0573_0062_0033_0025_0025.jpg 1 62 33 25 25
0574_0041_0041_0053_0053.jpg 1 41 41 53 53
0575_0024_0052_0032_0032.jpg 1 24 52 32 32
0576_0032_0014_0027_0027.jpg 1 32 14 27 27
0577_0044_0039_0045_0045.jpg 1 44 39 45 45
0578_0010_0054_0032_0032.jpg 1 10 54 32 32
0579_0030_0049_0039_0039.jpg 1 30 49 39 39
0580_0047_0037_0042_0042.jpg 1 47 37 42 42
0581_0018_0046_0042_0042.jpg 1 18 46 42 42
0582_0029_0014_0066_0066.jpg 1 29 14 66 66
0583_0011_0016_0059_0059.jpg 1 11 16 59 59
0584_0047_0064_0028_0028.jpg 1 47 64 28 28
0585_0037_0024_0041_0041.jpg 1 37 24 41 41
0586_0062_0014_0029_0029.jpg 1 62 14 29 29
0587_0034_0019_0060_0060.jpg 1 34 19 60 60
0588_0030_0018_0065_0065.jpg 1 30 18 65 65
0589_0005_0010_0069_0069.jpg 1 5 10 69 69
0590_0010_0033_0030_0030.jpg 1 10 33 30 30
0591_0027_0006_0065_0065.jpg 1 27 6 65 65
0592_0027_0051_0029_0029.jpg 1 27 51 29 29
0593_0014_0020_0050_0050.jpg 1 14 20 50 50
0594_0035_0045_0047_0047.jpg 1 35 45 47 47
0595_0029_0014_0054_0054.jpg 1 29 14 54 54
0596_0009_0007_0027_0027.jpg 1 9 7 27 27
0597_0013_0012_0061_0061.jpg 1 13 12 61 61
0598_0046_0016_0030_0030.jpg 1 46 16 30 30
0599_0012_0036_0048_0048.jpg 1 12 36 48 48
0600_0015_0060_0030_0030.jpg 1 15 60 30 30
0601_0020_0042_0052_0052.jpg 1 20 42 52 52
0602_0013_0031_0057_0057.jpg 1 13 31 57 57
0603_0021_0017_0035_0035.jpg 1 21 17 35 35
0604_0036_0006_0049_0049.jpg 1 36 6 49 49
0605_0014_0022_0050_0050.jpg 1 14 22 50 50
0606_0033_0030_0035_0035.jpg 1 33 30 35 35
0607_0012_0012_0068_0068.jpg 1 12 12 68 68
0608_0016_0024_0045_0045.jpg 1 16 24 45 45
0609_0039_0052_0031_0031.jpg 1 39 52 31 31
0610_0007_0032_0027_0027.jpg 1 7 32 27 27
0611_0034_0011_0050_0050.jpg 1 34 11 50 50
0612_0008_0045_0035_0035.jpg 1 8 45 35 35
0613_0025_0016_0053_0053.jpg 1 25 16 53 53
0614_0005_0017_0057_0057.jpg 1 5 17 57 57
0615_0046_0030_0032_0032.jpg 1 46 30 32 32
0616_0052_0010_0035_0035.jpg 1 52 10 35 35
0617_0024_0015_0056_0056.jpg 1 24 15 56 56
0618_0009_0019_0040_0040.jpg 1 9 19 40 40
0619_0031_0046_0039_0039.jpg 1 31 46 39 39
0620_0045_0047_0025_0025.jpg 1 45 47 25 25
0621_0028_0033_0052_0052.jpg 1 28 33 52 52
0622_0058_0021_0028_0028.jpg 1 58 21 28 28
0623_0027_0030_0065_0065.jpg 1 27 30 65 65
0624_0033_0027_0024_0024.jpg 1 33 27 24 24
0625_0030_0032_0055_0055.jpg 1 30 32 55 55
0626_0014_0017_0068_0068.jpg 1 14 17 68 68
0627_0035_0056_0024_0024.jpg 1 35 56 24 24
0628_0048_0022_0044_0044.jpg 1 48 22 44 44
0629_0017_0036_0033_0033.jpg 1 17 36 33 33
0630_0018_0010_0043_0043.jpg 1 18 10 43 43
0631_0054_0041_0032_0032.jpg 1 54 41 32 32
0632_0015_0023_0068_0068.jpg 1 15 23 68 68
0633_0023_0008_0045_0045.jpg 1 23 8 45 45
0634_0018_0024_0042_0042.jpg 1 18 24 42 42
0635_0022_0025_0067_0067.jpg 1 22 25 67 67
0636_0050_0026_0030_0030.jpg 1 50 26 30 30
0637_0022_0022_0051_0051.jpg 1 22 22 51 51
0638_0012_0018_0031_0031.jpg 1 12 18 31 31
0639_0016_0035_0042_0042.jpg 1 16 35 42 42
0640_0024_0011_0055_0055.jpg 1 24 11 55 55
0641_0027_0016_0063_0063.jpg 1 27 16 63 63
0642_0020_0028_0052_0052.jpg 1 20 28 52 52
0643_0023_0032_0049_0049.jpg 1 23 32 49 49
0644_0058_0019_0033_0033.jpg 1 58 19 33 33
0645_0043_0030_0046_0046.jpg 1 43 30 46 46
0646_0043_0064_0027_0027.jpg 1 43 64 27 27
0647_0019_0058_0030_0030.jpg 1 19 58 30 30
0648_0032_0055_0038_0038.jpg 1 32 55 38 38
0649_0047_0027_0045_0045.jpg 1 47 27 45 45
0650_0026_0029_0063_0063.jpg 1 26 29 63 63
0651_0048_0039_0039_0039.jpg 1 48 39 39 39
0652_0006_0032_0040_0040.jpg 1 6 32 40 40
0653_0014_0008_0039_0039.jpg 1 14 8 39 39
0654_0048_0050_0025_0025.jpg 1 48 50 25 25
0655_0011_0008_0066_0066.jpg 1 11 8 66 66
0656_0037_0035_0057_0057.jpg 1 37 35 57 57
0657_0010_0055_0032_0032.jpg 1 10 55 32 32
0658_0007_0024_0056_0056.jpg 1 7 24 56 56
0659_0022_0033_0062_0062.jpg 1 22 33 62 62
0660_0007_0018_0045_0045.jpg 1 7 18 45 45
0661_0031_0050_0039_0039.jpg 1 31 50 39 39
0662_0014_0016_0064_0064.jpg 1 14 16 64 64
0663_0016_0018_0064_0064.jpg 1 16 18 64 64
0664_0019_0026_0043_0043.jpg 1 19 26 43 43
0665_0029_0038_0053_0053.jpg 1 29 38 53 53
0666_0043_0027_0044_0044.jpg 1 43 27 44 44
0667_0017_0025_0042_0042.jpg 1 17 25 42 42
0668_0021_0019_0037_0037.jpg 1 21 19 37 37
0669_0030_0012_0064_0064.jpg 1 30 12 64 64
0670_0051_0029_0039_0039.jpg 1 51 29 39 39
0671_0052_0020_0027_0027.jpg 1 52 20 27 27
0672_0013_0006_0052_0052.jpg 1 13 6 52 52
0673_0009_0015_0053_0053.jpg 1 9 15 53 53
0674_0033_0050_0028_0028.jpg 1 33 50 28 28
0675_0008_0023_0044_0044.jpg 1 8 23 44 44
0676_0038_0031_0048_0048.jpg 1 38 31 48 48
0677_0050_0058_0034_0034.jpg 1 50 58 34 34
0678_0034_0016_0050_0050.jpg 1 34 16 50 50
0679_0008_0029_0047_0047.jpg 1 8 29 47 47
0680_0036_0014_0054_0054.jpg 1 36 14 54 54
0681_0029_0004_0059_0059.jpg 1 29 4 59 59
0682_0052_0008_0036_0036.jpg 1 52 8 36 36
0683_0043_0040_0044_0044.jpg 1 43 40 44 44
0684_0010_0039_0044_0044.jpg 1 10 39 44 44
0685_0025_0006_0056_0056.jpg 1 25 6 56 56
0686_0027_0020_0069_0069.jpg 1 27 20 69 69
0687_0006_0041_0040_0040.jpg 1 6 41 40 40
0688_0041_0057_0035_0035.jpg 1 41 57 35 35
0689_0029_0038_0042_0042.jpg 1 29 38 42 42
0690_0044_0012_0029_0029.jpg 1 44 12 29 29
0691_0012_0040_0055_0055.jpg 1 12 40 55 55
0692_0032_0064_0025_0025.jpg 1 32 64 25 25
0693_0034_0015_0024_0024.jpg 1 34 15 24 24
0694_0051_0057_0026_0026.jpg 1 51 57 26 26
0695_0029_0042_0052_0052.jpg 1 29 42 52 52
0696_0058_0032_0033_0033.jpg 1 58 32 33 33
0697_0039_0009_0051_0051.jpg 1 39 9 51 51
0698_0006_0030_0054_0054.jpg 1 6 30 54 54
0699_0018_0019_0035_0035.jpg 1 18 19 35 35
0700_0040_0028_0043_0043.jpg 1 40 28 43 43
0701_0032_0030_0062_0062.jpg 1 32 30 62 62
0702_0038_0025_0048_0048.jpg 1 38 25 48 48
0703_0043_0025_0045_0045.jpg 1 43 25 45 45
0704_0024_0011_0064_0064.jpg 1 24 11 64 64
0705_0014_0021_0060_0060.jpg 1 14 21 60 60
0706_0007_0024_0039_0039.jpg 1 7 24 39 39
0707_0012_0030_0055_0055.jpg 1 12 30 55 55
0708_0021_0022_0063_0063.jpg 1 21 22 63 63
0709_0011_0018_0067_0067.jpg 1 11 18 67 67
0710_0008_0022_0063_0063.jpg 1 8 22 63 63
0711_0024_0030_0046_0046.jpg 1 24 30 46 46
0712_0011_0030_0054_0054.jpg 1 11 30 54 54
0713_0020_0014_0058_0058.jpg 1 20 14 58 58
0714_0018_0017_0069_0069.jpg 1 18 17 69 69
0715_0037_0032_0058_0058.jpg 1 37 32 58 58
0716_0007_0041_0053_0053.jpg 1 7 41 53 53
0717_0037_0054_0030_0030.jpg 1 37 54 30 30
0718_0021_0041_0050_0050.jpg 1 21 41 50 50
0719_0023_0019_0067_0067.jpg 1 23 19 67 67
0720_0012_0012_0043_0043.jpg 1 12 12 43 43
0721_0028_0039_0029_0029.jpg 1 28 39 29 29
0722_0044_0054_0036_0036.jpg 1 44 54 36 36
0723_0039_0043_0024_0024.jpg 1 39 43 24 24
0724_0041_0059_0033_0033.jpg 1 41 59 33 33
0725_0052_0008_0028_0028.jpg 1 52 8 28 28
0726_0030_0032_0040_0040.jpg 1 30 32 40 40
0727_0047_0023_0032_0032.jpg 1 47 23 32 32
0728_0029_0017_0067_0067.jpg 1 29 17 67 67
0729_0053_0015_0029_0029.jpg 1 53 15 29 29
0730_0066_0065_0025_0025.jpg 1 66 65 25 25
0731_0024_0018_0036_0036.jpg 1 24 18 36 36
0732_0041_0007_0040_0040.jpg 1 41 7 40 40
0733_0027_0034_0053_0053.jpg 1 27 34 53 53
0734_0011_0029_0032_0032.jpg 1 11 29 32 32
0735_0021_0024_0049_0049.jpg 1 21 24 49 49
0736_0028_0012_0050_0050.jpg 1 28 12 50 50
0737_0018_0017_0049_0049.jpg 1 18 17 49 49
0738_0028_0005_0054_0054.jpg 1 28 5 54 54
0739_0007_0018_0048_0048.jpg 1 7 18 48 48
0740_0019_0020_0062_0062.jpg 1 19 20 62 62
0741_0025_0055_0035_0035.jpg 1 25 55 35 35
0742_0016_0033_0059_0059.jpg 1 16 33 59 59
0743_0010_0026_0058_0058.jpg 1 10 26 58 58
0744_0030_0013_0055_0055.jpg 1 30 13 55 55
0745_0009_0033_0029_0029.jpg 1 9 33 29 29
0746_0007_0028_0041_0041.jpg 1 7 28 41 41
0747_0007_0063_0024_0024.jpg 1 7 63 24 24
0748_0040_0031_0048_0048.jpg 1 40 31 48 48
0749_0052_0034_0026_0026.jpg 1 52 34 26 26
0750_0015_0009_0068_0068.jpg 1 15 9 68 68
0751_0054_0024_0027_0027.jpg 1 54 24 27 27
0752_0025_0018_0042_0042.jpg 1 25 18 42 42
0753_0011_0034_0060_0060.jpg 1 11 34 60 60
0754_0052_0045_0033_0033.jpg 1 52 45 33 33
0755_0030_0065_0027_0027.jpg 1 30 65 27 27
0756_0052_0018_0037_0037.jpg 1 52 18 37 37
0757_0042_0023_0037_0037.jpg 1 42 23 37 37
0758_0030_0035_0041_0041.jpg 1 30 35 41 41
0759_0026_0024_0042_0042.jpg 1 26 24 42 42
0760_0055_0027_0025_0025.jpg 1 55 27 25 25
0761_0029_0038_0047_0047.jpg 1 29 38 47 47
0762_0045_0024_0047_0047.jpg 1 45 24 47 47
0763_0006_0005_0065_0065.jpg 1 6 5 65 65
0764_0031_0022_0064_0064.jpg 1 31 22 64 64
0765_0004_0019_0061_0061.jpg 1 4 19 61 61
0766_0027_0025_0026_0026.jpg 1 27 25 26 26
0767_0018_0029_0066_0066.jpg 1 18 29 66 66
0768_0026_0023_0047_0047.jpg 1 26 23 47 47
0769_0016_0023_0033_0033.jpg 1 16 23 33 33
0770_0031_0014_0064_0064.jpg 1 31 14 64 64
0771_0028_0014_0052_0052.jpg 1 28 14 52 52
0772_0028_0009_0066_0066.jpg 1 28 9 66 66
0773_0012_0042_0033_0033.jpg 1 12 42 33 33
0774_0014_0044_0047_0047.jpg 1 14 44 47 47
0775_0008_0008_0069_0069.jpg 1 8 8 69 69
0776_0010_0028_0054_0054.jpg 1 10 28 54 54
0777_0029_0048_0043_0043.jpg 1 29 48 43 43
0778_0016_0028_0034_0034.jpg 1 16 28 34 34
0779_0009_0033_0058_0058.jpg 1 9 33 58 58
0780_0042_0007_0024_0024.jpg 1 42 7 24 24
0781_0018_0018_0062_0062.jpg 1 18 18 62 62
0782_0025_0035_0048_0048.jpg 1 25 35 48 48
0783_0012_0025_0068_0068.jpg 1 12 25 68 68
0784_0042_0006_0050_0050.jpg 1 42 6 50 50
0785_0024_0019_0056_0056.jpg 1 24 19 56 56
0786_0034_0022_0032_0032.jpg 1 34 22 32 32
0787_0010_0008_0067_0067.jpg 1 10 8 67 67
0788_0007_0049_0045_0045.jpg 1 7 49 45 45
0789_0005_0018_0052_0052.jpg 1 5 18 52 52
0790_0017_0033_0036_0036.jpg 1 17 33 36 36
0791_0038_0031_0055_0055.jpg 1 38 31 55 55
0792_0019_0024_0066_0066.jpg 1 19 24 66 66
0793_0004_0025_0067_0067.jpg 1 4 25 67 67
0794_0019_0032_0056_0056.jpg 1 19 32 56 56
0795_0024_0033_0040_0040.jpg 1 24 33 40 40
0796_0030_0031_0030_0030.jpg 1 30 31 30 30
0797_0008_0039_0029_0029.jpg 1 8 39 29 29
0798_0054_0011_0026_0026.jpg 1 54 11 26 26
0799_0033_0004_0062_0062.jpg 1 33 4 62 62
0800_0022_0014_0069_0069.jpg 1 22 14 69 69
0801_0026_0059_0031_0031.jpg 1 26 59 31 31
0802_0028_0017_0053_0053.jpg 1 28 17 53 53
0803_0040_0034_0041_0041.jpg 1 40 34 41 41
0804_0029_0007_0054_0054.jpg 1 29 7 54 54
0805_0024_0004_0067_0067.jpg 1 24 4 67 67
0806_0019_0005_0045_0045.jpg 1 19 5 45 45
0807_0020_0014_0066_0066.jpg 1 20 14 66 66
0808_0025_0008_0049_0049.jpg 1 25 8 49 49
0809_0042_0031_0038_0038.jpg 1 42 31 38 38
0810_0039_0008_0031_0031.jpg 1 39 8 31 31
0811_0039_0057_0032_0032.jpg 1 39 57 32 32
0812_0041_0021_0049_0049.jpg 1 41 21 49 49
0813_0037_0061_0024_0024.jpg 1 37 61 24 24
0814_0019_0009_0068_0068.jpg 1 19 9 68 68
0815_0019_0014_0068_0068.jpg 1 19 14 68 68
0816_0010_0010_0027_0027.jpg 1 10 10 27 27
0817_0022_0014_0065_0065.jpg 1 22 14 65 65
0818_0023_0034_0052_0052.jpg 1 23 34 52 52
0819_0037_0045_0032_0032.jpg 1 37 45 32 32
0820_0037_0012_0040_0040.jpg 1 37 12 40 40
0821_0039_0016_0042_0042.jpg 1 39 16 42 42
0822_0029_0009_0040_0040.jpg 1 29 9 40 40
0823_0028_0023_0066_0066.jpg 1 28 23 66 66
0824_0015_0020_0065_0065.jpg 1 15 20 65 65
0825_0034_0021_0045_0045.jpg 1 34 21 45 45
0826_0006_0037_0037_0037.jpg 1 6 37 37 37
0827_0019_0015_0058_0058.jpg 1 19 15 58 58
0828_0028_0041_0033_0033.jpg 1 28 41 33 33
0829_0020_0008_0066_0066.jpg 1 20 8 66 66
0830_0033_0042_0045_0045.jpg 1 33 42 45 45
0831_0042_0010_0034_0034.jpg 1 42 10 34 34
0832_0033_0018_0039_0039.jpg 1 33 18 39 39
0833_0043_0007_0031_0031.jpg 1 43 7 31 31
0834_0003_0015_0066_0066.jpg 1 3 15 66 66
0835_0029_0032_0029_0029.jpg 1 29 32 29 29
0836_0011_0042_0030_0030.jpg 1 11 42 30 30
0837_0039_0007_0041_0041.jpg 1 39 7 41 41
0838_0043_0027_0032_0032.jpg 1 43 27 32 32
0839_0021_0026_0051_0051.jpg 1 21 26 51 51
0840_0022_0009_0068_0068.jpg 1 22 9 68 68
0841_0066_0012_0024_0024.jpg 1 66 12 24 24
0842_0017_0045_0028_0028.jpg 1 17 45 28 28
0843_0030_0033_0026_0026.jpg 1 30 33 26 26
0844_0003_0007_0067_0067.jpg 1 3 7 67 67
0845_0043_0020_0042_0042.jpg 1 43 20 42 42
0846_0042_0038_0032_0032.jpg 1 42 38 32 32
0847_0040_0019_0049_0049.jpg 1 40 19 49 49
0848_0014_0049_0045_0045.jpg 1 14 49 45 45
0849_0018_0046_0032_0032.jpg 1 18 46 32 32
0850_0030_0053_0032_0032.jpg 1 30 53 32 32
0851_0051_0013_0026_0026.jpg 1 51 13 26 26
0852_0030_0015_0058_0058.jpg 1 30 15 58 58
0853_0023_0021_0059_0059.jpg 1 23 21 59 59
0854_0037_0019_0049_0049.jpg 1 37 19 49 49
0855_0010_0051_0036_0036.jpg 1 10 51 36 36
0856_0017_0043_0039_0039.jpg 1 17 43 39 39
0857_0042_0032_0034_0034.jpg 1 42 32 34 34
0858_0037_0021_0058_0058.jpg 1 37 21 58 58
0859_0064_0056_0025_0025.jpg 1 64 56 25 25
0860_0013_0005_0054_0054.jpg 1 13 5 54 54
0861_0016_0028_0038_0038.jpg 1 16 28 38 38
0862_0034_0016_0058_0058.jpg 1 34 16 58 58
0863_0031_0031_0051_0051.jpg 1 31 31 51 51
0864_0031_0008_0059_0059.jpg 1 31 8 59 59
0865_0016_0010_0059_0059.jpg 1 16 10 59 59
0866_0018_0054_0036_0036.jpg 1 18 54 36 36
0867_0008_0028_0054_0054.jpg 1 8 28 54 54
0868_0024_0021_0045_0045.jpg 1 24 21 45 45
0869_0026_0007_0060_0060.jpg 1 26 7 60 60
0870_0026_0023_0058_0058.jpg 1 26 23 58 58
0871_0052_0045_0031_0031.jpg 1 52 45 31 31
0872_0049_0053_0029_0029.jpg 1 49 53 29 29
0873_0036_0024_0041_0041.jpg 1 36 24 41 41
0874_0043_0027_0042_0042.jpg 1 43 27 42 42
0875_0046_0013_0043_0043.jpg 1 46 13 43 43
0876_0003_0026_0069_0069.jpg 1 3 26 69 69
0877_0009_0036_0058_0058.jpg 1 9 36 58 58
0878_0038_0043_0028_0028.jpg 1 38 43 28 28
0879_0013_0012_0025_0025.jpg 1 13 12 25 25
0880_0018_0031_0063_0063.jpg 1 18 31 63 63
0881_0008_0013_0064_0064.jpg 1 8 13 64 64
0882_0036_0012_0045_0045.jpg 1 36 12 45 45
0883_0012_0004_0067_0067.jpg 1 12 4 67 67
0884_0024_0021_0045_0045.jpg 1 24 21 45 45
0885_0035_0022_0059_0059.jpg 1 35 22 59 59
0886_0055_0028_0024_0024.jpg 1 55 28 24 24
0887_0021_0006_0064_0064.jpg 1 21 6 64 64
0888_0035_0028_0056_0056.jpg 1 35 28 56 56
0889_0009_0018_0061_0061.jpg 1 9 18 61 61
0890_0042_0019_0050_0050.jpg 1 42 19 50 50
0891_0036_0034_0031_0031.jpg 1 36 34 31 31
0892_0036_0043_0051_0051.jpg 1 36 43 51 51
0893_0041_0006_0052_0052.jpg 1 41 6 52 52
0894_0032_0038_0044_0044.jpg 1 32 38 44 44
0895_0032_0012_0032_0032.jpg 1 32 12 32 32
0896_0029_0043_0051_0051.jpg 1 29 43 51 51
0897_0040_0015_0046_0046.jpg 1 40 15 46 46
0898_0023_0048_0042_0042.jpg 1 23 48 42 42
0899_0012_0011_0064_0064.jpg 1 12 11 64 64
0900_0017_0020_0043_0043.jpg 1 17 20 43 43
0901_0009_0042_0030_0030.jpg 1 9 42 30 30
0902_0009_0012_0068_0068.jpg 1 9 12 68 68
0903_0005_0023_0064_0064.jpg 1 5 23 64 64
0904_0023_0025_0041_0041.jpg 1 23 25 41 41
0905_0006_0017_0049_0049.jpg 1 6 17 49 49
0906_0020_0027_0056_0056.jpg 1 20 27 56 56
0907_0009_0031_0060_0060.jpg 1 9 31 60 60
0908_0037_0019_0058_0058.jpg 1 37 19 58 58
0909_0023_0010_0069_0069.jpg 1 23 10 69 69
0910_0018_0017_0069_0069.jpg 1 18 17 69 69
0911_0032_0033_0032_0032.jpg 1 32 33 32 32
0912_0065_0009_0025_0025.jpg 1 65 9 25 25
0913_0010_0005_0059_0059.jpg 1 10 5 59 59
0914_0030_0029_0057_0057.jpg 1 30 29 57 57
0915_0046_0038_0024_0024.jpg 1 46 38 24 24
0916_0033_0036_0040_0040.jpg 1 33 36 40 40
0917_0012_0055_0030_0030.jpg 1 12 55 30 30
0918_0011_0058_0028_0028.jpg 1 11 58 28 28
0919_0020_0020_0061_0061.jpg 1 20 20 61 61
0920_0007_0027_0041_0041.jpg 1 7 27 41 41
0921_0024_0017_0069_0069.jpg 1 24 17 69 69
0922_0045_0019_0029_0029.jpg 1 45 19 29 29
0923_0024_0019_0063_0063.jpg 1 24 19 63 63
0924_0030_0020_0055_0055.jpg 1 30 20 55 55
0925_0017_0033_0056_0056.jpg 1 17 33 56 56
0926_0051_0039_0038_0038.jpg 1 51 39 38 38
0927_0025_0009_0067_0067.jpg 1 25 9 67 67
0928_0034_0032_0049_0049.jpg 1 34 32 49 49
0929_0016_0005_0067_0067.jpg 1 16 5 67 67
0930_0022_0040_0054_0054.jpg 1 22 40 54 54
0931_0013_0040_0053_0053.jpg 1 13 40 53 53
0932_0022_0024_0067_0067.jpg 1 22 24 67 67
0933_0026_0024_0035_0035.jpg 1 26 24 35 35
0934_0014_0025_0069_0069.jpg 1 14 25 69 69
0935_0026_0048_0044_0044.jpg 1 26 48 44 44
0936_0030_0044_0039_0039.jpg 1 30 44 39 39
0937_0056_0011_0025_0025.jpg 1 56 11 25 25
0938_0015_0014_0063_0063.jpg 1 15 14 63 63
0939_0005_0029_0064_0064.jpg 1 5 29 64 64
0940_0022_0003_0068_0068.jpg 1 22 3 68 68
0941_0031_0019_0057_0057.jpg 1 31 19 57 57
0942_0039_0060_0028_0028.jpg 1 39 60 28 28
0943_0005_0028_0049_0049.jpg 1 5 28 49 49
0944_0007_0016_0051_0051.jpg 1 7 16 51 51
0945_0005_0011_0066_0066.jpg 1 5 11 66 66
0946_0015_0042_0048_0048.jpg 1 15 42 48 48
0947_0011_0012_0065_0065.jpg 1 11 12 65 65
0948_0033_0013_0035_0035.jpg 1 33 13 35 35
0949_0016_0032_0054_0054.jpg 1 16 32 54 54
0950_0026_0061_0026_0026.jpg 1 26 61 26 26
0951_0014_0017_0051_0051.jpg 1 14 17 51 51
0952_0039_0037_0026_0026.jpg 1 39 37 26 26
0953_0005_0022_0045_0045.jpg 1 5 22 45 45
0954_0031_0053_0038_0038.jpg 1 31 53 38 38
0955_0051_0010_0026_0026.jpg 1 51 10 26 26
0956_0029_0015_0030_0030.jpg 1 29 15 30 30
0957_0013_0017_0026_0026.jpg 1 13 17 26 26
0958_0039_0012_0052_0052.jpg 1 39 12 52 52
0959_0032_0037_0026_0026.jpg 1 32 37 26 26
0960_0042_0024_0045_0045.jpg 1 42 24 45 45
0961_0018_0014_0053_0053.jpg 1 18 14 53 53
0962_0016_0048_0035_0035.jpg 1 16 48 35 35
0963_0055_0035_0037_0037.jpg 1 55 35 37 37
0964_0029_0005_0064_0064.jpg 1 29 5 64 64
0965_0031_0045_0042_0042.jpg 1 31 45 42 42
0966_0010_0026_0041_0041.jpg 1 10 26 41 41
0967_0023_0026_0068_0068.jpg 1 23 26 68 68
0968_0027_0011_0028_0028.jpg 1 27 11 28 28
0969_0036_0032_0046_0046.jpg 1 36 32 46 46
0970_0044_0028_0043_0043.jpg 1 44 28 43 43
0971_0032_0008_0029_0029.jpg 1 32 8 29 29
0972_0030_0032_0054_0054.jpg 1 30 32 54 54
0973_0007_0004_0067_0067.jpg 1 7 4 67 67
0974_0034_0024_0055_0055.jpg 1 34 24 55 55
0975_0025_0018_0062_0062.jpg 1 25 18 62 62
0976_0027_0006_0056_0056.jpg 1 27 6 56 56
0977_0056_0036_0032_0032.jpg 1 56 36 32 32
0978_0038_0024_0042_0042.jpg 1 38 24 42 42
0979_0030_0030_0040_0040.jpg 1 30 30 40 40
0980_0025_0004_0058_0058.jpg 1 25 4 58 58
0981_0034_0011_0044_0044.jpg 1 34 11 44 44
0982_0037_0042_0032_0032.jpg 1 37 42 32 32
0983_0018_0028_0039_0039.jpg 1 18 28 39 39
0984_0009_0014_0027_0027.jpg 1 9 14 27 27
0985_0032_0019_0036_0036.jpg 1 32 19 36 36
0986_0043_0023_0037_0037.jpg 1 43 23 37 37
0987_0032_0021_0051_0051.jpg 1 32 21 51 51
0988_0035_0052_0031_0031.jpg 1 35 52 31 31
0989_0040_0031_0050_0050.jpg 1 40 31 50 50
0990_0024_0016_0046_0046.jpg 1 24 16 46 46
0991_0033_0038_0055_0055.jpg 1 33 38 55 55
0992_0037_0014_0043_0043.jpg 1 37 14 43 43
0993_0030_0043_0039_0039.jpg 1 30 43 39 39
0994_0045_0042_0045_0045.jpg 1 45 42 45 45
0995_0023_0008_0057_0057.jpg 1 23 8 57 57
0996_0044_0023_0027_0027.jpg 1 44 23 27 27
0997_0005_0014_0049_0049.jpg 1 5 14 49 49
0998_0004_0003_0063_0063.jpg 1 4 3 63 63
0999_0022_0025_0042_0042.jpg 1 22 25 42 42
1000_0023_0025_0062_0062.jpg 1 23 25 62 62
